{"/home/somto/Andela/We-Connect/server/test/app-spec.js":{"path":"/home/somto/Andela/We-Connect/server/test/app-spec.js","statementMap":{"0":{"start":{"line":3,"column":12},"end":{"line":3,"column":27}},"1":{"start":{"line":5,"column":13},"end":{"line":5,"column":42}},"2":{"start":{"line":7,"column":16},"end":{"line":7,"column":36}},"3":{"start":{"line":9,"column":17},"end":{"line":9,"column":50}},"4":{"start":{"line":11,"column":11},"end":{"line":11,"column":28}},"5":{"start":{"line":13,"column":12},"end":{"line":13,"column":40}},"6":{"start":{"line":15,"column":39},"end":{"line":15,"column":93}},"7":{"start":{"line":18,"column":0},"end":{"line":18,"column":30}},"8":{"start":{"line":23,"column":0},"end":{"line":23,"column":24}},"9":{"start":{"line":24,"column":0},"end":{"line":24,"column":39}},"10":{"start":{"line":26,"column":0},"end":{"line":34,"column":3}},"11":{"start":{"line":27,"column":2},"end":{"line":33,"column":5}},"12":{"start":{"line":28,"column":4},"end":{"line":32,"column":7}},"13":{"start":{"line":29,"column":6},"end":{"line":29,"column":34}},"14":{"start":{"line":30,"column":6},"end":{"line":30,"column":81}},"15":{"start":{"line":31,"column":6},"end":{"line":31,"column":13}},"16":{"start":{"line":36,"column":0},"end":{"line":44,"column":3}},"17":{"start":{"line":37,"column":2},"end":{"line":43,"column":5}},"18":{"start":{"line":38,"column":4},"end":{"line":42,"column":7}},"19":{"start":{"line":39,"column":6},"end":{"line":39,"column":34}},"20":{"start":{"line":40,"column":6},"end":{"line":40,"column":65}},"21":{"start":{"line":41,"column":6},"end":{"line":41,"column":13}}},"fnMap":{"0":{"name":"_interopRequireDefault","decl":{"start":{"line":15,"column":9},"end":{"line":15,"column":31}},"loc":{"start":{"line":15,"column":37},"end":{"line":15,"column":95}},"line":15},"1":{"name":"(anonymous_1)","decl":{"start":{"line":26,"column":20},"end":{"line":26,"column":21}},"loc":{"start":{"line":26,"column":32},"end":{"line":34,"column":1}},"line":26},"2":{"name":"(anonymous_2)","decl":{"start":{"line":27,"column":34},"end":{"line":27,"column":35}},"loc":{"start":{"line":27,"column":50},"end":{"line":33,"column":3}},"line":27},"3":{"name":"(anonymous_3)","decl":{"start":{"line":28,"column":63},"end":{"line":28,"column":64}},"loc":{"start":{"line":28,"column":83},"end":{"line":32,"column":5}},"line":28},"4":{"name":"(anonymous_4)","decl":{"start":{"line":36,"column":22},"end":{"line":36,"column":23}},"loc":{"start":{"line":36,"column":34},"end":{"line":44,"column":1}},"line":36},"5":{"name":"(anonymous_5)","decl":{"start":{"line":37,"column":34},"end":{"line":37,"column":35}},"loc":{"start":{"line":37,"column":50},"end":{"line":43,"column":3}},"line":37},"6":{"name":"(anonymous_6)","decl":{"start":{"line":38,"column":58},"end":{"line":38,"column":59}},"loc":{"start":{"line":38,"column":78},"end":{"line":42,"column":5}},"line":38}},"branchMap":{"0":{"loc":{"start":{"line":15,"column":46},"end":{"line":15,"column":92}},"type":"cond-expr","locations":[{"start":{"line":15,"column":70},"end":{"line":15,"column":73}},{"start":{"line":15,"column":76},"end":{"line":15,"column":92}}],"line":15},"1":{"loc":{"start":{"line":15,"column":46},"end":{"line":15,"column":67}},"type":"binary-expr","locations":[{"start":{"line":15,"column":46},"end":{"line":15,"column":49}},{"start":{"line":15,"column":53},"end":{"line":15,"column":67}}],"line":15}},"s":{"0":1,"1":1,"2":1,"3":1,"4":1,"5":1,"6":3,"7":1,"8":1,"9":1,"10":1,"11":1,"12":1,"13":1,"14":1,"15":1,"16":1,"17":1,"18":1,"19":1,"20":1,"21":1},"f":{"0":3,"1":1,"2":1,"3":1,"4":1,"5":1,"6":1},"b":{"0":[1,2],"1":[3,3]},"_coverageSchema":"d34fc3e6b8297bcde183f5492bcb8fcb36775295","hash":"cc23fd47ec28397a7294532729bea6d49c29cae4","contentHash":"e90c1a36cb93301a64acbda865ef08ba_12.0.2"},"/home/somto/Andela/We-Connect/server/app.js":{"path":"/home/somto/Andela/We-Connect/server/app.js","statementMap":{"0":{"start":{"line":3,"column":0},"end":{"line":5,"column":3}},"1":{"start":{"line":7,"column":15},"end":{"line":7,"column":33}},"2":{"start":{"line":9,"column":16},"end":{"line":9,"column":48}},"3":{"start":{"line":11,"column":14},"end":{"line":11,"column":31}},"4":{"start":{"line":13,"column":15},"end":{"line":13,"column":46}},"5":{"start":{"line":15,"column":18},"end":{"line":15,"column":40}},"6":{"start":{"line":17,"column":19},"end":{"line":17,"column":54}},"7":{"start":{"line":19,"column":13},"end":{"line":19,"column":45}},"8":{"start":{"line":21,"column":14},"end":{"line":21,"column":44}},"9":{"start":{"line":23,"column":39},"end":{"line":23,"column":93}},"10":{"start":{"line":26,"column":10},"end":{"line":26,"column":34}},"11":{"start":{"line":29,"column":0},"end":{"line":29,"column":38}},"12":{"start":{"line":31,"column":0},"end":{"line":31,"column":67}},"13":{"start":{"line":32,"column":0},"end":{"line":32,"column":77}},"14":{"start":{"line":35,"column":0},"end":{"line":35,"column":37}},"15":{"start":{"line":37,"column":0},"end":{"line":37,"column":62}},"16":{"start":{"line":40,"column":0},"end":{"line":40,"column":26}},"17":{"start":{"line":42,"column":0},"end":{"line":46,"column":3}},"18":{"start":{"line":43,"column":2},"end":{"line":45,"column":5}},"19":{"start":{"line":48,"column":0},"end":{"line":48,"column":22}}},"fnMap":{"0":{"name":"_interopRequireDefault","decl":{"start":{"line":23,"column":9},"end":{"line":23,"column":31}},"loc":{"start":{"line":23,"column":37},"end":{"line":23,"column":95}},"line":23},"1":{"name":"(anonymous_1)","decl":{"start":{"line":42,"column":13},"end":{"line":42,"column":14}},"loc":{"start":{"line":42,"column":33},"end":{"line":46,"column":1}},"line":42}},"branchMap":{"0":{"loc":{"start":{"line":23,"column":46},"end":{"line":23,"column":92}},"type":"cond-expr","locations":[{"start":{"line":23,"column":70},"end":{"line":23,"column":73}},{"start":{"line":23,"column":76},"end":{"line":23,"column":92}}],"line":23},"1":{"loc":{"start":{"line":23,"column":46},"end":{"line":23,"column":67}},"type":"binary-expr","locations":[{"start":{"line":23,"column":46},"end":{"line":23,"column":49}},{"start":{"line":23,"column":53},"end":{"line":23,"column":67}}],"line":23}},"s":{"0":1,"1":1,"2":1,"3":1,"4":1,"5":1,"6":1,"7":1,"8":1,"9":4,"10":1,"11":1,"12":1,"13":1,"14":1,"15":1,"16":1,"17":1,"18":1,"19":1},"f":{"0":4,"1":1},"b":{"0":[1,3],"1":[4,4]},"_coverageSchema":"d34fc3e6b8297bcde183f5492bcb8fcb36775295","hash":"3bb5da84752a54789c309767221173136bcbfd78","contentHash":"e02620f28f9f80501633a2c891a9e8d9_12.0.2"},"/home/somto/Andela/We-Connect/server/server/routes/index.js":{"path":"/home/somto/Andela/We-Connect/server/server/routes/index.js","statementMap":{"0":{"start":{"line":3,"column":0},"end":{"line":5,"column":3}},"1":{"start":{"line":7,"column":13},"end":{"line":7,"column":44}},"2":{"start":{"line":9,"column":13},"end":{"line":33,"column":1}},"3":{"start":{"line":10,"column":2},"end":{"line":14,"column":5}},"4":{"start":{"line":11,"column":4},"end":{"line":13,"column":7}},"5":{"start":{"line":16,"column":2},"end":{"line":16,"column":92}},"6":{"start":{"line":17,"column":2},"end":{"line":17,"column":59}},"7":{"start":{"line":18,"column":2},"end":{"line":18,"column":56}},"8":{"start":{"line":19,"column":2},"end":{"line":19,"column":97}},"9":{"start":{"line":20,"column":2},"end":{"line":20,"column":68}},"10":{"start":{"line":21,"column":2},"end":{"line":21,"column":70}},"11":{"start":{"line":23,"column":2},"end":{"line":23,"column":102}},"12":{"start":{"line":24,"column":2},"end":{"line":24,"column":112}},"13":{"start":{"line":25,"column":2},"end":{"line":25,"column":80}},"14":{"start":{"line":26,"column":2},"end":{"line":26,"column":78}},"15":{"start":{"line":27,"column":2},"end":{"line":27,"column":63}},"16":{"start":{"line":29,"column":2},"end":{"line":29,"column":82}},"17":{"start":{"line":30,"column":2},"end":{"line":30,"column":79}},"18":{"start":{"line":31,"column":2},"end":{"line":31,"column":91}},"19":{"start":{"line":32,"column":2},"end":{"line":32,"column":95}},"20":{"start":{"line":35,"column":0},"end":{"line":35,"column":25}}},"fnMap":{"0":{"name":"routes","decl":{"start":{"line":9,"column":22},"end":{"line":9,"column":28}},"loc":{"start":{"line":9,"column":34},"end":{"line":33,"column":1}},"line":9},"1":{"name":"(anonymous_1)","decl":{"start":{"line":10,"column":18},"end":{"line":10,"column":19}},"loc":{"start":{"line":10,"column":38},"end":{"line":14,"column":3}},"line":10}},"branchMap":{},"s":{"0":1,"1":1,"2":1,"3":1,"4":1,"5":1,"6":1,"7":1,"8":1,"9":1,"10":1,"11":1,"12":1,"13":1,"14":1,"15":1,"16":1,"17":1,"18":1,"19":1,"20":1},"f":{"0":1,"1":1},"b":{},"_coverageSchema":"d34fc3e6b8297bcde183f5492bcb8fcb36775295","hash":"138724586b1780816994f3ef256d4cf39fc2de0a","contentHash":"c70d21b14f5c12ccbebbc3c65c6fd196_12.0.2"},"/home/somto/Andela/We-Connect/server/server/controllers/index.js":{"path":"/home/somto/Andela/We-Connect/server/server/controllers/index.js","statementMap":{"0":{"start":{"line":3,"column":0},"end":{"line":5,"column":3}},"1":{"start":{"line":7,"column":13},"end":{"line":7,"column":31}},"2":{"start":{"line":9,"column":0},"end":{"line":14,"column":3}},"3":{"start":{"line":12,"column":4},"end":{"line":12,"column":50}},"4":{"start":{"line":16,"column":18},"end":{"line":16,"column":41}},"5":{"start":{"line":18,"column":0},"end":{"line":23,"column":3}},"6":{"start":{"line":21,"column":4},"end":{"line":21,"column":55}},"7":{"start":{"line":25,"column":15},"end":{"line":25,"column":35}},"8":{"start":{"line":27,"column":0},"end":{"line":32,"column":3}},"9":{"start":{"line":30,"column":4},"end":{"line":30,"column":52}},"10":{"start":{"line":34,"column":39},"end":{"line":34,"column":93}}},"fnMap":{"0":{"name":"get","decl":{"start":{"line":11,"column":16},"end":{"line":11,"column":19}},"loc":{"start":{"line":11,"column":22},"end":{"line":13,"column":3}},"line":11},"1":{"name":"get","decl":{"start":{"line":20,"column":16},"end":{"line":20,"column":19}},"loc":{"start":{"line":20,"column":22},"end":{"line":22,"column":3}},"line":20},"2":{"name":"get","decl":{"start":{"line":29,"column":16},"end":{"line":29,"column":19}},"loc":{"start":{"line":29,"column":22},"end":{"line":31,"column":3}},"line":29},"3":{"name":"_interopRequireDefault","decl":{"start":{"line":34,"column":9},"end":{"line":34,"column":31}},"loc":{"start":{"line":34,"column":37},"end":{"line":34,"column":95}},"line":34}},"branchMap":{"0":{"loc":{"start":{"line":34,"column":46},"end":{"line":34,"column":92}},"type":"cond-expr","locations":[{"start":{"line":34,"column":70},"end":{"line":34,"column":73}},{"start":{"line":34,"column":76},"end":{"line":34,"column":92}}],"line":34},"1":{"loc":{"start":{"line":34,"column":46},"end":{"line":34,"column":67}},"type":"binary-expr","locations":[{"start":{"line":34,"column":46},"end":{"line":34,"column":49}},{"start":{"line":34,"column":53},"end":{"line":34,"column":67}}],"line":34}},"s":{"0":1,"1":1,"2":1,"3":8,"4":1,"5":1,"6":7,"7":1,"8":1,"9":4,"10":19},"f":{"0":8,"1":7,"2":4,"3":19},"b":{"0":[19,0],"1":[19,19]},"_coverageSchema":"d34fc3e6b8297bcde183f5492bcb8fcb36775295","hash":"7531188702938390fb53fb8a66e3f1bd922f86b3","contentHash":"24ac5d46fdda0ac37e722ac588752e34_12.0.2"},"/home/somto/Andela/We-Connect/server/server/controllers/users.js":{"path":"/home/somto/Andela/We-Connect/server/server/controllers/users.js","statementMap":{"0":{"start":{"line":3,"column":0},"end":{"line":5,"column":3}},"1":{"start":{"line":7,"column":14},"end":{"line":7,"column":31}},"2":{"start":{"line":9,"column":15},"end":{"line":9,"column":46}},"3":{"start":{"line":11,"column":18},"end":{"line":11,"column":40}},"4":{"start":{"line":13,"column":19},"end":{"line":13,"column":54}},"5":{"start":{"line":15,"column":14},"end":{"line":15,"column":34}},"6":{"start":{"line":17,"column":15},"end":{"line":17,"column":46}},"7":{"start":{"line":19,"column":39},"end":{"line":19,"column":93}},"8":{"start":{"line":21,"column":11},"end":{"line":21,"column":32}},"9":{"start":{"line":22,"column":15},"end":{"line":22,"column":40}},"10":{"start":{"line":23,"column":13},"end":{"line":25,"column":2}},"11":{"start":{"line":27,"column":20},"end":{"line":27,"column":35}},"12":{"start":{"line":35,"column":17},"end":{"line":39,"column":1}},"13":{"start":{"line":36,"column":2},"end":{"line":38,"column":5}},"14":{"start":{"line":37,"column":4},"end":{"line":37,"column":23}},"15":{"start":{"line":37,"column":13},"end":{"line":37,"column":23}},"16":{"start":{"line":46,"column":17},"end":{"line":50,"column":1}},"17":{"start":{"line":47,"column":2},"end":{"line":49,"column":5}},"18":{"start":{"line":48,"column":4},"end":{"line":48,"column":23}},"19":{"start":{"line":48,"column":13},"end":{"line":48,"column":23}},"20":{"start":{"line":53,"column":26},"end":{"line":55,"column":1}},"21":{"start":{"line":54,"column":2},"end":{"line":54,"column":90}},"22":{"start":{"line":58,"column":26},"end":{"line":60,"column":1}},"23":{"start":{"line":59,"column":2},"end":{"line":59,"column":86}},"24":{"start":{"line":62,"column":22},"end":{"line":250,"column":1}},"25":{"start":{"line":67,"column":19},"end":{"line":67,"column":21}},"26":{"start":{"line":68,"column":4},"end":{"line":84,"column":5}},"27":{"start":{"line":69,"column":21},"end":{"line":69,"column":34}},"28":{"start":{"line":70,"column":23},"end":{"line":70,"column":93}},"29":{"start":{"line":71,"column":6},"end":{"line":83,"column":7}},"30":{"start":{"line":72,"column":8},"end":{"line":79,"column":9}},"31":{"start":{"line":73,"column":10},"end":{"line":73,"column":43}},"32":{"start":{"line":75,"column":10},"end":{"line":75,"column":64}},"33":{"start":{"line":77,"column":10},"end":{"line":77,"column":31}},"34":{"start":{"line":78,"column":10},"end":{"line":78,"column":42}},"35":{"start":{"line":81,"column":8},"end":{"line":81,"column":29}},"36":{"start":{"line":82,"column":8},"end":{"line":82,"column":40}},"37":{"start":{"line":86,"column":4},"end":{"line":91,"column":5}},"38":{"start":{"line":87,"column":6},"end":{"line":89,"column":7}},"39":{"start":{"line":88,"column":8},"end":{"line":88,"column":36}},"40":{"start":{"line":90,"column":6},"end":{"line":90,"column":67}},"41":{"start":{"line":93,"column":4},"end":{"line":115,"column":7}},"42":{"start":{"line":109,"column":6},"end":{"line":109,"column":40}},"43":{"start":{"line":111,"column":6},"end":{"line":113,"column":7}},"44":{"start":{"line":112,"column":8},"end":{"line":112,"column":36}},"45":{"start":{"line":114,"column":6},"end":{"line":114,"column":41}},"46":{"start":{"line":120,"column":4},"end":{"line":127,"column":7}},"47":{"start":{"line":121,"column":6},"end":{"line":123,"column":7}},"48":{"start":{"line":122,"column":8},"end":{"line":122,"column":67}},"49":{"start":{"line":124,"column":6},"end":{"line":124,"column":40}},"50":{"start":{"line":126,"column":6},"end":{"line":126,"column":41}},"51":{"start":{"line":130,"column":4},"end":{"line":139,"column":7}},"52":{"start":{"line":136,"column":6},"end":{"line":136,"column":41}},"53":{"start":{"line":138,"column":6},"end":{"line":138,"column":41}},"54":{"start":{"line":144,"column":19},"end":{"line":144,"column":21}},"55":{"start":{"line":145,"column":4},"end":{"line":162,"column":5}},"56":{"start":{"line":146,"column":21},"end":{"line":146,"column":34}},"57":{"start":{"line":147,"column":23},"end":{"line":147,"column":93}},"58":{"start":{"line":149,"column":6},"end":{"line":161,"column":7}},"59":{"start":{"line":150,"column":8},"end":{"line":157,"column":9}},"60":{"start":{"line":151,"column":10},"end":{"line":151,"column":43}},"61":{"start":{"line":153,"column":10},"end":{"line":153,"column":64}},"62":{"start":{"line":155,"column":10},"end":{"line":155,"column":31}},"63":{"start":{"line":156,"column":10},"end":{"line":156,"column":42}},"64":{"start":{"line":159,"column":8},"end":{"line":159,"column":29}},"65":{"start":{"line":160,"column":8},"end":{"line":160,"column":40}},"66":{"start":{"line":164,"column":4},"end":{"line":211,"column":7}},"67":{"start":{"line":170,"column":6},"end":{"line":176,"column":7}},"68":{"start":{"line":172,"column":8},"end":{"line":174,"column":9}},"69":{"start":{"line":173,"column":10},"end":{"line":173,"column":38}},"70":{"start":{"line":175,"column":8},"end":{"line":175,"column":67}},"71":{"start":{"line":178,"column":26},"end":{"line":178,"column":40}},"72":{"start":{"line":179,"column":6},"end":{"line":208,"column":9}},"73":{"start":{"line":196,"column":8},"end":{"line":200,"column":9}},"74":{"start":{"line":197,"column":10},"end":{"line":199,"column":11}},"75":{"start":{"line":198,"column":12},"end":{"line":198,"column":45}},"76":{"start":{"line":201,"column":8},"end":{"line":201,"column":42}},"77":{"start":{"line":204,"column":8},"end":{"line":206,"column":9}},"78":{"start":{"line":205,"column":10},"end":{"line":205,"column":38}},"79":{"start":{"line":207,"column":8},"end":{"line":207,"column":43}},"80":{"start":{"line":210,"column":6},"end":{"line":210,"column":41}},"81":{"start":{"line":216,"column":4},"end":{"line":231,"column":7}},"82":{"start":{"line":217,"column":6},"end":{"line":219,"column":7}},"83":{"start":{"line":218,"column":8},"end":{"line":218,"column":67}},"84":{"start":{"line":221,"column":6},"end":{"line":228,"column":9}},"85":{"start":{"line":222,"column":8},"end":{"line":224,"column":9}},"86":{"start":{"line":223,"column":10},"end":{"line":223,"column":44}},"87":{"start":{"line":225,"column":8},"end":{"line":225,"column":38}},"88":{"start":{"line":227,"column":8},"end":{"line":227,"column":43}},"89":{"start":{"line":230,"column":6},"end":{"line":230,"column":41}},"90":{"start":{"line":236,"column":4},"end":{"line":248,"column":7}},"91":{"start":{"line":242,"column":6},"end":{"line":244,"column":7}},"92":{"start":{"line":243,"column":8},"end":{"line":243,"column":67}},"93":{"start":{"line":245,"column":6},"end":{"line":245,"column":40}},"94":{"start":{"line":247,"column":6},"end":{"line":247,"column":41}},"95":{"start":{"line":252,"column":0},"end":{"line":252,"column":34}}},"fnMap":{"0":{"name":"_interopRequireDefault","decl":{"start":{"line":19,"column":9},"end":{"line":19,"column":31}},"loc":{"start":{"line":19,"column":37},"end":{"line":19,"column":95}},"line":19},"1":{"name":"renameFile","decl":{"start":{"line":35,"column":26},"end":{"line":35,"column":36}},"loc":{"start":{"line":35,"column":59},"end":{"line":39,"column":1}},"line":35},"2":{"name":"(anonymous_2)","decl":{"start":{"line":36,"column":52},"end":{"line":36,"column":53}},"loc":{"start":{"line":36,"column":67},"end":{"line":38,"column":3}},"line":36},"3":{"name":"deleteFile","decl":{"start":{"line":46,"column":26},"end":{"line":46,"column":36}},"loc":{"start":{"line":46,"column":49},"end":{"line":50,"column":1}},"line":46},"4":{"name":"(anonymous_4)","decl":{"start":{"line":47,"column":42},"end":{"line":47,"column":43}},"loc":{"start":{"line":47,"column":57},"end":{"line":49,"column":3}},"line":47},"5":{"name":"fileTypeHandleError","decl":{"start":{"line":53,"column":35},"end":{"line":53,"column":54}},"loc":{"start":{"line":53,"column":60},"end":{"line":55,"column":1}},"line":53},"6":{"name":"fileSizeHandleError","decl":{"start":{"line":58,"column":35},"end":{"line":58,"column":54}},"loc":{"start":{"line":58,"column":60},"end":{"line":60,"column":1}},"line":58},"7":{"name":"create","decl":{"start":{"line":66,"column":19},"end":{"line":66,"column":25}},"loc":{"start":{"line":66,"column":36},"end":{"line":116,"column":3}},"line":66},"8":{"name":"(anonymous_8)","decl":{"start":{"line":108,"column":12},"end":{"line":108,"column":13}},"loc":{"start":{"line":108,"column":28},"end":{"line":110,"column":5}},"line":108},"9":{"name":"(anonymous_9)","decl":{"start":{"line":110,"column":13},"end":{"line":110,"column":14}},"loc":{"start":{"line":110,"column":30},"end":{"line":115,"column":5}},"line":110},"10":{"name":"check","decl":{"start":{"line":119,"column":18},"end":{"line":119,"column":23}},"loc":{"start":{"line":119,"column":34},"end":{"line":128,"column":3}},"line":119},"11":{"name":"(anonymous_11)","decl":{"start":{"line":120,"column":102},"end":{"line":120,"column":103}},"loc":{"start":{"line":120,"column":118},"end":{"line":125,"column":5}},"line":120},"12":{"name":"(anonymous_12)","decl":{"start":{"line":125,"column":13},"end":{"line":125,"column":14}},"loc":{"start":{"line":125,"column":30},"end":{"line":127,"column":5}},"line":125},"13":{"name":"list","decl":{"start":{"line":129,"column":17},"end":{"line":129,"column":21}},"loc":{"start":{"line":129,"column":32},"end":{"line":140,"column":3}},"line":129},"14":{"name":"(anonymous_14)","decl":{"start":{"line":135,"column":12},"end":{"line":135,"column":13}},"loc":{"start":{"line":135,"column":29},"end":{"line":137,"column":5}},"line":135},"15":{"name":"(anonymous_15)","decl":{"start":{"line":137,"column":13},"end":{"line":137,"column":14}},"loc":{"start":{"line":137,"column":30},"end":{"line":139,"column":5}},"line":137},"16":{"name":"update","decl":{"start":{"line":143,"column":19},"end":{"line":143,"column":25}},"loc":{"start":{"line":143,"column":36},"end":{"line":212,"column":3}},"line":143},"17":{"name":"(anonymous_17)","decl":{"start":{"line":169,"column":12},"end":{"line":169,"column":13}},"loc":{"start":{"line":169,"column":28},"end":{"line":209,"column":5}},"line":169},"18":{"name":"(anonymous_18)","decl":{"start":{"line":194,"column":14},"end":{"line":194,"column":15}},"loc":{"start":{"line":194,"column":30},"end":{"line":202,"column":7}},"line":194},"19":{"name":"(anonymous_19)","decl":{"start":{"line":203,"column":13},"end":{"line":203,"column":14}},"loc":{"start":{"line":203,"column":30},"end":{"line":208,"column":7}},"line":203},"20":{"name":"(anonymous_20)","decl":{"start":{"line":209,"column":13},"end":{"line":209,"column":14}},"loc":{"start":{"line":209,"column":30},"end":{"line":211,"column":5}},"line":209},"21":{"name":"destroy","decl":{"start":{"line":215,"column":20},"end":{"line":215,"column":27}},"loc":{"start":{"line":215,"column":38},"end":{"line":232,"column":3}},"line":215},"22":{"name":"(anonymous_22)","decl":{"start":{"line":216,"column":49},"end":{"line":216,"column":50}},"loc":{"start":{"line":216,"column":65},"end":{"line":229,"column":5}},"line":216},"23":{"name":"(anonymous_23)","decl":{"start":{"line":221,"column":33},"end":{"line":221,"column":34}},"loc":{"start":{"line":221,"column":45},"end":{"line":226,"column":7}},"line":221},"24":{"name":"(anonymous_24)","decl":{"start":{"line":226,"column":15},"end":{"line":226,"column":16}},"loc":{"start":{"line":226,"column":32},"end":{"line":228,"column":7}},"line":226},"25":{"name":"(anonymous_25)","decl":{"start":{"line":229,"column":13},"end":{"line":229,"column":14}},"loc":{"start":{"line":229,"column":30},"end":{"line":231,"column":5}},"line":229},"26":{"name":"retrieve","decl":{"start":{"line":235,"column":21},"end":{"line":235,"column":29}},"loc":{"start":{"line":235,"column":40},"end":{"line":249,"column":3}},"line":235},"27":{"name":"(anonymous_27)","decl":{"start":{"line":241,"column":12},"end":{"line":241,"column":13}},"loc":{"start":{"line":241,"column":28},"end":{"line":246,"column":5}},"line":241},"28":{"name":"(anonymous_28)","decl":{"start":{"line":246,"column":13},"end":{"line":246,"column":14}},"loc":{"start":{"line":246,"column":30},"end":{"line":248,"column":5}},"line":246}},"branchMap":{"0":{"loc":{"start":{"line":19,"column":46},"end":{"line":19,"column":92}},"type":"cond-expr","locations":[{"start":{"line":19,"column":70},"end":{"line":19,"column":73}},{"start":{"line":19,"column":76},"end":{"line":19,"column":92}}],"line":19},"1":{"loc":{"start":{"line":19,"column":46},"end":{"line":19,"column":67}},"type":"binary-expr","locations":[{"start":{"line":19,"column":46},"end":{"line":19,"column":49}},{"start":{"line":19,"column":53},"end":{"line":19,"column":67}}],"line":19},"2":{"loc":{"start":{"line":37,"column":4},"end":{"line":37,"column":23}},"type":"if","locations":[{"start":{"line":37,"column":4},"end":{"line":37,"column":23}},{"start":{"line":37,"column":4},"end":{"line":37,"column":23}}],"line":37},"3":{"loc":{"start":{"line":48,"column":4},"end":{"line":48,"column":23}},"type":"if","locations":[{"start":{"line":48,"column":4},"end":{"line":48,"column":23}},{"start":{"line":48,"column":4},"end":{"line":48,"column":23}}],"line":48},"4":{"loc":{"start":{"line":68,"column":4},"end":{"line":84,"column":5}},"type":"if","locations":[{"start":{"line":68,"column":4},"end":{"line":84,"column":5}},{"start":{"line":68,"column":4},"end":{"line":84,"column":5}}],"line":68},"5":{"loc":{"start":{"line":71,"column":6},"end":{"line":83,"column":7}},"type":"if","locations":[{"start":{"line":71,"column":6},"end":{"line":83,"column":7}},{"start":{"line":71,"column":6},"end":{"line":83,"column":7}}],"line":71},"6":{"loc":{"start":{"line":71,"column":10},"end":{"line":71,"column":81}},"type":"binary-expr","locations":[{"start":{"line":71,"column":10},"end":{"line":71,"column":44}},{"start":{"line":71,"column":48},"end":{"line":71,"column":81}}],"line":71},"7":{"loc":{"start":{"line":72,"column":8},"end":{"line":79,"column":9}},"type":"if","locations":[{"start":{"line":72,"column":8},"end":{"line":79,"column":9}},{"start":{"line":72,"column":8},"end":{"line":79,"column":9}}],"line":72},"8":{"loc":{"start":{"line":86,"column":4},"end":{"line":91,"column":5}},"type":"if","locations":[{"start":{"line":86,"column":4},"end":{"line":91,"column":5}},{"start":{"line":86,"column":4},"end":{"line":91,"column":5}}],"line":86},"9":{"loc":{"start":{"line":86,"column":8},"end":{"line":86,"column":187}},"type":"binary-expr","locations":[{"start":{"line":86,"column":8},"end":{"line":86,"column":23}},{"start":{"line":86,"column":27},"end":{"line":86,"column":46}},{"start":{"line":86,"column":50},"end":{"line":86,"column":68}},{"start":{"line":86,"column":72},"end":{"line":86,"column":90}},{"start":{"line":86,"column":94},"end":{"line":86,"column":112}},{"start":{"line":86,"column":116},"end":{"line":86,"column":131}},{"start":{"line":86,"column":135},"end":{"line":86,"column":151}},{"start":{"line":86,"column":155},"end":{"line":86,"column":168}},{"start":{"line":86,"column":172},"end":{"line":86,"column":187}}],"line":86},"10":{"loc":{"start":{"line":87,"column":6},"end":{"line":89,"column":7}},"type":"if","locations":[{"start":{"line":87,"column":6},"end":{"line":89,"column":7}},{"start":{"line":87,"column":6},"end":{"line":89,"column":7}}],"line":87},"11":{"loc":{"start":{"line":111,"column":6},"end":{"line":113,"column":7}},"type":"if","locations":[{"start":{"line":111,"column":6},"end":{"line":113,"column":7}},{"start":{"line":111,"column":6},"end":{"line":113,"column":7}}],"line":111},"12":{"loc":{"start":{"line":121,"column":6},"end":{"line":123,"column":7}},"type":"if","locations":[{"start":{"line":121,"column":6},"end":{"line":123,"column":7}},{"start":{"line":121,"column":6},"end":{"line":123,"column":7}}],"line":121},"13":{"loc":{"start":{"line":145,"column":4},"end":{"line":162,"column":5}},"type":"if","locations":[{"start":{"line":145,"column":4},"end":{"line":162,"column":5}},{"start":{"line":145,"column":4},"end":{"line":162,"column":5}}],"line":145},"14":{"loc":{"start":{"line":149,"column":6},"end":{"line":161,"column":7}},"type":"if","locations":[{"start":{"line":149,"column":6},"end":{"line":161,"column":7}},{"start":{"line":149,"column":6},"end":{"line":161,"column":7}}],"line":149},"15":{"loc":{"start":{"line":149,"column":10},"end":{"line":149,"column":81}},"type":"binary-expr","locations":[{"start":{"line":149,"column":10},"end":{"line":149,"column":44}},{"start":{"line":149,"column":48},"end":{"line":149,"column":81}}],"line":149},"16":{"loc":{"start":{"line":150,"column":8},"end":{"line":157,"column":9}},"type":"if","locations":[{"start":{"line":150,"column":8},"end":{"line":157,"column":9}},{"start":{"line":150,"column":8},"end":{"line":157,"column":9}}],"line":150},"17":{"loc":{"start":{"line":170,"column":6},"end":{"line":176,"column":7}},"type":"if","locations":[{"start":{"line":170,"column":6},"end":{"line":176,"column":7}},{"start":{"line":170,"column":6},"end":{"line":176,"column":7}}],"line":170},"18":{"loc":{"start":{"line":172,"column":8},"end":{"line":174,"column":9}},"type":"if","locations":[{"start":{"line":172,"column":8},"end":{"line":174,"column":9}},{"start":{"line":172,"column":8},"end":{"line":174,"column":9}}],"line":172},"19":{"loc":{"start":{"line":180,"column":15},"end":{"line":180,"column":43}},"type":"binary-expr","locations":[{"start":{"line":180,"column":15},"end":{"line":180,"column":29}},{"start":{"line":180,"column":33},"end":{"line":180,"column":43}}],"line":180},"20":{"loc":{"start":{"line":181,"column":19},"end":{"line":181,"column":55}},"type":"binary-expr","locations":[{"start":{"line":181,"column":19},"end":{"line":181,"column":37}},{"start":{"line":181,"column":41},"end":{"line":181,"column":55}}],"line":181},"21":{"loc":{"start":{"line":182,"column":18},"end":{"line":182,"column":52}},"type":"binary-expr","locations":[{"start":{"line":182,"column":18},"end":{"line":182,"column":35}},{"start":{"line":182,"column":39},"end":{"line":182,"column":52}}],"line":182},"22":{"loc":{"start":{"line":183,"column":18},"end":{"line":183,"column":52}},"type":"binary-expr","locations":[{"start":{"line":183,"column":18},"end":{"line":183,"column":35}},{"start":{"line":183,"column":39},"end":{"line":183,"column":52}}],"line":183},"23":{"loc":{"start":{"line":184,"column":18},"end":{"line":184,"column":52}},"type":"binary-expr","locations":[{"start":{"line":184,"column":18},"end":{"line":184,"column":35}},{"start":{"line":184,"column":39},"end":{"line":184,"column":52}}],"line":184},"24":{"loc":{"start":{"line":185,"column":15},"end":{"line":185,"column":43}},"type":"binary-expr","locations":[{"start":{"line":185,"column":15},"end":{"line":185,"column":29}},{"start":{"line":185,"column":33},"end":{"line":185,"column":43}}],"line":185},"25":{"loc":{"start":{"line":186,"column":16},"end":{"line":186,"column":46}},"type":"binary-expr","locations":[{"start":{"line":186,"column":16},"end":{"line":186,"column":31}},{"start":{"line":186,"column":35},"end":{"line":186,"column":46}}],"line":186},"26":{"loc":{"start":{"line":187,"column":16},"end":{"line":187,"column":46}},"type":"binary-expr","locations":[{"start":{"line":187,"column":16},"end":{"line":187,"column":31}},{"start":{"line":187,"column":35},"end":{"line":187,"column":46}}],"line":187},"27":{"loc":{"start":{"line":188,"column":14},"end":{"line":188,"column":40}},"type":"binary-expr","locations":[{"start":{"line":188,"column":14},"end":{"line":188,"column":27}},{"start":{"line":188,"column":31},"end":{"line":188,"column":40}}],"line":188},"28":{"loc":{"start":{"line":189,"column":15},"end":{"line":189,"column":43}},"type":"binary-expr","locations":[{"start":{"line":189,"column":15},"end":{"line":189,"column":29}},{"start":{"line":189,"column":33},"end":{"line":189,"column":43}}],"line":189},"29":{"loc":{"start":{"line":190,"column":17},"end":{"line":190,"column":49}},"type":"binary-expr","locations":[{"start":{"line":190,"column":17},"end":{"line":190,"column":33}},{"start":{"line":190,"column":37},"end":{"line":190,"column":49}}],"line":190},"30":{"loc":{"start":{"line":191,"column":13},"end":{"line":191,"column":37}},"type":"binary-expr","locations":[{"start":{"line":191,"column":13},"end":{"line":191,"column":25}},{"start":{"line":191,"column":29},"end":{"line":191,"column":37}}],"line":191},"31":{"loc":{"start":{"line":192,"column":15},"end":{"line":192,"column":43}},"type":"binary-expr","locations":[{"start":{"line":192,"column":15},"end":{"line":192,"column":29}},{"start":{"line":192,"column":33},"end":{"line":192,"column":43}}],"line":192},"32":{"loc":{"start":{"line":193,"column":19},"end":{"line":193,"column":45}},"type":"binary-expr","locations":[{"start":{"line":193,"column":19},"end":{"line":193,"column":27}},{"start":{"line":193,"column":31},"end":{"line":193,"column":45}}],"line":193},"33":{"loc":{"start":{"line":196,"column":8},"end":{"line":200,"column":9}},"type":"if","locations":[{"start":{"line":196,"column":8},"end":{"line":200,"column":9}},{"start":{"line":196,"column":8},"end":{"line":200,"column":9}}],"line":196},"34":{"loc":{"start":{"line":197,"column":10},"end":{"line":199,"column":11}},"type":"if","locations":[{"start":{"line":197,"column":10},"end":{"line":199,"column":11}},{"start":{"line":197,"column":10},"end":{"line":199,"column":11}}],"line":197},"35":{"loc":{"start":{"line":204,"column":8},"end":{"line":206,"column":9}},"type":"if","locations":[{"start":{"line":204,"column":8},"end":{"line":206,"column":9}},{"start":{"line":204,"column":8},"end":{"line":206,"column":9}}],"line":204},"36":{"loc":{"start":{"line":217,"column":6},"end":{"line":219,"column":7}},"type":"if","locations":[{"start":{"line":217,"column":6},"end":{"line":219,"column":7}},{"start":{"line":217,"column":6},"end":{"line":219,"column":7}}],"line":217},"37":{"loc":{"start":{"line":222,"column":8},"end":{"line":224,"column":9}},"type":"if","locations":[{"start":{"line":222,"column":8},"end":{"line":224,"column":9}},{"start":{"line":222,"column":8},"end":{"line":224,"column":9}}],"line":222},"38":{"loc":{"start":{"line":242,"column":6},"end":{"line":244,"column":7}},"type":"if","locations":[{"start":{"line":242,"column":6},"end":{"line":244,"column":7}},{"start":{"line":242,"column":6},"end":{"line":244,"column":7}}],"line":242}},"s":{"0":1,"1":1,"2":1,"3":1,"4":1,"5":1,"6":1,"7":3,"8":1,"9":1,"10":1,"11":1,"12":1,"13":5,"14":5,"15":0,"16":1,"17":8,"18":8,"19":0,"20":1,"21":2,"22":1,"23":2,"24":1,"25":6,"26":6,"27":4,"28":4,"29":4,"30":3,"31":2,"32":2,"33":1,"34":1,"35":1,"36":1,"37":4,"38":1,"39":1,"40":1,"41":3,"42":2,"43":1,"44":0,"45":1,"46":2,"47":2,"48":1,"49":1,"50":0,"51":2,"52":2,"53":0,"54":7,"55":7,"56":5,"57":5,"58":5,"59":4,"60":3,"61":3,"62":1,"63":1,"64":1,"65":1,"66":5,"67":5,"68":1,"69":1,"70":1,"71":4,"72":4,"73":3,"74":2,"75":1,"76":3,"77":1,"78":0,"79":1,"80":0,"81":2,"82":2,"83":1,"84":1,"85":1,"86":1,"87":1,"88":0,"89":0,"90":2,"91":2,"92":1,"93":1,"94":0,"95":1},"f":{"0":3,"1":5,"2":5,"3":8,"4":8,"5":2,"6":2,"7":6,"8":2,"9":1,"10":2,"11":2,"12":0,"13":2,"14":2,"15":0,"16":7,"17":5,"18":3,"19":1,"20":0,"21":2,"22":2,"23":1,"24":0,"25":0,"26":2,"27":2,"28":0},"b":{"0":[1,2],"1":[3,3],"2":[0,5],"3":[0,8],"4":[4,2],"5":[3,1],"6":[4,3],"7":[2,1],"8":[1,3],"9":[4,4,3,3,3,3,3,3,3],"10":[1,0],"11":[0,1],"12":[1,1],"13":[5,2],"14":[4,1],"15":[5,4],"16":[3,1],"17":[1,4],"18":[1,0],"19":[4,1],"20":[4,1],"21":[4,1],"22":[4,1],"23":[4,1],"24":[4,1],"25":[4,1],"26":[4,1],"27":[4,1],"28":[4,1],"29":[4,3],"30":[4,1],"31":[4,1],"32":[4,2],"33":[2,1],"34":[1,1],"35":[0,1],"36":[1,1],"37":[1,0],"38":[1,1]},"_coverageSchema":"d34fc3e6b8297bcde183f5492bcb8fcb36775295","hash":"c99c73c7242168400a5a813e664f9bd91d599814","contentHash":"fedeb27191a37971a33ca0db38be39d0_12.0.2"},"/home/somto/Andela/We-Connect/server/server/models/index.js":{"path":"/home/somto/Andela/We-Connect/server/server/models/index.js","statementMap":{"0":{"start":{"line":3,"column":0},"end":{"line":5,"column":3}},"1":{"start":{"line":6,"column":9},"end":{"line":6,"column":22}},"2":{"start":{"line":7,"column":11},"end":{"line":7,"column":26}},"3":{"start":{"line":8,"column":16},"end":{"line":8,"column":36}},"4":{"start":{"line":9,"column":15},"end":{"line":9,"column":40}},"5":{"start":{"line":10,"column":10},"end":{"line":10,"column":47}},"6":{"start":{"line":11,"column":13},"end":{"line":11,"column":63}},"7":{"start":{"line":12,"column":9},"end":{"line":12,"column":11}},"8":{"start":{"line":14,"column":16},"end":{"line":14,"column":22}},"9":{"start":{"line":15,"column":0},"end":{"line":19,"column":1}},"10":{"start":{"line":16,"column":2},"end":{"line":16,"column":74}},"11":{"start":{"line":18,"column":2},"end":{"line":18,"column":87}},"12":{"start":{"line":21,"column":0},"end":{"line":26,"column":3}},"13":{"start":{"line":22,"column":2},"end":{"line":22,"column":82}},"14":{"start":{"line":24,"column":14},"end":{"line":24,"column":61}},"15":{"start":{"line":25,"column":2},"end":{"line":25,"column":25}},"16":{"start":{"line":28,"column":0},"end":{"line":32,"column":3}},"17":{"start":{"line":29,"column":2},"end":{"line":31,"column":3}},"18":{"start":{"line":30,"column":4},"end":{"line":30,"column":32}},"19":{"start":{"line":34,"column":0},"end":{"line":34,"column":25}},"20":{"start":{"line":35,"column":0},"end":{"line":35,"column":25}},"21":{"start":{"line":37,"column":0},"end":{"line":37,"column":21}}},"fnMap":{"0":{"name":"(anonymous_0)","decl":{"start":{"line":21,"column":33},"end":{"line":21,"column":34}},"loc":{"start":{"line":21,"column":49},"end":{"line":23,"column":1}},"line":21},"1":{"name":"(anonymous_1)","decl":{"start":{"line":23,"column":11},"end":{"line":23,"column":12}},"loc":{"start":{"line":23,"column":27},"end":{"line":26,"column":1}},"line":23},"2":{"name":"(anonymous_2)","decl":{"start":{"line":28,"column":24},"end":{"line":28,"column":25}},"loc":{"start":{"line":28,"column":45},"end":{"line":32,"column":1}},"line":28}},"branchMap":{"0":{"loc":{"start":{"line":10,"column":10},"end":{"line":10,"column":47}},"type":"binary-expr","locations":[{"start":{"line":10,"column":10},"end":{"line":10,"column":30}},{"start":{"line":10,"column":34},"end":{"line":10,"column":47}}],"line":10},"1":{"loc":{"start":{"line":15,"column":0},"end":{"line":19,"column":1}},"type":"if","locations":[{"start":{"line":15,"column":0},"end":{"line":19,"column":1}},{"start":{"line":15,"column":0},"end":{"line":19,"column":1}}],"line":15},"2":{"loc":{"start":{"line":22,"column":9},"end":{"line":22,"column":81}},"type":"binary-expr","locations":[{"start":{"line":22,"column":9},"end":{"line":22,"column":32}},{"start":{"line":22,"column":36},"end":{"line":22,"column":53}},{"start":{"line":22,"column":57},"end":{"line":22,"column":81}}],"line":22},"3":{"loc":{"start":{"line":29,"column":2},"end":{"line":31,"column":3}},"type":"if","locations":[{"start":{"line":29,"column":2},"end":{"line":31,"column":3}},{"start":{"line":29,"column":2},"end":{"line":31,"column":3}}],"line":29}},"s":{"0":1,"1":1,"2":1,"3":1,"4":1,"5":1,"6":1,"7":1,"8":1,"9":1,"10":1,"11":0,"12":1,"13":4,"14":3,"15":3,"16":1,"17":3,"18":3,"19":1,"20":1,"21":1},"f":{"0":4,"1":3,"2":3},"b":{"0":[1,0],"1":[1,0],"2":[4,4,3],"3":[3,0]},"_coverageSchema":"d34fc3e6b8297bcde183f5492bcb8fcb36775295","hash":"6aafcca574abec6d3b549b1a4eebd59cffc9ea27","contentHash":"7f4c7c267557be833a4d1b99ac633e85_12.0.2"},"/home/somto/Andela/We-Connect/server/server/models/business.js":{"path":"/home/somto/Andela/We-Connect/server/server/models/business.js","statementMap":{"0":{"start":{"line":3,"column":0},"end":{"line":5,"column":3}},"1":{"start":{"line":7,"column":0},"end":{"line":65,"column":2}},"2":{"start":{"line":8,"column":17},"end":{"line":53,"column":4}},"3":{"start":{"line":54,"column":2},"end":{"line":63,"column":4}},"4":{"start":{"line":55,"column":4},"end":{"line":58,"column":7}},"5":{"start":{"line":59,"column":4},"end":{"line":62,"column":7}},"6":{"start":{"line":64,"column":2},"end":{"line":64,"column":18}}},"fnMap":{"0":{"name":"(anonymous_0)","decl":{"start":{"line":7,"column":18},"end":{"line":7,"column":19}},"loc":{"start":{"line":7,"column":50},"end":{"line":65,"column":1}},"line":7},"1":{"name":"(anonymous_1)","decl":{"start":{"line":54,"column":23},"end":{"line":54,"column":24}},"loc":{"start":{"line":54,"column":41},"end":{"line":63,"column":3}},"line":54}},"branchMap":{},"s":{"0":1,"1":1,"2":1,"3":1,"4":1,"5":1,"6":1},"f":{"0":1,"1":1},"b":{},"_coverageSchema":"d34fc3e6b8297bcde183f5492bcb8fcb36775295","hash":"6b5465698cbdf8ff58678965effc5d1d529f7c8a","contentHash":"45fea9cc1609c028b9786c6c44495c01_12.0.2"},"/home/somto/Andela/We-Connect/server/server/models/review.js":{"path":"/home/somto/Andela/We-Connect/server/server/models/review.js","statementMap":{"0":{"start":{"line":3,"column":0},"end":{"line":5,"column":3}},"1":{"start":{"line":7,"column":0},"end":{"line":25,"column":2}},"2":{"start":{"line":8,"column":15},"end":{"line":13,"column":4}},"3":{"start":{"line":14,"column":2},"end":{"line":23,"column":4}},"4":{"start":{"line":15,"column":4},"end":{"line":18,"column":7}},"5":{"start":{"line":19,"column":4},"end":{"line":22,"column":7}},"6":{"start":{"line":24,"column":2},"end":{"line":24,"column":16}}},"fnMap":{"0":{"name":"(anonymous_0)","decl":{"start":{"line":7,"column":18},"end":{"line":7,"column":19}},"loc":{"start":{"line":7,"column":50},"end":{"line":25,"column":1}},"line":7},"1":{"name":"(anonymous_1)","decl":{"start":{"line":14,"column":21},"end":{"line":14,"column":22}},"loc":{"start":{"line":14,"column":39},"end":{"line":23,"column":3}},"line":14}},"branchMap":{},"s":{"0":1,"1":1,"2":1,"3":1,"4":1,"5":1,"6":1},"f":{"0":1,"1":1},"b":{},"_coverageSchema":"d34fc3e6b8297bcde183f5492bcb8fcb36775295","hash":"19223fed7ce3a02ab4263c52c7ca5610a0573780","contentHash":"6940df8cd4d7ff98d69e81c1400537b2_12.0.2"},"/home/somto/Andela/We-Connect/server/server/models/user.js":{"path":"/home/somto/Andela/We-Connect/server/server/models/user.js","statementMap":{"0":{"start":{"line":3,"column":0},"end":{"line":5,"column":3}},"1":{"start":{"line":7,"column":0},"end":{"line":78,"column":2}},"2":{"start":{"line":8,"column":13},"end":{"line":65,"column":4}},"3":{"start":{"line":67,"column":2},"end":{"line":76,"column":4}},"4":{"start":{"line":68,"column":4},"end":{"line":71,"column":7}},"5":{"start":{"line":72,"column":4},"end":{"line":75,"column":7}},"6":{"start":{"line":77,"column":2},"end":{"line":77,"column":14}}},"fnMap":{"0":{"name":"(anonymous_0)","decl":{"start":{"line":7,"column":18},"end":{"line":7,"column":19}},"loc":{"start":{"line":7,"column":50},"end":{"line":78,"column":1}},"line":7},"1":{"name":"(anonymous_1)","decl":{"start":{"line":67,"column":19},"end":{"line":67,"column":20}},"loc":{"start":{"line":67,"column":37},"end":{"line":76,"column":3}},"line":67}},"branchMap":{},"s":{"0":1,"1":1,"2":1,"3":1,"4":1,"5":1,"6":1},"f":{"0":1,"1":1},"b":{},"_coverageSchema":"d34fc3e6b8297bcde183f5492bcb8fcb36775295","hash":"e7567f4e9a08f13c0254037228cb9c9010b457e1","contentHash":"187a67a8c24a6476dcad95722a070f14_12.0.2"},"/home/somto/Andela/We-Connect/server/server/controllers/businesses.js":{"path":"/home/somto/Andela/We-Connect/server/server/controllers/businesses.js","statementMap":{"0":{"start":{"line":3,"column":0},"end":{"line":5,"column":3}},"1":{"start":{"line":7,"column":14},"end":{"line":7,"column":31}},"2":{"start":{"line":9,"column":15},"end":{"line":9,"column":46}},"3":{"start":{"line":11,"column":18},"end":{"line":11,"column":40}},"4":{"start":{"line":13,"column":19},"end":{"line":13,"column":54}},"5":{"start":{"line":15,"column":14},"end":{"line":15,"column":34}},"6":{"start":{"line":17,"column":15},"end":{"line":17,"column":46}},"7":{"start":{"line":19,"column":39},"end":{"line":19,"column":93}},"8":{"start":{"line":21,"column":15},"end":{"line":21,"column":40}},"9":{"start":{"line":22,"column":13},"end":{"line":22,"column":36}},"10":{"start":{"line":24,"column":13},"end":{"line":26,"column":2}},"11":{"start":{"line":28,"column":20},"end":{"line":28,"column":35}},"12":{"start":{"line":36,"column":17},"end":{"line":40,"column":1}},"13":{"start":{"line":37,"column":2},"end":{"line":39,"column":5}},"14":{"start":{"line":38,"column":4},"end":{"line":38,"column":23}},"15":{"start":{"line":38,"column":13},"end":{"line":38,"column":23}},"16":{"start":{"line":47,"column":17},"end":{"line":51,"column":1}},"17":{"start":{"line":48,"column":2},"end":{"line":50,"column":5}},"18":{"start":{"line":49,"column":4},"end":{"line":49,"column":23}},"19":{"start":{"line":49,"column":13},"end":{"line":49,"column":23}},"20":{"start":{"line":54,"column":26},"end":{"line":56,"column":1}},"21":{"start":{"line":55,"column":2},"end":{"line":55,"column":90}},"22":{"start":{"line":59,"column":26},"end":{"line":61,"column":1}},"23":{"start":{"line":60,"column":2},"end":{"line":60,"column":86}},"24":{"start":{"line":63,"column":27},"end":{"line":256,"column":1}},"25":{"start":{"line":68,"column":19},"end":{"line":68,"column":21}},"26":{"start":{"line":69,"column":4},"end":{"line":85,"column":5}},"27":{"start":{"line":70,"column":21},"end":{"line":70,"column":34}},"28":{"start":{"line":71,"column":23},"end":{"line":71,"column":98}},"29":{"start":{"line":72,"column":6},"end":{"line":84,"column":7}},"30":{"start":{"line":73,"column":8},"end":{"line":80,"column":9}},"31":{"start":{"line":74,"column":10},"end":{"line":74,"column":43}},"32":{"start":{"line":76,"column":10},"end":{"line":76,"column":64}},"33":{"start":{"line":78,"column":10},"end":{"line":78,"column":31}},"34":{"start":{"line":79,"column":10},"end":{"line":79,"column":42}},"35":{"start":{"line":82,"column":8},"end":{"line":82,"column":29}},"36":{"start":{"line":83,"column":8},"end":{"line":83,"column":40}},"37":{"start":{"line":87,"column":4},"end":{"line":92,"column":5}},"38":{"start":{"line":88,"column":6},"end":{"line":90,"column":7}},"39":{"start":{"line":89,"column":8},"end":{"line":89,"column":36}},"40":{"start":{"line":91,"column":6},"end":{"line":91,"column":68}},"41":{"start":{"line":94,"column":4},"end":{"line":114,"column":7}},"42":{"start":{"line":108,"column":6},"end":{"line":108,"column":44}},"43":{"start":{"line":110,"column":6},"end":{"line":112,"column":7}},"44":{"start":{"line":111,"column":8},"end":{"line":111,"column":36}},"45":{"start":{"line":113,"column":6},"end":{"line":113,"column":41}},"46":{"start":{"line":119,"column":19},"end":{"line":119,"column":21}},"47":{"start":{"line":120,"column":4},"end":{"line":136,"column":5}},"48":{"start":{"line":121,"column":21},"end":{"line":121,"column":34}},"49":{"start":{"line":122,"column":23},"end":{"line":122,"column":98}},"50":{"start":{"line":123,"column":6},"end":{"line":135,"column":7}},"51":{"start":{"line":124,"column":8},"end":{"line":131,"column":9}},"52":{"start":{"line":125,"column":10},"end":{"line":125,"column":43}},"53":{"start":{"line":127,"column":10},"end":{"line":127,"column":64}},"54":{"start":{"line":129,"column":10},"end":{"line":129,"column":31}},"55":{"start":{"line":130,"column":10},"end":{"line":130,"column":42}},"56":{"start":{"line":133,"column":8},"end":{"line":133,"column":29}},"57":{"start":{"line":134,"column":8},"end":{"line":134,"column":40}},"58":{"start":{"line":138,"column":4},"end":{"line":182,"column":7}},"59":{"start":{"line":144,"column":6},"end":{"line":150,"column":7}},"60":{"start":{"line":146,"column":8},"end":{"line":148,"column":9}},"61":{"start":{"line":147,"column":10},"end":{"line":147,"column":38}},"62":{"start":{"line":149,"column":8},"end":{"line":149,"column":71}},"63":{"start":{"line":152,"column":26},"end":{"line":152,"column":47}},"64":{"start":{"line":153,"column":6},"end":{"line":179,"column":9}},"65":{"start":{"line":168,"column":8},"end":{"line":172,"column":9}},"66":{"start":{"line":169,"column":10},"end":{"line":171,"column":11}},"67":{"start":{"line":170,"column":12},"end":{"line":170,"column":45}},"68":{"start":{"line":173,"column":8},"end":{"line":173,"column":46}},"69":{"start":{"line":175,"column":8},"end":{"line":177,"column":9}},"70":{"start":{"line":176,"column":10},"end":{"line":176,"column":38}},"71":{"start":{"line":178,"column":8},"end":{"line":178,"column":43}},"72":{"start":{"line":181,"column":6},"end":{"line":181,"column":41}},"73":{"start":{"line":187,"column":4},"end":{"line":201,"column":7}},"74":{"start":{"line":188,"column":6},"end":{"line":190,"column":7}},"75":{"start":{"line":189,"column":8},"end":{"line":189,"column":71}},"76":{"start":{"line":191,"column":6},"end":{"line":198,"column":9}},"77":{"start":{"line":192,"column":8},"end":{"line":194,"column":9}},"78":{"start":{"line":193,"column":10},"end":{"line":193,"column":51}},"79":{"start":{"line":195,"column":8},"end":{"line":195,"column":38}},"80":{"start":{"line":197,"column":8},"end":{"line":197,"column":43}},"81":{"start":{"line":200,"column":6},"end":{"line":200,"column":41}},"82":{"start":{"line":206,"column":4},"end":{"line":218,"column":7}},"83":{"start":{"line":212,"column":6},"end":{"line":214,"column":7}},"84":{"start":{"line":213,"column":8},"end":{"line":213,"column":71}},"85":{"start":{"line":215,"column":6},"end":{"line":215,"column":44}},"86":{"start":{"line":217,"column":6},"end":{"line":217,"column":41}},"87":{"start":{"line":223,"column":24},"end":{"line":223,"column":30}},"88":{"start":{"line":224,"column":4},"end":{"line":228,"column":5}},"89":{"start":{"line":225,"column":6},"end":{"line":227,"column":9}},"90":{"start":{"line":229,"column":4},"end":{"line":234,"column":5}},"91":{"start":{"line":230,"column":6},"end":{"line":233,"column":9}},"92":{"start":{"line":235,"column":4},"end":{"line":240,"column":5}},"93":{"start":{"line":236,"column":6},"end":{"line":239,"column":9}},"94":{"start":{"line":241,"column":4},"end":{"line":246,"column":5}},"95":{"start":{"line":242,"column":6},"end":{"line":245,"column":9}},"96":{"start":{"line":247,"column":4},"end":{"line":254,"column":7}},"97":{"start":{"line":248,"column":6},"end":{"line":250,"column":7}},"98":{"start":{"line":249,"column":8},"end":{"line":249,"column":73}},"99":{"start":{"line":251,"column":6},"end":{"line":251,"column":44}},"100":{"start":{"line":253,"column":6},"end":{"line":253,"column":41}},"101":{"start":{"line":258,"column":0},"end":{"line":258,"column":39}}},"fnMap":{"0":{"name":"_interopRequireDefault","decl":{"start":{"line":19,"column":9},"end":{"line":19,"column":31}},"loc":{"start":{"line":19,"column":37},"end":{"line":19,"column":95}},"line":19},"1":{"name":"renameFile","decl":{"start":{"line":36,"column":26},"end":{"line":36,"column":36}},"loc":{"start":{"line":36,"column":59},"end":{"line":40,"column":1}},"line":36},"2":{"name":"(anonymous_2)","decl":{"start":{"line":37,"column":52},"end":{"line":37,"column":53}},"loc":{"start":{"line":37,"column":67},"end":{"line":39,"column":3}},"line":37},"3":{"name":"deleteFile","decl":{"start":{"line":47,"column":26},"end":{"line":47,"column":36}},"loc":{"start":{"line":47,"column":49},"end":{"line":51,"column":1}},"line":47},"4":{"name":"(anonymous_4)","decl":{"start":{"line":48,"column":42},"end":{"line":48,"column":43}},"loc":{"start":{"line":48,"column":57},"end":{"line":50,"column":3}},"line":48},"5":{"name":"fileTypeHandleError","decl":{"start":{"line":54,"column":35},"end":{"line":54,"column":54}},"loc":{"start":{"line":54,"column":60},"end":{"line":56,"column":1}},"line":54},"6":{"name":"fileSizeHandleError","decl":{"start":{"line":59,"column":35},"end":{"line":59,"column":54}},"loc":{"start":{"line":59,"column":60},"end":{"line":61,"column":1}},"line":59},"7":{"name":"create","decl":{"start":{"line":67,"column":19},"end":{"line":67,"column":25}},"loc":{"start":{"line":67,"column":36},"end":{"line":115,"column":3}},"line":67},"8":{"name":"(anonymous_8)","decl":{"start":{"line":107,"column":12},"end":{"line":107,"column":13}},"loc":{"start":{"line":107,"column":32},"end":{"line":109,"column":5}},"line":107},"9":{"name":"(anonymous_9)","decl":{"start":{"line":109,"column":13},"end":{"line":109,"column":14}},"loc":{"start":{"line":109,"column":30},"end":{"line":114,"column":5}},"line":109},"10":{"name":"update","decl":{"start":{"line":118,"column":19},"end":{"line":118,"column":25}},"loc":{"start":{"line":118,"column":36},"end":{"line":183,"column":3}},"line":118},"11":{"name":"(anonymous_11)","decl":{"start":{"line":143,"column":12},"end":{"line":143,"column":13}},"loc":{"start":{"line":143,"column":32},"end":{"line":180,"column":5}},"line":143},"12":{"name":"(anonymous_12)","decl":{"start":{"line":166,"column":14},"end":{"line":166,"column":15}},"loc":{"start":{"line":166,"column":34},"end":{"line":174,"column":7}},"line":166},"13":{"name":"(anonymous_13)","decl":{"start":{"line":174,"column":15},"end":{"line":174,"column":16}},"loc":{"start":{"line":174,"column":32},"end":{"line":179,"column":7}},"line":174},"14":{"name":"(anonymous_14)","decl":{"start":{"line":180,"column":13},"end":{"line":180,"column":14}},"loc":{"start":{"line":180,"column":30},"end":{"line":182,"column":5}},"line":180},"15":{"name":"destroy","decl":{"start":{"line":186,"column":20},"end":{"line":186,"column":27}},"loc":{"start":{"line":186,"column":38},"end":{"line":202,"column":3}},"line":186},"16":{"name":"(anonymous_16)","decl":{"start":{"line":187,"column":57},"end":{"line":187,"column":58}},"loc":{"start":{"line":187,"column":77},"end":{"line":199,"column":5}},"line":187},"17":{"name":"(anonymous_17)","decl":{"start":{"line":191,"column":37},"end":{"line":191,"column":38}},"loc":{"start":{"line":191,"column":49},"end":{"line":196,"column":7}},"line":191},"18":{"name":"(anonymous_18)","decl":{"start":{"line":196,"column":15},"end":{"line":196,"column":16}},"loc":{"start":{"line":196,"column":32},"end":{"line":198,"column":7}},"line":196},"19":{"name":"(anonymous_19)","decl":{"start":{"line":199,"column":13},"end":{"line":199,"column":14}},"loc":{"start":{"line":199,"column":30},"end":{"line":201,"column":5}},"line":199},"20":{"name":"retrieve","decl":{"start":{"line":205,"column":21},"end":{"line":205,"column":29}},"loc":{"start":{"line":205,"column":40},"end":{"line":219,"column":3}},"line":205},"21":{"name":"(anonymous_21)","decl":{"start":{"line":211,"column":12},"end":{"line":211,"column":13}},"loc":{"start":{"line":211,"column":32},"end":{"line":216,"column":5}},"line":211},"22":{"name":"(anonymous_22)","decl":{"start":{"line":216,"column":13},"end":{"line":216,"column":14}},"loc":{"start":{"line":216,"column":30},"end":{"line":218,"column":5}},"line":216},"23":{"name":"list","decl":{"start":{"line":222,"column":17},"end":{"line":222,"column":21}},"loc":{"start":{"line":222,"column":32},"end":{"line":255,"column":3}},"line":222},"24":{"name":"(anonymous_24)","decl":{"start":{"line":247,"column":30},"end":{"line":247,"column":31}},"loc":{"start":{"line":247,"column":50},"end":{"line":252,"column":5}},"line":247},"25":{"name":"(anonymous_25)","decl":{"start":{"line":252,"column":13},"end":{"line":252,"column":14}},"loc":{"start":{"line":252,"column":30},"end":{"line":254,"column":5}},"line":252}},"branchMap":{"0":{"loc":{"start":{"line":19,"column":46},"end":{"line":19,"column":92}},"type":"cond-expr","locations":[{"start":{"line":19,"column":70},"end":{"line":19,"column":73}},{"start":{"line":19,"column":76},"end":{"line":19,"column":92}}],"line":19},"1":{"loc":{"start":{"line":19,"column":46},"end":{"line":19,"column":67}},"type":"binary-expr","locations":[{"start":{"line":19,"column":46},"end":{"line":19,"column":49}},{"start":{"line":19,"column":53},"end":{"line":19,"column":67}}],"line":19},"2":{"loc":{"start":{"line":38,"column":4},"end":{"line":38,"column":23}},"type":"if","locations":[{"start":{"line":38,"column":4},"end":{"line":38,"column":23}},{"start":{"line":38,"column":4},"end":{"line":38,"column":23}}],"line":38},"3":{"loc":{"start":{"line":49,"column":4},"end":{"line":49,"column":23}},"type":"if","locations":[{"start":{"line":49,"column":4},"end":{"line":49,"column":23}},{"start":{"line":49,"column":4},"end":{"line":49,"column":23}}],"line":49},"4":{"loc":{"start":{"line":69,"column":4},"end":{"line":85,"column":5}},"type":"if","locations":[{"start":{"line":69,"column":4},"end":{"line":85,"column":5}},{"start":{"line":69,"column":4},"end":{"line":85,"column":5}}],"line":69},"5":{"loc":{"start":{"line":72,"column":6},"end":{"line":84,"column":7}},"type":"if","locations":[{"start":{"line":72,"column":6},"end":{"line":84,"column":7}},{"start":{"line":72,"column":6},"end":{"line":84,"column":7}}],"line":72},"6":{"loc":{"start":{"line":72,"column":10},"end":{"line":72,"column":81}},"type":"binary-expr","locations":[{"start":{"line":72,"column":10},"end":{"line":72,"column":44}},{"start":{"line":72,"column":48},"end":{"line":72,"column":81}}],"line":72},"7":{"loc":{"start":{"line":73,"column":8},"end":{"line":80,"column":9}},"type":"if","locations":[{"start":{"line":73,"column":8},"end":{"line":80,"column":9}},{"start":{"line":73,"column":8},"end":{"line":80,"column":9}}],"line":73},"8":{"loc":{"start":{"line":87,"column":4},"end":{"line":92,"column":5}},"type":"if","locations":[{"start":{"line":87,"column":4},"end":{"line":92,"column":5}},{"start":{"line":87,"column":4},"end":{"line":92,"column":5}}],"line":87},"9":{"loc":{"start":{"line":87,"column":8},"end":{"line":87,"column":135}},"type":"binary-expr","locations":[{"start":{"line":87,"column":8},"end":{"line":87,"column":30}},{"start":{"line":87,"column":34},"end":{"line":87,"column":50}},{"start":{"line":87,"column":54},"end":{"line":87,"column":75}},{"start":{"line":87,"column":79},"end":{"line":87,"column":94}},{"start":{"line":87,"column":98},"end":{"line":87,"column":113}},{"start":{"line":87,"column":117},"end":{"line":87,"column":135}}],"line":87},"10":{"loc":{"start":{"line":88,"column":6},"end":{"line":90,"column":7}},"type":"if","locations":[{"start":{"line":88,"column":6},"end":{"line":90,"column":7}},{"start":{"line":88,"column":6},"end":{"line":90,"column":7}}],"line":88},"11":{"loc":{"start":{"line":110,"column":6},"end":{"line":112,"column":7}},"type":"if","locations":[{"start":{"line":110,"column":6},"end":{"line":112,"column":7}},{"start":{"line":110,"column":6},"end":{"line":112,"column":7}}],"line":110},"12":{"loc":{"start":{"line":120,"column":4},"end":{"line":136,"column":5}},"type":"if","locations":[{"start":{"line":120,"column":4},"end":{"line":136,"column":5}},{"start":{"line":120,"column":4},"end":{"line":136,"column":5}}],"line":120},"13":{"loc":{"start":{"line":123,"column":6},"end":{"line":135,"column":7}},"type":"if","locations":[{"start":{"line":123,"column":6},"end":{"line":135,"column":7}},{"start":{"line":123,"column":6},"end":{"line":135,"column":7}}],"line":123},"14":{"loc":{"start":{"line":123,"column":10},"end":{"line":123,"column":81}},"type":"binary-expr","locations":[{"start":{"line":123,"column":10},"end":{"line":123,"column":44}},{"start":{"line":123,"column":48},"end":{"line":123,"column":81}}],"line":123},"15":{"loc":{"start":{"line":124,"column":8},"end":{"line":131,"column":9}},"type":"if","locations":[{"start":{"line":124,"column":8},"end":{"line":131,"column":9}},{"start":{"line":124,"column":8},"end":{"line":131,"column":9}}],"line":124},"16":{"loc":{"start":{"line":144,"column":6},"end":{"line":150,"column":7}},"type":"if","locations":[{"start":{"line":144,"column":6},"end":{"line":150,"column":7}},{"start":{"line":144,"column":6},"end":{"line":150,"column":7}}],"line":144},"17":{"loc":{"start":{"line":146,"column":8},"end":{"line":148,"column":9}},"type":"if","locations":[{"start":{"line":146,"column":8},"end":{"line":148,"column":9}},{"start":{"line":146,"column":8},"end":{"line":148,"column":9}}],"line":146},"18":{"loc":{"start":{"line":154,"column":22},"end":{"line":154,"column":68}},"type":"binary-expr","locations":[{"start":{"line":154,"column":22},"end":{"line":154,"column":43}},{"start":{"line":154,"column":47},"end":{"line":154,"column":68}}],"line":154},"19":{"loc":{"start":{"line":155,"column":21},"end":{"line":155,"column":65}},"type":"binary-expr","locations":[{"start":{"line":155,"column":21},"end":{"line":155,"column":41}},{"start":{"line":155,"column":45},"end":{"line":155,"column":65}}],"line":155},"20":{"loc":{"start":{"line":156,"column":16},"end":{"line":156,"column":50}},"type":"binary-expr","locations":[{"start":{"line":156,"column":16},"end":{"line":156,"column":31}},{"start":{"line":156,"column":35},"end":{"line":156,"column":50}}],"line":156},"21":{"loc":{"start":{"line":157,"column":14},"end":{"line":157,"column":44}},"type":"binary-expr","locations":[{"start":{"line":157,"column":14},"end":{"line":157,"column":27}},{"start":{"line":157,"column":31},"end":{"line":157,"column":44}}],"line":157},"22":{"loc":{"start":{"line":158,"column":15},"end":{"line":158,"column":47}},"type":"binary-expr","locations":[{"start":{"line":158,"column":15},"end":{"line":158,"column":29}},{"start":{"line":158,"column":33},"end":{"line":158,"column":47}}],"line":158},"23":{"loc":{"start":{"line":159,"column":17},"end":{"line":159,"column":53}},"type":"binary-expr","locations":[{"start":{"line":159,"column":17},"end":{"line":159,"column":33}},{"start":{"line":159,"column":37},"end":{"line":159,"column":53}}],"line":159},"24":{"loc":{"start":{"line":160,"column":19},"end":{"line":160,"column":59}},"type":"binary-expr","locations":[{"start":{"line":160,"column":19},"end":{"line":160,"column":37}},{"start":{"line":160,"column":41},"end":{"line":160,"column":59}}],"line":160},"25":{"loc":{"start":{"line":161,"column":15},"end":{"line":161,"column":47}},"type":"binary-expr","locations":[{"start":{"line":161,"column":15},"end":{"line":161,"column":29}},{"start":{"line":161,"column":33},"end":{"line":161,"column":47}}],"line":161},"26":{"loc":{"start":{"line":162,"column":15},"end":{"line":162,"column":47}},"type":"binary-expr","locations":[{"start":{"line":162,"column":15},"end":{"line":162,"column":29}},{"start":{"line":162,"column":33},"end":{"line":162,"column":47}}],"line":162},"27":{"loc":{"start":{"line":163,"column":18},"end":{"line":163,"column":56}},"type":"binary-expr","locations":[{"start":{"line":163,"column":18},"end":{"line":163,"column":35}},{"start":{"line":163,"column":39},"end":{"line":163,"column":56}}],"line":163},"28":{"loc":{"start":{"line":164,"column":22},"end":{"line":164,"column":55}},"type":"binary-expr","locations":[{"start":{"line":164,"column":22},"end":{"line":164,"column":30}},{"start":{"line":164,"column":34},"end":{"line":164,"column":55}}],"line":164},"29":{"loc":{"start":{"line":165,"column":16},"end":{"line":165,"column":50}},"type":"binary-expr","locations":[{"start":{"line":165,"column":16},"end":{"line":165,"column":31}},{"start":{"line":165,"column":35},"end":{"line":165,"column":50}}],"line":165},"30":{"loc":{"start":{"line":168,"column":8},"end":{"line":172,"column":9}},"type":"if","locations":[{"start":{"line":168,"column":8},"end":{"line":172,"column":9}},{"start":{"line":168,"column":8},"end":{"line":172,"column":9}}],"line":168},"31":{"loc":{"start":{"line":169,"column":10},"end":{"line":171,"column":11}},"type":"if","locations":[{"start":{"line":169,"column":10},"end":{"line":171,"column":11}},{"start":{"line":169,"column":10},"end":{"line":171,"column":11}}],"line":169},"32":{"loc":{"start":{"line":175,"column":8},"end":{"line":177,"column":9}},"type":"if","locations":[{"start":{"line":175,"column":8},"end":{"line":177,"column":9}},{"start":{"line":175,"column":8},"end":{"line":177,"column":9}}],"line":175},"33":{"loc":{"start":{"line":188,"column":6},"end":{"line":190,"column":7}},"type":"if","locations":[{"start":{"line":188,"column":6},"end":{"line":190,"column":7}},{"start":{"line":188,"column":6},"end":{"line":190,"column":7}}],"line":188},"34":{"loc":{"start":{"line":192,"column":8},"end":{"line":194,"column":9}},"type":"if","locations":[{"start":{"line":192,"column":8},"end":{"line":194,"column":9}},{"start":{"line":192,"column":8},"end":{"line":194,"column":9}}],"line":192},"35":{"loc":{"start":{"line":212,"column":6},"end":{"line":214,"column":7}},"type":"if","locations":[{"start":{"line":212,"column":6},"end":{"line":214,"column":7}},{"start":{"line":212,"column":6},"end":{"line":214,"column":7}}],"line":212},"36":{"loc":{"start":{"line":224,"column":4},"end":{"line":228,"column":5}},"type":"if","locations":[{"start":{"line":224,"column":4},"end":{"line":228,"column":5}},{"start":{"line":224,"column":4},"end":{"line":228,"column":5}}],"line":224},"37":{"loc":{"start":{"line":224,"column":8},"end":{"line":224,"column":50}},"type":"binary-expr","locations":[{"start":{"line":224,"column":8},"end":{"line":224,"column":27}},{"start":{"line":224,"column":31},"end":{"line":224,"column":50}}],"line":224},"38":{"loc":{"start":{"line":229,"column":4},"end":{"line":234,"column":5}},"type":"if","locations":[{"start":{"line":229,"column":4},"end":{"line":234,"column":5}},{"start":{"line":229,"column":4},"end":{"line":234,"column":5}}],"line":229},"39":{"loc":{"start":{"line":229,"column":8},"end":{"line":229,"column":49}},"type":"binary-expr","locations":[{"start":{"line":229,"column":8},"end":{"line":229,"column":26}},{"start":{"line":229,"column":30},"end":{"line":229,"column":49}}],"line":229},"40":{"loc":{"start":{"line":235,"column":4},"end":{"line":240,"column":5}},"type":"if","locations":[{"start":{"line":235,"column":4},"end":{"line":240,"column":5}},{"start":{"line":235,"column":4},"end":{"line":240,"column":5}}],"line":235},"41":{"loc":{"start":{"line":235,"column":8},"end":{"line":235,"column":49}},"type":"binary-expr","locations":[{"start":{"line":235,"column":8},"end":{"line":235,"column":27}},{"start":{"line":235,"column":31},"end":{"line":235,"column":49}}],"line":235},"42":{"loc":{"start":{"line":241,"column":4},"end":{"line":246,"column":5}},"type":"if","locations":[{"start":{"line":241,"column":4},"end":{"line":246,"column":5}},{"start":{"line":241,"column":4},"end":{"line":246,"column":5}}],"line":241},"43":{"loc":{"start":{"line":241,"column":8},"end":{"line":241,"column":48}},"type":"binary-expr","locations":[{"start":{"line":241,"column":8},"end":{"line":241,"column":26}},{"start":{"line":241,"column":30},"end":{"line":241,"column":48}}],"line":241},"44":{"loc":{"start":{"line":248,"column":6},"end":{"line":250,"column":7}},"type":"if","locations":[{"start":{"line":248,"column":6},"end":{"line":250,"column":7}},{"start":{"line":248,"column":6},"end":{"line":250,"column":7}}],"line":248}},"s":{"0":1,"1":1,"2":1,"3":1,"4":1,"5":1,"6":1,"7":3,"8":1,"9":1,"10":1,"11":1,"12":1,"13":5,"14":5,"15":0,"16":1,"17":8,"18":8,"19":0,"20":1,"21":2,"22":1,"23":2,"24":1,"25":7,"26":7,"27":4,"28":4,"29":4,"30":3,"31":2,"32":2,"33":1,"34":1,"35":1,"36":1,"37":5,"38":1,"39":1,"40":1,"41":4,"42":2,"43":2,"44":0,"45":2,"46":8,"47":8,"48":5,"49":5,"50":5,"51":4,"52":3,"53":3,"54":1,"55":1,"56":1,"57":1,"58":6,"59":6,"60":1,"61":1,"62":1,"63":5,"64":5,"65":3,"66":2,"67":1,"68":3,"69":2,"70":0,"71":2,"72":0,"73":2,"74":2,"75":1,"76":1,"77":1,"78":1,"79":1,"80":0,"81":0,"82":2,"83":2,"84":1,"85":1,"86":0,"87":8,"88":8,"89":2,"90":8,"91":2,"92":8,"93":2,"94":8,"95":2,"96":8,"97":8,"98":4,"99":4,"100":0,"101":1},"f":{"0":3,"1":5,"2":5,"3":8,"4":8,"5":2,"6":2,"7":7,"8":2,"9":2,"10":8,"11":6,"12":3,"13":2,"14":0,"15":2,"16":2,"17":1,"18":0,"19":0,"20":2,"21":2,"22":0,"23":8,"24":8,"25":0},"b":{"0":[1,2],"1":[3,3],"2":[0,5],"3":[0,8],"4":[4,3],"5":[3,1],"6":[4,3],"7":[2,1],"8":[1,4],"9":[5,4,4,4,4,4],"10":[1,0],"11":[0,2],"12":[5,3],"13":[4,1],"14":[5,4],"15":[3,1],"16":[1,5],"17":[1,0],"18":[5,1],"19":[5,1],"20":[5,1],"21":[5,1],"22":[5,1],"23":[5,1],"24":[5,1],"25":[5,1],"26":[5,1],"27":[5,1],"28":[5,3],"29":[5,1],"30":[2,1],"31":[1,1],"32":[0,2],"33":[1,1],"34":[1,0],"35":[1,1],"36":[2,6],"37":[8,4],"38":[2,6],"39":[8,4],"40":[2,6],"41":[8,4],"42":[2,6],"43":[8,4],"44":[4,4]},"_coverageSchema":"d34fc3e6b8297bcde183f5492bcb8fcb36775295","hash":"bbd8dc7222e513b86aacda489d3468e89ee2ec65","contentHash":"d9ba41eae214ad40ec7396fa003debbc_12.0.2"},"/home/somto/Andela/We-Connect/server/server/controllers/reviews.js":{"path":"/home/somto/Andela/We-Connect/server/server/controllers/reviews.js","statementMap":{"0":{"start":{"line":3,"column":0},"end":{"line":5,"column":3}},"1":{"start":{"line":7,"column":14},"end":{"line":7,"column":34}},"2":{"start":{"line":9,"column":15},"end":{"line":9,"column":46}},"3":{"start":{"line":11,"column":39},"end":{"line":11,"column":93}},"4":{"start":{"line":13,"column":13},"end":{"line":13,"column":36}},"5":{"start":{"line":15,"column":24},"end":{"line":77,"column":1}},"6":{"start":{"line":18,"column":4},"end":{"line":20,"column":5}},"7":{"start":{"line":19,"column":6},"end":{"line":19,"column":67}},"8":{"start":{"line":22,"column":4},"end":{"line":30,"column":7}},"9":{"start":{"line":27,"column":6},"end":{"line":27,"column":42}},"10":{"start":{"line":29,"column":6},"end":{"line":29,"column":41}},"11":{"start":{"line":33,"column":4},"end":{"line":37,"column":7}},"12":{"start":{"line":34,"column":6},"end":{"line":34,"column":43}},"13":{"start":{"line":36,"column":6},"end":{"line":36,"column":41}},"14":{"start":{"line":40,"column":4},"end":{"line":61,"column":7}},"15":{"start":{"line":41,"column":6},"end":{"line":43,"column":7}},"16":{"start":{"line":42,"column":8},"end":{"line":42,"column":69}},"17":{"start":{"line":44,"column":6},"end":{"line":46,"column":7}},"18":{"start":{"line":45,"column":8},"end":{"line":45,"column":76}},"19":{"start":{"line":47,"column":6},"end":{"line":49,"column":7}},"20":{"start":{"line":48,"column":8},"end":{"line":48,"column":80}},"21":{"start":{"line":50,"column":6},"end":{"line":58,"column":9}},"22":{"start":{"line":55,"column":8},"end":{"line":55,"column":44}},"23":{"start":{"line":57,"column":8},"end":{"line":57,"column":43}},"24":{"start":{"line":60,"column":6},"end":{"line":60,"column":41}},"25":{"start":{"line":64,"column":4},"end":{"line":75,"column":7}},"26":{"start":{"line":65,"column":6},"end":{"line":67,"column":7}},"27":{"start":{"line":66,"column":8},"end":{"line":66,"column":69}},"28":{"start":{"line":68,"column":6},"end":{"line":72,"column":9}},"29":{"start":{"line":69,"column":8},"end":{"line":69,"column":38}},"30":{"start":{"line":71,"column":8},"end":{"line":71,"column":43}},"31":{"start":{"line":74,"column":6},"end":{"line":74,"column":41}},"32":{"start":{"line":79,"column":0},"end":{"line":79,"column":36}}},"fnMap":{"0":{"name":"_interopRequireDefault","decl":{"start":{"line":11,"column":9},"end":{"line":11,"column":31}},"loc":{"start":{"line":11,"column":37},"end":{"line":11,"column":95}},"line":11},"1":{"name":"create","decl":{"start":{"line":16,"column":19},"end":{"line":16,"column":25}},"loc":{"start":{"line":16,"column":36},"end":{"line":31,"column":3}},"line":16},"2":{"name":"(anonymous_2)","decl":{"start":{"line":26,"column":12},"end":{"line":26,"column":13}},"loc":{"start":{"line":26,"column":30},"end":{"line":28,"column":5}},"line":26},"3":{"name":"(anonymous_3)","decl":{"start":{"line":28,"column":13},"end":{"line":28,"column":14}},"loc":{"start":{"line":28,"column":30},"end":{"line":30,"column":5}},"line":28},"4":{"name":"list","decl":{"start":{"line":32,"column":17},"end":{"line":32,"column":21}},"loc":{"start":{"line":32,"column":32},"end":{"line":38,"column":3}},"line":32},"5":{"name":"(anonymous_5)","decl":{"start":{"line":33,"column":81},"end":{"line":33,"column":82}},"loc":{"start":{"line":33,"column":100},"end":{"line":35,"column":5}},"line":33},"6":{"name":"(anonymous_6)","decl":{"start":{"line":35,"column":13},"end":{"line":35,"column":14}},"loc":{"start":{"line":35,"column":30},"end":{"line":37,"column":5}},"line":35},"7":{"name":"update","decl":{"start":{"line":39,"column":19},"end":{"line":39,"column":25}},"loc":{"start":{"line":39,"column":36},"end":{"line":62,"column":3}},"line":39},"8":{"name":"(anonymous_8)","decl":{"start":{"line":40,"column":53},"end":{"line":40,"column":54}},"loc":{"start":{"line":40,"column":71},"end":{"line":59,"column":5}},"line":40},"9":{"name":"(anonymous_9)","decl":{"start":{"line":54,"column":14},"end":{"line":54,"column":15}},"loc":{"start":{"line":54,"column":32},"end":{"line":56,"column":7}},"line":54},"10":{"name":"(anonymous_10)","decl":{"start":{"line":56,"column":15},"end":{"line":56,"column":16}},"loc":{"start":{"line":56,"column":32},"end":{"line":58,"column":7}},"line":56},"11":{"name":"(anonymous_11)","decl":{"start":{"line":59,"column":13},"end":{"line":59,"column":14}},"loc":{"start":{"line":59,"column":30},"end":{"line":61,"column":5}},"line":59},"12":{"name":"destroy","decl":{"start":{"line":63,"column":20},"end":{"line":63,"column":27}},"loc":{"start":{"line":63,"column":38},"end":{"line":76,"column":3}},"line":63},"13":{"name":"(anonymous_13)","decl":{"start":{"line":64,"column":53},"end":{"line":64,"column":54}},"loc":{"start":{"line":64,"column":71},"end":{"line":73,"column":5}},"line":64},"14":{"name":"(anonymous_14)","decl":{"start":{"line":68,"column":35},"end":{"line":68,"column":36}},"loc":{"start":{"line":68,"column":47},"end":{"line":70,"column":7}},"line":68},"15":{"name":"(anonymous_15)","decl":{"start":{"line":70,"column":15},"end":{"line":70,"column":16}},"loc":{"start":{"line":70,"column":32},"end":{"line":72,"column":7}},"line":70},"16":{"name":"(anonymous_16)","decl":{"start":{"line":73,"column":13},"end":{"line":73,"column":14}},"loc":{"start":{"line":73,"column":30},"end":{"line":75,"column":5}},"line":73}},"branchMap":{"0":{"loc":{"start":{"line":11,"column":46},"end":{"line":11,"column":92}},"type":"cond-expr","locations":[{"start":{"line":11,"column":70},"end":{"line":11,"column":73}},{"start":{"line":11,"column":76},"end":{"line":11,"column":92}}],"line":11},"1":{"loc":{"start":{"line":11,"column":46},"end":{"line":11,"column":67}},"type":"binary-expr","locations":[{"start":{"line":11,"column":46},"end":{"line":11,"column":49}},{"start":{"line":11,"column":53},"end":{"line":11,"column":67}}],"line":11},"2":{"loc":{"start":{"line":18,"column":4},"end":{"line":20,"column":5}},"type":"if","locations":[{"start":{"line":18,"column":4},"end":{"line":20,"column":5}},{"start":{"line":18,"column":4},"end":{"line":20,"column":5}}],"line":18},"3":{"loc":{"start":{"line":18,"column":8},"end":{"line":18,"column":70}},"type":"binary-expr","locations":[{"start":{"line":18,"column":8},"end":{"line":18,"column":26}},{"start":{"line":18,"column":30},"end":{"line":18,"column":46}},{"start":{"line":18,"column":50},"end":{"line":18,"column":70}}],"line":18},"4":{"loc":{"start":{"line":41,"column":6},"end":{"line":43,"column":7}},"type":"if","locations":[{"start":{"line":41,"column":6},"end":{"line":43,"column":7}},{"start":{"line":41,"column":6},"end":{"line":43,"column":7}}],"line":41},"5":{"loc":{"start":{"line":44,"column":6},"end":{"line":46,"column":7}},"type":"if","locations":[{"start":{"line":44,"column":6},"end":{"line":46,"column":7}},{"start":{"line":44,"column":6},"end":{"line":46,"column":7}}],"line":44},"6":{"loc":{"start":{"line":47,"column":6},"end":{"line":49,"column":7}},"type":"if","locations":[{"start":{"line":47,"column":6},"end":{"line":49,"column":7}},{"start":{"line":47,"column":6},"end":{"line":49,"column":7}}],"line":47},"7":{"loc":{"start":{"line":51,"column":18},"end":{"line":51,"column":54}},"type":"binary-expr","locations":[{"start":{"line":51,"column":18},"end":{"line":51,"column":35}},{"start":{"line":51,"column":39},"end":{"line":51,"column":54}}],"line":51},"8":{"loc":{"start":{"line":52,"column":16},"end":{"line":52,"column":48}},"type":"binary-expr","locations":[{"start":{"line":52,"column":16},"end":{"line":52,"column":31}},{"start":{"line":52,"column":35},"end":{"line":52,"column":48}}],"line":52},"9":{"loc":{"start":{"line":65,"column":6},"end":{"line":67,"column":7}},"type":"if","locations":[{"start":{"line":65,"column":6},"end":{"line":67,"column":7}},{"start":{"line":65,"column":6},"end":{"line":67,"column":7}}],"line":65}},"s":{"0":1,"1":1,"2":1,"3":1,"4":1,"5":1,"6":2,"7":1,"8":1,"9":1,"10":0,"11":3,"12":3,"13":0,"14":4,"15":4,"16":1,"17":3,"18":1,"19":2,"20":1,"21":1,"22":1,"23":0,"24":0,"25":2,"26":2,"27":1,"28":1,"29":1,"30":0,"31":0,"32":1},"f":{"0":1,"1":2,"2":1,"3":0,"4":3,"5":3,"6":0,"7":4,"8":4,"9":1,"10":0,"11":0,"12":2,"13":2,"14":1,"15":0,"16":0},"b":{"0":[1,0],"1":[1,1],"2":[1,1],"3":[2,1,1],"4":[1,3],"5":[1,2],"6":[1,1],"7":[1,0],"8":[1,0],"9":[1,1]},"_coverageSchema":"d34fc3e6b8297bcde183f5492bcb8fcb36775295","hash":"4ad3ccfc69994fa6fbf4e2ef030262e0335c2d98","contentHash":"99da3046ef0a0fbc9b3669c7abbe9516_12.0.2"},"/home/somto/Andela/We-Connect/server/test/businesses-spec.js":{"path":"/home/somto/Andela/We-Connect/server/test/businesses-spec.js","statementMap":{"0":{"start":{"line":3,"column":12},"end":{"line":3,"column":27}},"1":{"start":{"line":5,"column":13},"end":{"line":5,"column":42}},"2":{"start":{"line":7,"column":17},"end":{"line":7,"column":37}},"3":{"start":{"line":9,"column":18},"end":{"line":9,"column":52}},"4":{"start":{"line":11,"column":18},"end":{"line":11,"column":40}},"5":{"start":{"line":13,"column":19},"end":{"line":13,"column":54}},"6":{"start":{"line":15,"column":12},"end":{"line":15,"column":27}},"7":{"start":{"line":17,"column":13},"end":{"line":17,"column":42}},"8":{"start":{"line":19,"column":16},"end":{"line":19,"column":36}},"9":{"start":{"line":21,"column":17},"end":{"line":21,"column":50}},"10":{"start":{"line":23,"column":11},"end":{"line":23,"column":28}},"11":{"start":{"line":25,"column":12},"end":{"line":25,"column":40}},"12":{"start":{"line":27,"column":14},"end":{"line":27,"column":41}},"13":{"start":{"line":29,"column":15},"end":{"line":29,"column":46}},"14":{"start":{"line":31,"column":39},"end":{"line":31,"column":93}},"15":{"start":{"line":34,"column":0},"end":{"line":34,"column":30}},"16":{"start":{"line":39,"column":0},"end":{"line":39,"column":24}},"17":{"start":{"line":40,"column":0},"end":{"line":40,"column":39}},"18":{"start":{"line":41,"column":14},"end":{"line":41,"column":53}},"19":{"start":{"line":42,"column":15},"end":{"line":42,"column":40}},"20":{"start":{"line":43,"column":11},"end":{"line":43,"column":32}},"21":{"start":{"line":51,"column":15},"end":{"line":55,"column":1}},"22":{"start":{"line":52,"column":19},"end":{"line":52,"column":61}},"23":{"start":{"line":54,"column":2},"end":{"line":54,"column":64}},"24":{"start":{"line":62,"column":17},"end":{"line":66,"column":1}},"25":{"start":{"line":63,"column":2},"end":{"line":65,"column":5}},"26":{"start":{"line":64,"column":4},"end":{"line":64,"column":23}},"27":{"start":{"line":64,"column":13},"end":{"line":64,"column":23}},"28":{"start":{"line":68,"column":0},"end":{"line":1260,"column":3}},"29":{"start":{"line":69,"column":2},"end":{"line":75,"column":5}},"30":{"start":{"line":71,"column":4},"end":{"line":71,"column":45}},"31":{"start":{"line":72,"column":4},"end":{"line":74,"column":7}},"32":{"start":{"line":73,"column":6},"end":{"line":73,"column":20}},"33":{"start":{"line":77,"column":2},"end":{"line":85,"column":5}},"34":{"start":{"line":78,"column":4},"end":{"line":84,"column":7}},"35":{"start":{"line":79,"column":6},"end":{"line":83,"column":9}},"36":{"start":{"line":80,"column":8},"end":{"line":80,"column":36}},"37":{"start":{"line":81,"column":8},"end":{"line":81,"column":63}},"38":{"start":{"line":82,"column":8},"end":{"line":82,"column":15}},"39":{"start":{"line":87,"column":2},"end":{"line":301,"column":5}},"40":{"start":{"line":88,"column":4},"end":{"line":96,"column":7}},"41":{"start":{"line":89,"column":6},"end":{"line":95,"column":9}},"42":{"start":{"line":90,"column":8},"end":{"line":90,"column":36}},"43":{"start":{"line":91,"column":8},"end":{"line":91,"column":39}},"44":{"start":{"line":92,"column":8},"end":{"line":92,"column":74}},"45":{"start":{"line":94,"column":8},"end":{"line":94,"column":15}},"46":{"start":{"line":98,"column":4},"end":{"line":137,"column":7}},"47":{"start":{"line":100,"column":6},"end":{"line":136,"column":9}},"48":{"start":{"line":117,"column":8},"end":{"line":135,"column":11}},"49":{"start":{"line":118,"column":10},"end":{"line":118,"column":38}},"50":{"start":{"line":119,"column":10},"end":{"line":119,"column":41}},"51":{"start":{"line":120,"column":10},"end":{"line":120,"column":63}},"52":{"start":{"line":121,"column":10},"end":{"line":121,"column":70}},"53":{"start":{"line":122,"column":10},"end":{"line":122,"column":74}},"54":{"start":{"line":123,"column":10},"end":{"line":123,"column":90}},"55":{"start":{"line":124,"column":10},"end":{"line":124,"column":62}},"56":{"start":{"line":125,"column":10},"end":{"line":125,"column":66}},"57":{"start":{"line":126,"column":10},"end":{"line":126,"column":73}},"58":{"start":{"line":127,"column":10},"end":{"line":127,"column":70}},"59":{"start":{"line":128,"column":10},"end":{"line":128,"column":83}},"60":{"start":{"line":131,"column":10},"end":{"line":133,"column":11}},"61":{"start":{"line":132,"column":12},"end"
[...]
lumn":10},"end":{"line":526,"column":96}},"220":{"start":{"line":527,"column":10},"end":{"line":527,"column":59}},"221":{"start":{"line":528,"column":10},"end":{"line":528,"column":17}},"222":{"start":{"line":533,"column":4},"end":{"line":559,"column":7}},"223":{"start":{"line":534,"column":6},"end":{"line":558,"column":9}},"224":{"start":{"line":551,"column":8},"end":{"line":557,"column":11}},"225":{"start":{"line":552,"column":10},"end":{"line":552,"column":38}},"226":{"start":{"line":553,"column":10},"end":{"line":553,"column":41}},"227":{"start":{"line":554,"column":10},"end":{"line":554,"column":92}},"228":{"start":{"line":555,"column":10},"end":{"line":555,"column":59}},"229":{"start":{"line":556,"column":10},"end":{"line":556,"column":17}},"230":{"start":{"line":561,"column":4},"end":{"line":605,"column":7}},"231":{"start":{"line":563,"column":6},"end":{"line":578,"column":9}},"232":{"start":{"line":580,"column":6},"end":{"line":604,"column":9}},"233":{"start":{"line":597,"column":8},"end":{"line":603,"column":11}},"234":{"start":{"line":598,"column":10},"end":{"line":598,"column":38}},"235":{"start":{"line":599,"column":10},"end":{"line":599,"column":41}},"236":{"start":{"line":600,"column":10},"end":{"line":600,"column":50}},"237":{"start":{"line":601,"column":10},"end":{"line":601,"column":86}},"238":{"start":{"line":602,"column":10},"end":{"line":602,"column":17}},"239":{"start":{"line":611,"column":2},"end":{"line":677,"column":5}},"240":{"start":{"line":612,"column":4},"end":{"line":636,"column":7}},"241":{"start":{"line":613,"column":6},"end":{"line":628,"column":9}},"242":{"start":{"line":630,"column":6},"end":{"line":635,"column":9}},"243":{"start":{"line":631,"column":8},"end":{"line":631,"column":36}},"244":{"start":{"line":632,"column":8},"end":{"line":632,"column":39}},"245":{"start":{"line":633,"column":8},"end":{"line":633,"column":71}},"246":{"start":{"line":634,"column":8},"end":{"line":634,"column":15}},"247":{"start":{"line":638,"column":4},"end":{"line":676,"column":7}},"248":{"start":{"line":640,"column":6},"end":{"line":675,"column":9}},"249":{"start":{"line":657,"column":23},"end":{"line":657,"column":37}},"250":{"start":{"line":658,"column":18},"end":{"line":658,"column":53}},"251":{"start":{"line":659,"column":22},"end":{"line":659,"column":63}},"252":{"start":{"line":662,"column":8},"end":{"line":668,"column":11}},"253":{"start":{"line":663,"column":10},"end":{"line":665,"column":11}},"254":{"start":{"line":664,"column":12},"end":{"line":664,"column":52}},"255":{"start":{"line":667,"column":10},"end":{"line":667,"column":64}},"256":{"start":{"line":670,"column":8},"end":{"line":674,"column":11}},"257":{"start":{"line":671,"column":10},"end":{"line":671,"column":38}},"258":{"start":{"line":672,"column":10},"end":{"line":672,"column":41}},"259":{"start":{"line":673,"column":10},"end":{"line":673,"column":17}}},"fnMap":{"0":{"name":"_interopRequireDefault","decl":{"start":{"line":31,"column":9},"end":{"line":31,"column":31}},"loc":{"start":{"line":31,"column":37},"end":{"line":31,"column":95}},"line":31},"1":{"name":"copyFile","decl":{"start":{"line":50,"column":24},"end":{"line":50,"column":32}},"loc":{"start":{"line":50,"column":44},"end":{"line":54,"column":1}},"line":50},"2":{"name":"deleteFile","decl":{"start":{"line":61,"column":26},"end":{"line":61,"column":36}},"loc":{"start":{"line":61,"column":49},"end":{"line":65,"column":1}},"line":61},"3":{"name":"(anonymous_3)","decl":{"start":{"line":62,"column":42},"end":{"line":62,"column":43}},"loc":{"start":{"line":62,"column":57},"end":{"line":64,"column":3}},"line":62},"4":{"name":"(anonymous_4)","decl":{"start":{"line":67,"column":18},"end":{"line":67,"column":19}},"loc":{"start":{"line":67,"column":30},"end":{"line":678,"column":1}},"line":67},"5":{"name":"(anonymous_5)","decl":{"start":{"line":68,"column":13},"end":{"line":68,"column":14}},"loc":{"start":{"line":68,"column":29},"end":{"line":73,"column":3}},"line":68},"6":{"name":"(anonymous_6)","decl":{"start":{"line":70,"column":50},"end":{"line":70,"column":51}},"loc":{"start":{"line":70,"column":62},"end":{"line":72,"column":5}},"line":70},"7":{"name":"(anonymous_7)","decl":{"start":{"line":75,"column":24},"end":{"line":75,"column":25}},"loc":{"start":{"line":75,"column":36},"end":{"line":84,"column":3}},"line":75},"8":{"name":"(anonymous_8)","decl":{"start":{"line":76,"column":38},"end":{"line":76,"column":39}},"loc":{"start":{"line":76,"column":54},"end":{"line":83,"column":5}},"line":76},"9":{"name":"(anonymous_9)","decl":{"start":{"line":77,"column":39},"end":{"line":77,"column":40}},"loc":{"start":{"line":77,"column":59},"end":{"line":82,"column":7}},"line":77},"10":{"name":"(anonymous_10)","decl":{"start":{"line":86,"column":25},"end":{"line":86,"column":26}},"loc":{"start":{"line":86,"column":37},"end":{"line":248,"column":3}},"line":86},"11":{"name":"(anonymous_11)","decl":{"start":{"line":87,"column":140},"end":{"line":87,"column":141}},"loc":{"start":{"line":87,"column":156},"end":{"line":94,"column":5}},"line":87},"12":{"name":"(anonymous_12)","decl":{"start":{"line":88,"column":322},"end":{"line":88,"column":323}},"loc":{"start":{"line":88,"column":342},"end":{"line":93,"column":7}},"line":88},"13":{"name":"(anonymous_13)","decl":{"start":{"line":96,"column":34},"end":{"line":96,"column":35}},"loc":{"start":{"line":96,"column":50},"end":{"line":118,"column":5}},"line":96},"14":{"name":"(anonymous_14)","decl":{"start":{"line":97,"column":439},"end":{"line":97,"column":440}},"loc":{"start":{"line":97,"column":459},"end":{"line":117,"column":7}},"line":97},"15":{"name":"(anonymous_15)","decl":{"start":{"line":120,"column":48},"end":{"line":120,"column":49}},"loc":{"start":{"line":120,"column":64},"end":{"line":138,"column":5}},"line":120},"16":{"name":"(anonymous_16)","decl":{"start":{"line":121,"column":445},"end":{"line":121,"column":446}},"loc":{"start":{"line":121,"column":465},"end":{"line":137,"column":7}},"line":121},"17":{"name":"(anonymous_17)","decl":{"start":{"line":140,"column":71},"end":{"line":140,"column":72}},"loc":{"start":{"line":140,"column":87},"end":{"line":148,"column":5}},"line":140},"18":{"name":"(anonymous_18)","decl":{"start":{"line":141,"column":446},"end":{"line":141,"column":447}},"loc":{"start":{"line":141,"column":466},"end":{"line":147,"column":7}},"line":141},"19":{"name":"(anonymous_19)","decl":{"start":{"line":150,"column":85},"end":{"line":150,"column":86}},"loc":{"start":{"line":150,"column":101},"end":{"line":158,"column":5}},"line":150},"20":{"name":"(anonymous_20)","decl":{"start":{"line":151,"column":446},"end":{"line":151,"column":447}},"loc":{"start":{"line":151,"column":466},"end":{"line":157,"column":7}},"line":151},"21":{"name":"(anonymous_21)","decl":{"start":{"line":160,"column":83},"end":{"line":160,"column":84}},"loc":{"start":{"line":160,"column":99},"end":{"line":184,"column":5}},"line":160},"22":{"name":"(anonymous_22)","decl":{"start":{"line":178,"column":85},"end":{"line":178,"column":86}},"loc":{"start":{"line":178,"column":105},"end":{"line":183,"column":7}},"line":178},"23":{"name":"(anonymous_23)","decl":{"start":{"line":186,"column":75},"end":{"line":186,"column":76}},"loc":{"start":{"line":186,"column":91},"end":{"line":218,"column":5}},"line":186},"24":{"name":"(anonymous_24)","decl":{"start":{"line":203,"column":14},"end":{"line":203,"column":15}},"loc":{"start":{"line":203,"column":30},"end":{"line":217,"column":7}},"line":203},"25":{"name":"(anonymous_25)","decl":{"start":{"line":205,"column":91},"end":{"line":205,"column":92}},"loc":{"start":{"line":205,"column":111},"end":{"line":216,"column":9}},"line":205},"26":{"name":"(anonymous_26)","decl":{"start":{"line":220,"column":78},"end":{"line":220,"column":79}},"loc":{"start":{"line":220,"column":94},"end":{"line":247,"column":5}},"line":220},"27":{"name":"(anonymous_27)","decl":{"start":{"line":237,"column":14},"end":{"line":237,"column":15}},"loc":{"start":{"line":237,"column":30},"end":{"line":246,"column":7}},"line":237},"28":{"name":"(anonymous_28)","decl":{"start":{"line":239,"column":447},"end":{"line":239,"column":448}},"loc":{"start":{"line":239,"column":467},"end":{"line":245,"column":9}},"line":239},"29":{"name":"(anonymous_29)","decl":{"start":{"line":253,"column":25},"end":{"line":253,"column":26}},"loc":{"start":{"line":253,"column":37},"end":{"line":351,"column":3}},"line":253},"30":{"name":"(anonymous_30)","decl":{"start":{"line":254,"column":34},"end":{"line":254,"column":35}},"loc":{"start":{"line":254,"column":50},"end":{"line":289,"column":5}},"line":254},"31":{"name":"(anonymous_31)","decl":{"start":{"line":271,"column":14},"end":{"line":271,"column":15}},"loc":{"start":{"line":271,"column":30},"end":{"line":288,"column":7}},"line":271},"32":{"name":"(anonymous_32)","decl":{"start":{"line":273,"column":41},"end":{"line":273,"column":42}},"loc":{"start":{"line":273,"column":61},"end":{"line":287,"column":9}},"line":273},"33":{"name":"(anonymous_33)","decl":{"start":{"line":291,"column":47},"end":{"line":291,"column":48}},"loc":{"start":{"line":291,"column":63},"end":{"line":323,"column":5}},"line":291},"34":{"name":"(anonymous_34)","decl":{"start":{"line":308,"column":14},"end":{"line":308,"column":15}},"loc":{"start":{"line":308,"column":30},"end":{"line":322,"column":7}},"line":308},"35":{"name":"(anonymous_35)","decl":{"start":{"line":310,"column":63},"end":{"line":310,"column":64}},"loc":{"start":{"line":310,"column":83},"end":{"line":321,"column":9}},"line":310},"36":{"name":"(anonymous_36)","decl":{"start":{"line":325,"column":57},"end":{"line":325,"column":58}},"loc":{"start":{"line":325,"column":73},"end":{"line":350,"column":5}},"line":325},"37":{"name":"(anonymous_37)","decl":{"start":{"line":344,"column":42},"end":{"line":344,"column":43}},"loc":{"start":{"line":344,"column":62},"end":{"line":349,"column":7}},"line":344},"38":{"name":"(anonymous_38)","decl":{"start":{"line":356,"column":28},"end":{"line":356,"column":29}},"loc":{"start":{"line":356,"column":40},"end":{"line":606,"column":3}},"line":356},"39":{"name":"(anonymous_39)","decl":{"start":{"line":357,"column":47},"end":{"line":357,"column":48}},"loc":{"start":{"line":357,"column":63},"end":{"line":393,"column":5}},"line":357},"40":{"name":"(anonymous_40)","decl":{"start":{"line":373,"column":14},"end":{"line":373,"column":15}},"loc":{"start":{"line":373,"column":30},"end":{"line":392,"column":7}},"line":373},"41":{"name":"(anonymous_41)","decl":{"start":{"line":374,"column":433},"end":{"line":374,"column":434}},"loc":{"start":{"line":374,"column":453},"end":{"line":391,"column":9}},"line":374},"42":{"name":"(anonymous_42)","decl":{"start":{"line":395,"column":57},"end":{"line":395,"column":58}},"loc":{"start":{"line":395,"column":73},"end":{"line":419,"column":5}},"line":395},"43":{"name":"(anonymous_43)","decl":{"start":{"line":413,"column":439},"end":{"line":413,"column":440}},"loc":{"start":{"line":413,"column":459},"end":{"line":418,"column":7}},"line":413},"44":{"name":"(anonymous_44)","decl":{"start":{"line":421,"column":119},"end":{"line":421,"column":120}},"loc":{"start":{"line":421,"column":135},"end":{"line":452,"column":5}},"line":421},"45":{"name":"(anonymous_45)","decl":{"start":{"line":437,"column":14},"end":{"line":437,"column":15}},"loc":{"start":{"line":437,"column":30},"end":{"line":451,"column":7}},"line":437},"46":{"name":"(anonymous_46)","decl":{"start":{"line":439,"column":348},"end":{"line":439,"column":349}},"loc":{"start":{"line":439,"column":368},"end":{"line":450,"column":9}},"line":439},"47":{"name":"(anonymous_47)","decl":{"start":{"line":454,"column":81},"end":{"line":454,"column":82}},"loc":{"start":{"line":454,"column":97},"end":{"line":503,"column":5}},"line":454},"48":{"name":"(anonymous_48)","decl":{"start":{"line":470,"column":14},"end":{"line":470,"column":15}},"loc":{"start":{"line":470,"column":30},"end":{"line":502,"column":7}},"line":470},"49":{"name":"(anonymous_49)","decl":{"start":{"line":476,"column":45},"end":{"line":476,"column":46}},"loc":{"start":{"line":476,"column":60},"end":{"line":482,"column":9}},"line":476},"50":{"name":"(anonymous_50)","decl":{"start":{"line":484,"column":449},"end":{"line":484,"column":450}},"loc":{"start":{"line":484,"column":469},"end":{"line":501,"column":9}},"line":484},"51":{"name":"(anonymous_51)","decl":{"start":{"line":505,"column":84},"end":{"line":505,"column":85}},"loc":{"start":{"line":505,"column":100},"end":{"line":531,"column":5}},"line":505},"52":{"name":"(anonymous_52)","decl":{"start":{"line":521,"column":14},"end":{"line":521,"column":15}},"loc":{"start":{"line":521,"column":30},"end":{"line":530,"column":7}},"line":521},"53":{"name":"(anonymous_53)","decl":{"start":{"line":523,"column":439},"end":{"line":523,"column":440}},"loc":{"start":{"line":523,"column":459},"end":{"line":529,"column":9}},"line":523},"54":{"name":"(anonymous_54)","decl":{"start":{"line":533,"column":98},"end":{"line":533,"column":99}},"loc":{"start":{"line":533,"column":114},"end":{"line":559,"column":5}},"line":533},"55":{"name":"(anonymous_55)","decl":{"start":{"line":549,"column":14},"end":{"line":549,"column":15}},"loc":{"start":{"line":549,"column":30},"end":{"line":558,"column":7}},"line":549},"56":{"name":"(anonymous_56)","decl":{"start":{"line":551,"column":437},"end":{"line":551,"column":438}},"loc":{"start":{"line":551,"column":457},"end":{"line":557,"column":9}},"line":551},"57":{"name":"(anonymous_57)","decl":{"start":{"line":561,"column":78},"end":{"line":561,"column":79}},"loc":{"start":{"line":561,"column":94},"end":{"line":605,"column":5}},"line":561},"58":{"name":"(anonymous_58)","decl":{"start":{"line":595,"column":14},"end":{"line":595,"column":15}},"loc":{"start":{"line":595,"column":30},"end":{"line":604,"column":7}},"line":595},"59":{"name":"(anonymous_59)","decl":{"start":{"line":597,"column":450},"end":{"line":597,"column":451}},"loc":{"start":{"line":597,"column":470},"end":{"line":603,"column":9}},"line":597},"60":{"name":"(anonymous_60)","decl":{"start":{"line":611,"column":31},"end":{"line":611,"column":32}},"loc":{"start":{"line":611,"column":43},"end":{"line":677,"column":3}},"line":611},"61":{"name":"(anonymous_61)","decl":{"start":{"line":612,"column":57},"end":{"line":612,"column":58}},"loc":{"start":{"line":612,"column":73},"end":{"line":636,"column":5}},"line":612},"62":{"name":"(anonymous_62)","decl":{"start":{"line":630,"column":45},"end":{"line":630,"column":46}},"loc":{"start":{"line":630,"column":65},"end":{"line":635,"column":7}},"line":630},"63":{"name":"(anonymous_63)","decl":{"start":{"line":638,"column":47},"end":{"line":638,"column":48}},"loc":{"start":{"line":638,"column":63},"end":{"line":676,"column":5}},"line":638},"64":{"name":"(anonymous_64)","decl":{"start":{"line":655,"column":14},"end":{"line":655,"column":15}},"loc":{"start":{"line":655,"column":30},"end":{"line":675,"column":7}},"line":655},"65":{"name":"(anonymous_65)","decl":{"start":{"line":662,"column":45},"end":{"line":662,"column":46}},"loc":{"start":{"line":662,"column":60},"end":{"line":668,"column":9}},"line":662},"66":{"name":"(anonymous_66)","decl":{"start":{"line":670,"column":66},"end":{"line":670,"column":67}},"loc":{"start":{"line":670,"column":86},"end":{"line":674,"column":9}},"line":670}},"branchMap":{"0":{"loc":{"start":{"line":31,"column":46},"end":{"line":31,"column":92}},"type":"cond-expr","locations":[{"start":{"line":31,"column":70},"end":{"line":31,"column":73}},{"start":{"line":31,"column":76},"end":{"line":31,"column":92}}],"line":31},"1":{"loc":{"start":{"line":31,"column":46},"end":{"line":31,"column":67}},"type":"binary-expr","locations":[{"start":{"line":31,"column":46},"end":{"line":31,"column":49}},{"start":{"line":31,"column":53},"end":{"line":31,"column":67}}],"line":31},"2":{"loc":{"start":{"line":63,"column":4},"end":{"line":63,"column":23}},"type":"if","locations":[{"start":{"line":63,"column":4},"end":{"line":63,"column":23}},{"start":{"line":63,"column":4},"end":{"line":63,"column":23}}],"line":63},"3":{"loc":{"start":{"line":112,"column":8},"end":{"line":114,"column":9}},"type":"if","locations":[{"start":{"line":112,"column":8},"end":{"line":114,"column":9}},{"start":{"line":112,"column":8},"end":{"line":114,"column":9}}],"line":112},"4":{"loc":{"start":{"line":386,"column":10},"end":{"line":388,"column":11}},"type":"if","locations":[{"start":{"line":386,"column":10},"end":{"line":388,"column":11}},{"start":{"line":386,"column":10},"end":{"line":388,"column":11}}],"line":386},"5":{"loc":{"start":{"line":477,"column":10},"end":{"line":479,"column":11}},"type":"if","locations":[{"start":{"line":477,"column":10},"end":{"line":479,"column":11}},{"start":{"line":477,"column":10},"end":{"line":479,"column":11}}],"line":477},"6":{"loc":{"start":{"line":496,"column":10},"end":{"line":498,"column":11}},"type":"if","locations":[{"start":{"line":496,"column":10},"end":{"line":498,"column":11}},{"start":{"line":496,"column":10},"end":{"line":498,"column":11}}],"line":496},"7":{"loc":{"start":{"line":663,"column":10},"end":{"line":665,"column":11}},"type":"if","locations":[{"start":{"line":663,"column":10},"end":{"line":665,"column":11}},{"start":{"line":663,"column":10},"end":{"line":665,"column":11}}],"line":663}},"s":{"0":1,"1":1,"2":1,"3":1,"4":1,"5":1,"6":1,"7":1,"8":1,"9":1,"10":1,"11":1,"12":1,"13":1,"14":7,"15":1,"16":1,"17":1,"18":1,"19":1,"20":1,"21":2,"22":2,"23":1,"24":3,"25":3,"26":0,"27":1,"28":1,"29":21,"30":21,"31":1,"32":1,"33":1,"34":1,"35":1,"36":1,"37":1,"38":1,"39":1,"40":1,"41":1,"42":1,"43":1,"44":1,"45":1,"46":1,"47":1,"48":1,"49":1,"50":1,"51":1,"52":1,"53":1,"54":1,"55":1,"56":1,"57":1,"58":1,"59":1,"60":1,"61":1,"62":1,"63":1,"64":1,"65":1,"66":1,"67":1,"68":1,"69":1,"70":1,"71":1,"72":1,"73":1,"74":1,"75":1,"76":1,"77":1,"78":1,"79":1,"80":1,"81":1,"82":1,"83":1,"84":1,"85":1,"86":1,"87":1,"88":1,"89":1,"90":1,"91":1,"92":1,"93":1,"94":1,"95":1,"96":1,"97":1,"98":1,"99":1,"100":1,"101":1,"102":1,"103":1,"104":1,"105":1,"106":1,"107":1,"108":1,"109":1,"110":1,"111":1,"112":1,"113":1,"114":1,"115":1,"116":1,"117":1,"118":1,"119":1,"120":1,"121":1,"122":1,"123":1,"124":1,"125":1,"126":1,"127":1,"128":1,"129":1,"130":1,"131":1,"132":1,"133":1,"134":1,"135":1,"136":1,"137":1,"138":1,"139":1,"140":1,"141":1,"142":1,"143":1,"144":1,"145":1,"146":1,"147":1,"148":1,"149":1,"150":1,"151":1,"152":1,"153":1,"154":1,"155":1,"156":1,"157":1,"158":1,"159":1,"160":1,"161":1,"162":1,"163":1,"164":1,"165":1,"166":1,"167":1,"168":1,"169":1,"170":1,"171":1,"172":1,"173":1,"174":1,"175":1,"176":1,"177":1,"178":1,"179":1,"180":1,"181":1,"182":1,"183":1,"184":1,"185":1,"186":1,"187":1,"188":1,"189":1,"190":1,"191":1,"192":1,"193":1,"194":1,"195":1,"196":1,"197":1,"198":1,"199":0,"200":1,"201":1,"202":1,"203":1,"204":1,"205":1,"206":1,"207":1,"208":1,"209":1,"210":1,"211":1,"212":1,"213":1,"214":1,"215":1,"216":1,"217":1,"218":1,"219":1,"220":1,"221":1,"222":1,"223":1,"224":1,"225":1,"226":1,"227":1,"228":1,"229":1,"230":1,"231":1,"232":1,"233":1,"234":1,"235":1,"236":1,"237":1,"238":1,"239":1,"240":1,"241":1,"242":1,"243":1,"244":1,"245":1,"246":1,"247":1,"248":1,"249":1,"250":1,"251":1,"252":1,"253":1,"254":0,"255":1,"256":1,"257":1,"258":1,"259":1},"f":{"0":7,"1":2,"2":3,"3":3,"4":1,"5":21,"6":21,"7":1,"8":1,"9":1,"10":1,"11":1,"12":1,"13":1,"14":1,"15":1,"16":1,"17":1,"18":1,"19":1,"20":1,"21":1,"22":1,"23":1,"24":1,"25":1,"26":1,"27":1,"28":1,"29":1,"30":1,"31":1,"32":1,"33":1,"34":1,"35":1,"36":1,"37":1,"38":1,"39":1,"40":1,"41":1,"42":1,"43":1,"44":1,"45":1,"46":1,"47":1,"48":1,"49":1,"50":1,"51":1,"52":1,"53":1,"54":1,"55":1,"56":1,"57":1,"58":1,"59":1,"60":1,"61":1,"62":1,"63":1,"64":1,"65":1,"66":1},"b":{"0":[2,5],"1":[7,7],"2":[0,3],"3":[1,0],"4":[1,0],"5":[0,1],"6":[1,0],"7":[0,1]},"_coverageSchema":"d34fc3e6b8297bcde183f5492bcb8fcb36775295","hash":"05e2a13638f9d3f7528419f22bc36439cb0b441b","contentHash":"b9807ccb2eb1e247e7a7d04d070f69a9_12.0.2"}}