{"/home/somto/1Projects/Andela/We-Connect/server/test/app-spec.js":{"path":"/home/somto/1Projects/Andela/We-Connect/server/test/app-spec.js","statementMap":{"0":{"start":{"line":3,"column":12},"end":{"line":3,"column":27}},"1":{"start":{"line":5,"column":13},"end":{"line":5,"column":42}},"2":{"start":{"line":7,"column":16},"end":{"line":7,"column":36}},"3":{"start":{"line":9,"column":17},"end":{"line":9,"column":50}},"4":{"start":{"line":11,"column":11},"end":{"line":11,"column":28}},"5":{"start":{"line":13,"column":12},"end":{"line":13,"column":40}},"6":{"start":{"line":15,"column":39},"end":{"line":15,"column":93}},"7":{"start":{"line":18,"column":0},"end":{"line":18,"column":30}},"8":{"start":{"line":22,"column":0},"end":{"line":22,"column":24}},"9":{"start":{"line":23,"column":0},"end":{"line":23,"column":39}},"10":{"start":{"line":25,"column":0},"end":{"line":33,"column":3}},"11":{"start":{"line":26,"column":2},"end":{"line":32,"column":5}},"12":{"start":{"line":27,"column":4},"end":{"line":31,"column":7}},"13":{"start":{"line":28,"column":6},"end":{"line":28,"column":34}},"14":{"start":{"line":29,"column":6},"end":{"line":29,"column":81}},"15":{"start":{"line":30,"column":6},"end":{"line":30,"column":13}},"16":{"start":{"line":35,"column":0},"end":{"line":43,"column":3}},"17":{"start":{"line":36,"column":2},"end":{"line":42,"column":5}},"18":{"start":{"line":37,"column":4},"end":{"line":41,"column":7}},"19":{"start":{"line":38,"column":6},"end":{"line":38,"column":34}},"20":{"start":{"line":39,"column":6},"end":{"line":39,"column":65}},"21":{"start":{"line":40,"column":6},"end":{"line":40,"column":13}}},"fnMap":{"0":{"name":"_interopRequireDefault","decl":{"start":{"line":15,"column":9},"end":{"line":15,"column":31}},"loc":{"start":{"line":15,"column":37},"end":{"line":15,"column":95}},"line":15},"1":{"name":"(anonymous_1)","decl":{"start":{"line":25,"column":20},"end":{"line":25,"column":21}},"loc":{"start":{"line":25,"column":32},"end":{"line":33,"column":1}},"line":25},"2":{"name":"(anonymous_2)","decl":{"start":{"line":26,"column":34},"end":{"line":26,"column":35}},"loc":{"start":{"line":26,"column":50},"end":{"line":32,"column":3}},"line":26},"3":{"name":"(anonymous_3)","decl":{"start":{"line":27,"column":63},"end":{"line":27,"column":64}},"loc":{"start":{"line":27,"column":83},"end":{"line":31,"column":5}},"line":27},"4":{"name":"(anonymous_4)","decl":{"start":{"line":35,"column":22},"end":{"line":35,"column":23}},"loc":{"start":{"line":35,"column":34},"end":{"line":43,"column":1}},"line":35},"5":{"name":"(anonymous_5)","decl":{"start":{"line":36,"column":34},"end":{"line":36,"column":35}},"loc":{"start":{"line":36,"column":50},"end":{"line":42,"column":3}},"line":36},"6":{"name":"(anonymous_6)","decl":{"start":{"line":37,"column":58},"end":{"line":37,"column":59}},"loc":{"start":{"line":37,"column":78},"end":{"line":41,"column":5}},"line":37}},"branchMap":{"0":{"loc":{"start":{"line":15,"column":46},"end":{"line":15,"column":92}},"type":"cond-expr","locations":[{"start":{"line":15,"column":70},"end":{"line":15,"column":73}},{"start":{"line":15,"column":76},"end":{"line":15,"column":92}}],"line":15},"1":{"loc":{"start":{"line":15,"column":46},"end":{"line":15,"column":67}},"type":"binary-expr","locations":[{"start":{"line":15,"column":46},"end":{"line":15,"column":49}},{"start":{"line":15,"column":53},"end":{"line":15,"column":67}}],"line":15}},"s":{"0":1,"1":1,"2":1,"3":1,"4":1,"5":1,"6":3,"7":1,"8":1,"9":1,"10":1,"11":1,"12":1,"13":1,"14":1,"15":1,"16":1,"17":1,"18":1,"19":1,"20":1,"21":1},"f":{"0":3,"1":1,"2":1,"3":1,"4":1,"5":1,"6":1},"b":{"0":[1,2],"1":[3,3]},"_coverageSchema":"d34fc3e6b8297bcde183f5492bcb8fcb36775295","hash":"5d3066d9c61c57177d1919b076f63f49885207d0","contentHash":"f502c4f54bfc4fb4fe00e1fe26067adc_12.0.2"},"/home/somto/1Projects/Andela/We-Connect/server/app.js":{"path":"/home/somto/1Projects/Andela/We-Connect/server/app.js","statementMap":{"0":{"start":{"line":3,"column":0},"end":{"line":5,"column":3}},"1":{"start":{"line":7,"column":15},"end":{"line":7,"column":33}},"2":{"start":{"line":9,"column":16},"end":{"line":9,"column":48}},"3":{"start":{"line":11,"column":14},"end":{"line":11,"column":31}},"4":{"start":{"line":13,"column":15},"end":{"line":13,"column":46}},"5":{"start":{"line":15,"column":18},"end":{"line":15,"column":40}},"6":{"start":{"line":17,"column":19},"end":{"line":17,"column":54}},"7":{"start":{"line":19,"column":13},"end":{"line":19,"column":45}},"8":{"start":{"line":21,"column":14},"end":{"line":21,"column":44}},"9":{"start":{"line":23,"column":39},"end":{"line":23,"column":93}},"10":{"start":{"line":26,"column":10},"end":{"line":26,"column":34}},"11":{"start":{"line":29,"column":0},"end":{"line":29,"column":38}},"12":{"start":{"line":31,"column":0},"end":{"line":31,"column":49}},"13":{"start":{"line":33,"column":0},"end":{"line":33,"column":67}},"14":{"start":{"line":34,"column":0},"end":{"line":34,"column":77}},"15":{"start":{"line":37,"column":0},"end":{"line":37,"column":37}},"16":{"start":{"line":39,"column":0},"end":{"line":39,"column":62}},"17":{"start":{"line":42,"column":0},"end":{"line":42,"column":26}},"18":{"start":{"line":44,"column":0},"end":{"line":48,"column":3}},"19":{"start":{"line":45,"column":2},"end":{"line":47,"column":5}},"20":{"start":{"line":50,"column":0},"end":{"line":50,"column":22}}},"fnMap":{"0":{"name":"_interopRequireDefault","decl":{"start":{"line":23,"column":9},"end":{"line":23,"column":31}},"loc":{"start":{"line":23,"column":37},"end":{"line":23,"column":95}},"line":23},"1":{"name":"(anonymous_1)","decl":{"start":{"line":44,"column":13},"end":{"line":44,"column":14}},"loc":{"start":{"line":44,"column":33},"end":{"line":48,"column":1}},"line":44}},"branchMap":{"0":{"loc":{"start":{"line":23,"column":46},"end":{"line":23,"column":92}},"type":"cond-expr","locations":[{"start":{"line":23,"column":70},"end":{"line":23,"column":73}},{"start":{"line":23,"column":76},"end":{"line":23,"column":92}}],"line":23},"1":{"loc":{"start":{"line":23,"column":46},"end":{"line":23,"column":67}},"type":"binary-expr","locations":[{"start":{"line":23,"column":46},"end":{"line":23,"column":49}},{"start":{"line":23,"column":53},"end":{"line":23,"column":67}}],"line":23}},"s":{"0":1,"1":1,"2":1,"3":1,"4":1,"5":1,"6":1,"7":1,"8":1,"9":4,"10":1,"11":1,"12":1,"13":1,"14":1,"15":1,"16":1,"17":1,"18":1,"19":1,"20":1},"f":{"0":4,"1":1},"b":{"0":[1,3],"1":[4,4]},"_coverageSchema":"d34fc3e6b8297bcde183f5492bcb8fcb36775295","hash":"eb082ad5e5d937d2c7c1e63fb7e46e1ab6619392","contentHash":"73881957c7555884fd1b574157a91596_12.0.2"},"/home/somto/1Projects/Andela/We-Connect/server/server/routes/index.js":{"path":"/home/somto/1Projects/Andela/We-Connect/server/server/routes/index.js","statementMap":{"0":{"start":{"line":3,"column":0},"end":{"line":5,"column":3}},"1":{"start":{"line":7,"column":13},"end":{"line":7,"column":44}},"2":{"start":{"line":9,"column":13},"end":{"line":33,"column":1}},"3":{"start":{"line":10,"column":2},"end":{"line":14,"column":5}},"4":{"start":{"line":11,"column":4},"end":{"line":13,"column":7}},"5":{"start":{"line":16,"column":2},"end":{"line":16,"column":92}},"6":{"start":{"line":17,"column":2},"end":{"line":17,"column":59}},"7":{"start":{"line":18,"column":2},"end":{"line":18,"column":56}},"8":{"start":{"line":19,"column":2},"end":{"line":19,"column":97}},"9":{"start":{"line":20,"column":2},"end":{"line":20,"column":68}},"10":{"start":{"line":21,"column":2},"end":{"line":21,"column":70}},"11":{"start":{"line":23,"column":2},"end":{"line":23,"column":102}},"12":{"start":{"line":24,"column":2},"end":{"line":24,"column":112}},"13":{"start":{"line":25,"column":2},"end":{"line":25,"column":80}},"14":{"start":{"line":26,"column":2},"end":{"line":26,"column":78}},"15":{"start":{"line":27,"column":2},"end":{"line":27,"column":63}},"16":{"start":{"line":29,"column":2},"end":{"line":29,"column":82}},"17":{"start":{"line":30,"column":2},"end":{"line":30,"column":79}},"18":{"start":{"line":31,"column":2},"end":{"line":31,"column":91}},"19":{"start":{"line":32,"column":2},"end":{"line":32,"column":95}},"20":{"start":{"line":35,"column":0},"end":{"line":35,"column":25}}},"fnMap":{"0":{"name":"routes","decl":{"start":{"line":9,"column":22},"end":{"line":9,"column":28}},"loc":{"start":{"line":9,"column":34},"end":{"line":33,"column":1}},"line":9},"1":{"name":"(anonymous_1)","decl":{"start":{"line":10,"column":18},"end":{"line":10,"column":19}},"loc":{"start":{"line":10,"column":38},"end":{"line":14,"column":3}},"line":10}},"branchMap":{},"s":{"0":1,"1":1,"2":1,"3":1,"4":1,"5":1,"6":1,"7":1,"8":1,"9":1,"10":1,"11":1,"12":1,"13":1,"14":1,"15":1,"16":1,"17":1,"18":1,"19":1,"20":1},"f":{"0":1,"1":1},"b":{},"_coverageSchema":"d34fc3e6b8297bcde183f5492bcb8fcb36775295","hash":"bf5f8d6dcc22ee8f687f45a424b72b77fe5ce339","contentHash":"1452c3639083333f0582d186d08346df_12.0.2"},"/home/somto/1Projects/Andela/We-Connect/server/server/controllers/index.js":{"path":"/home/somto/1Projects/Andela/We-Connect/server/server/controllers/index.js","statementMap":{"0":{"start":{"line":3,"column":0},"end":{"line":5,"column":3}},"1":{"start":{"line":7,"column":13},"end":{"line":7,"column":31}},"2":{"start":{"line":9,"column":0},"end":{"line":14,"column":3}},"3":{"start":{"line":12,"column":4},"end":{"line":12,"column":50}},"4":{"start":{"line":16,"column":18},"end":{"line":16,"column":41}},"5":{"start":{"line":18,"column":0},"end":{"line":23,"column":3}},"6":{"start":{"line":21,"column":4},"end":{"line":21,"column":55}},"7":{"start":{"line":25,"column":15},"end":{"line":25,"column":35}},"8":{"start":{"line":27,"column":0},"end":{"line":32,"column":3}},"9":{"start":{"line":30,"column":4},"end":{"line":30,"column":52}},"10":{"start":{"line":34,"column":39},"end":{"line":34,"column":93}}},"fnMap":{"0":{"name":"get","decl":{"start":{"line":11,"column":16},"end":{"line":11,"column":19}},"loc":{"start":{"line":11,"column":22},"end":{"line":13,"column":3}},"line":11},"1":{"name":"get","decl":{"start":{"line":20,"column":16},"end":{"line":20,"column":19}},"loc":{"start":{"line":20,"column":22},"end":{"line":22,"column":3}},"line":20},"2":{"name":"get","decl":{"start":{"line":29,"column":16},"end":{"line":29,"column":19}},"loc":{"start":{"line":29,"column":22},"end":{"line":31,"column":3}},"line":29},"3":{"name":"_interopRequireDefault","decl":{"start":{"line":34,"column":9},"end":{"line":34,"column":31}},"loc":{"start":{"line":34,"column":37},"end":{"line":34,"column":95}},"line":34}},"branchMap":{"0":{"loc":{"start":{"line":34,"column":46},"end":{"line":34,"column":92}},"type":"cond-expr","locations":[{"start":{"line":34,"column":70},"end":{"line":34,"column":73}},{"start":{"line":34,"column":76},"end":{"line":34,"column":92}}],"line":34},"1":{"loc":{"start":{"line":34,"column":46},"end":{"line":34,"column":67}},"type":"binary-expr","locations":[{"start":{"line":34,"column":46},"end":{"line":34,"column":49}},{"start":{"line":34,"column":53},"end":{"line":34,"column":67}}],"line":34}},"s":{"0":1,"1":1,"2":1,"3":8,"4":1,"5":1,"6":7,"7":1,"8":1,"9":4,"10":19},"f":{"0":8,"1":7,"2":4,"3":19},"b":{"0":[19,0],"1":[19,19]},"_coverageSchema":"d34fc3e6b8297bcde183f5492bcb8fcb36775295","hash":"579c44a34fffb9c9c86e1de3fdffd18fd9016685","contentHash":"f046fad501dcae43d36b6960108c8bc7_12.0.2"},"/home/somto/1Projects/Andela/We-Connect/server/server/controllers/users.js":{"path":"/home/somto/1Projects/Andela/We-Connect/server/server/controllers/users.js","statementMap":{"0":{"start":{"line":3,"column":0},"end":{"line":5,"column":3}},"1":{"start":{"line":7,"column":14},"end":{"line":7,"column":31}},"2":{"start":{"line":9,"column":15},"end":{"line":9,"column":46}},"3":{"start":{"line":11,"column":18},"end":{"line":11,"column":40}},"4":{"start":{"line":13,"column":19},"end":{"line":13,"column":54}},"5":{"start":{"line":15,"column":20},"end":{"line":15,"column":43}},"6":{"start":{"line":17,"column":21},"end":{"line":17,"column":58}},"7":{"start":{"line":19,"column":16},"end":{"line":19,"column":35}},"8":{"start":{"line":21,"column":17},"end":{"line":21,"column":50}},"9":{"start":{"line":23,"column":14},"end":{"line":23,"column":34}},"10":{"start":{"line":25,"column":15},"end":{"line":25,"column":46}},"11":{"start":{"line":27,"column":11},"end":{"line":27,"column":31}},"12":{"start":{"line":29,"column":12},"end":{"line":29,"column":40}},"13":{"start":{"line":31,"column":39},"end":{"line":31,"column":93}},"14":{"start":{"line":33,"column":11},"end":{"line":33,"column":61}},"15":{"start":{"line":34,"column":11},"end":{"line":34,"column":18}},"16":{"start":{"line":35,"column":15},"end":{"line":35,"column":22}},"17":{"start":{"line":38,"column":13},"end":{"line":40,"column":2}},"18":{"start":{"line":42,"column":20},"end":{"line":42,"column":35}},"19":{"start":{"line":50,"column":17},"end":{"line":54,"column":1}},"20":{"start":{"line":51,"column":2},"end":{"line":53,"column":5}},"21":{"start":{"line":52,"column":4},"end":{"line":52,"column":23}},"22":{"start":{"line":52,"column":13},"end":{"line":52,"column":23}},"23":{"start":{"line":61,"column":17},"end":{"line":65,"column":1}},"24":{"start":{"line":62,"column":2},"end":{"line":64,"column":5}},"25":{"start":{"line":63,"column":4},"end":{"line":63,"column":23}},"26":{"start":{"line":63,"column":13},"end":{"line":63,"column":23}},"27":{"start":{"line":68,"column":26},"end":{"line":70,"column":1}},"28":{"start":{"line":69,"column":2},"end":{"line":69,"column":90}},"29":{"start":{"line":73,"column":26},"end":{"line":75,"column":1}},"30":{"start":{"line":74,"column":2},"end":{"line":74,"column":86}},"31":{"start":{"line":78,"column":18},"end":{"line":82,"column":1}},"32":{"start":{"line":79,"column":14},"end":{"line":80,"column":4}},"33":{"start":{"line":81,"column":2},"end":{"line":81,"column":15}},"34":{"start":{"line":85,"column":23},"end":{"line":113,"column":1}},"35":{"start":{"line":86,"column":23},"end":{"line":86,"column":25}},"36":{"start":{"line":87,"column":22},"end":{"line":87,"column":27}},"37":{"start":{"line":88,"column":22},"end":{"line":88,"column":27}},"38":{"start":{"line":89,"column":17},"end":{"line":89,"column":19}},"39":{"start":{"line":91,"column":2},"end":{"line":107,"column":3}},"40":{"start":{"line":92,"column":19},"end":{"line":92,"column":39}},"41":{"start":{"line":93,"column":21},"end":{"line":93,"column":91}},"42":{"start":{"line":94,"column":4},"end":{"line":106,"column":5}},"43":{"start":{"line":95,"column":6},"end":{"line":102,"column":7}},"44":{"start":{"line":96,"column":8},"end":{"line":96,"column":41}},"45":{"start":{"line":98,"column":8},"end":{"line":98,"column":62}},"46":{"start":{"line":100,"column":8},"end":{"line":100,"column":29}},"47":{"start":{"line":101,"column":8},"end":{"line":101,"column":29}},"48":{"start":{"line":104,"column":6},"end":{"line":104,"column":27}},"49":{"start":{"line":105,"column":6},"end":{"line":105,"column":27}},"50":{"start":{"line":108,"column":2},"end":{"line":108,"column":36}},"51":{"start":{"line":109,"column":2},"end":{"line":109,"column":36}},"52":{"start":{"line":110,"column":2},"end":{"line":110,"column":31}},"53":{"start":{"line":112,"column":2},"end":{"line":112,"column":24}},"54":{"start":{"line":115,"column":22},"end":{"line":261,"column":1}},"55":{"start":{"line":120,"column":27},"end":{"line":120,"column":53}},"56":{"start":{"line":121,"column":24},"end":{"line":121,"column":43}},"57":{"start":{"line":122,"column":24},"end":{"line":122,"column":43}},"58":{"start":{"line":123,"column":19},"end":{"line":123,"column":38}},"59":{"start":{"line":125,"column":4},"end":{"line":125,"column":55}},"60":{"start":{"line":125,"column":23},"end":{"line":125,"column":55}},"61":{"start":{"line":126,"column":4},"end":{"line":126,"column":55}},"62":{"start":{"line":126,"column":23},"end":{"line":126,"column":55}},"63":{"start":{"line":129,"column":4},"end":{"line":134,"column":5}},"64":{"start":{"line":130,"column":6},"end":{"line":132,"column":7}},"65":{"start":{"line":131,"column":8},"end":{"line":131,"column":36}},"66":{"start":{"line":133,"column":6},"end":{"line":133,"column":67}},"67":{"start":{"line":136,"column":25},"end":{"line":136,"column":74}},"68":{"start":{"line":138,"column":4},"end":{"line":159,"column":7}},"69":{"start":{"line":154,"column":18},"end":{"line":154,"column":38}},"70":{"start":{"line":155,"column":6},"end":{"line":155,"column":87}},"71":{"start":{"line":155,"column":17},"end":{"line":155,"column":87}},"72":{"start":{"line":157,"column":6},"end":{"line":157,"column":48}},"73":{"start":{"line":157,"column":20},"end":{"line":157,"column":48}},"74":{"start":{"line":158,"column":6},"end":{"line":158,"column":41}},"75":{"start":{"line":164,"column":4},"end":{"line":170,"column":7}},"76":{"start":{"line":165,"column":6},"end":{"line":165,"column":76}},"77":{"start":{"line":165,"column":17},"end":{"line":165,"column":76}},"78":{"start":{"line":166,"column":18},"end":{"line":166,"column":38}},"79":{"start":{"line":167,"column":6},"end":{"line":167,"column":87}},"80":{"start":{"line":167,"column":17},"end":{"line":167,"column":87}},"81":{"start":{"line":169,"column":6},"end":{"line":169,"column":41}},"82":{"start":{"line":173,"column":4},"end":{"line":179,"column":7}},"83":{"start":{"line":176,"column":6},"end":{"line":176,"column":41}},"84":{"start":{"line":178,"column":6},"end":{"line":178,"column":41}},"85":{"start":{"line":185,"column":27},"end":{"line":185,"column":53}},"86":{"start":{"line":186,"column":24},"end":{"line":186,"column":43}},"87":{"start":{"line":187,"column":24},"end":{"line":187,"column":43}},"88":{"start":{"line":188,"column":19},"end":{"line":188,"column":38}},"89":{"start":{"line":190,"column":4},"end":{"line":190,"column":55}},"90":{"start":{"line":190,"column":23},"end":{"line":190,"column":55}},"91":{"start":{"line":191,"column":4},"end":{"line":191,"column":55}},"92":{"start":{"line":191,"column":23},"end":{"line":191,"column":55}},"93":{"start":{"line":193,"column":4},"end":{"line":231,"column":7}},"94":{"start":{"line":196,"column":6},"end":{"line":200,"column":7}},"95":{"start":{"line":198,"column":8},"end":{"line":198,"column":50}},"96":{"start":{"line":198,"column":22},"end":{"line":198,"column":50}},"97":{"start":{"line":199,"column":8},"end":{"line":199,"column":67}},"98":{"start":{"line":202,"column":26},"end":{"line":202,"column":40}},"99":{"start":{"line":203,"column":6},"end":{"line":228,"column":9}},"100":{"start":{"line":220,"column":8},"end":{"line":222,"column":9}},"101":{"start":{"line":221,"column":10},"end":{"line":221,"column":62}},"102":{"start":{"line":221,"column":29},"end":{"line":221,"column":62}},"103":{"start":{"line":223,"column":8},"end":{"line":223,"column":48}},"104":{"start":{"line":226,"column":8},"end":{"line":226,"column":50}},"105":{"start":{"line":226,"column":22},"end":{"line":226,"column":50}},"106":{"start":{"line":227,"column":8},"end":{"line":227,"column":43}},"107":{"start":{"line":230,"column":6},"end":{"line":230,"column":41}},"108":{"start":{"line":236,"column":4},"end":{"line":247,"column":7}},"109":{"start":{"line":237,"column":6},"end":{"line":237,"column":76}},"110":{"start":{"line":237,"column":17},"end":{"line":237,"column":76}},"111":{"start":{"line":239,"column":6},"end":{"line":244,"column":9}},"112":{"start":{"line":240,"column":8},"end":{"line":240,"column":62}},"113":{"start":{"line":240,"column":28},"end":{"line":240,"column":62}},"114":{"start":{"line":241,"column":8},"end":{"line":241,"column":38}},"115":{"start":{"line":243,"column":8},"end":{"line":243,"column":43}},"116":{"start":{"line":246,"column":6},"end":{"line":246,"column":41}},"117":{"start":{"line":252,"column":4},"end":{"line":259,"column":7}},"118":{"start":{"line":255,"column":6},"end":{"line":255,"column":76}},"119":{"start":{"line":255,"column":17},"end":{"line":255,"column":76}},"120":{"start":{"line":256,"column":6},"end":{"line":256,"column":40}},"121":{"start":{"line":258,"column":6},"end":{"line":258,"column":41}},"122":{"start":{"line":263,"column":0},"end":{"line":263,"column":34}}},"fnMap":{"0":{"name":"_interopRequireDefault","decl":{"start":{"line":31,"column":9},"end":{"line":31,"column":31}},"loc":{"start":{"line":31,"column":37},"end":{"line":31,"column":95}},"line":31},"1":{"name":"renameFile","decl":{"start":{"line":50,"column":26},"end":{"line":50,"column":36}},"loc":{"start":{"line":50,"column":59},"end":{"line":54,"column":1}},"line":50},"2":{"name":"(anonymous_2)","decl":{"start":{"line":51,"column":52},"end":{"line":51,"column":53}},"loc":{"start":{"line":51,"column":67},"end":{"line":53,"column":3}},"line":51},"3":{"name":"deleteFile","decl":{"start":{"line":61,"column":26},"end":{"line":61,"column":36}},"loc":{"start":{"line":61,"column":49},"end":{"line":65,"column":1}},"line":61},"4":{"name":"(anonymous_4)","decl":{"start":{"line":62,"column":42},"end":{"line":62,"column":43}},"loc":{"start":{"line":62,"column":57},"end":{"line":64,"column":3}},"line":62},"5":{"name":"fileTypeHandleError","decl":{"start":{"line":68,"column":35},"end":{"line":68,"column":54}},"loc":{"start":{"line":68,"column":60},"end":{"line":70,"column":1}},"line":68},"6":{"name":"fileSizeHandleError","decl":{"start":{"line":73,"column":35},"end":{"line":73,"column":54}},"loc":{"start":{"line":73,"column":60},"end":{"line":75,"column":1}},"line":73},"7":{"name":"tokenMethod","decl":{"start":{"line":78,"column":27},"end":{"line":78,"column":38}},"loc":{"start":{"line":78,"column":47},"end":{"line":82,"column":1}},"line":78},"8":{"name":"fileFilterMethod","decl":{"start":{"line":85,"column":32},"end":{"line":85,"column":48}},"loc":{"start":{"line":85,"column":54},"end":{"line":113,"column":1}},"line":85},"9":{"name":"create","decl":{"start":{"line":118,"column":19},"end":{"line":118,"column":25}},"loc":{"start":{"line":118,"column":36},"end":{"line":160,"column":3}},"line":118},"10":{"name":"(anonymous_10)","decl":{"start":{"line":153,"column":12},"end":{"line":153,"column":13}},"loc":{"start":{"line":153,"column":28},"end":{"line":156,"column":5}},"line":153},"11":{"name":"(anonymous_11)","decl":{"start":{"line":156,"column":13},"end":{"line":156,"column":14}},"loc":{"start":{"line":156,"column":30},"end":{"line":159,"column":5}},"line":156},"12":{"name":"check","decl":{"start":{"line":163,"column":18},"end":{"line":163,"column":23}},"loc":{"start":{"line":163,"column":34},"end":{"line":171,"column":3}},"line":163},"13":{"name":"(anonymous_13)","decl":{"start":{"line":164,"column":102},"end":{"line":164,"column":103}},"loc":{"start":{"line":164,"column":118},"end":{"line":168,"column":5}},"line":164},"14":{"name":"(anonymous_14)","decl":{"start":{"line":168,"column":13},"end":{"line":168,"column":14}},"loc":{"start":{"line":168,"column":30},"end":{"line":170,"column":5}},"line":168},"15":{"name":"list","decl":{"start":{"line":172,"column":17},"end":{"line":172,"column":21}},"loc":{"start":{"line":172,"column":32},"end":{"line":180,"column":3}},"line":172},"16":{"name":"(anonymous_16)","decl":{"start":{"line":175,"column":12},"end":{"line":175,"column":13}},"loc":{"start":{"line":175,"column":29},"end":{"line":177,"column":5}},"line":175},"17":{"name":"(anonymous_17)","decl":{"start":{"line":177,"column":13},"end":{"line":177,"column":14}},"loc":{"start":{"line":177,"column":30},"end":{"line":179,"column":5}},"line":177},"18":{"name":"update","decl":{"start":{"line":183,"column":19},"end":{"line":183,"column":25}},"loc":{"start":{"line":183,"column":36},"end":{"line":232,"column":3}},"line":183},"19":{"name":"(anonymous_19)","decl":{"start":{"line":195,"column":12},"end":{"line":195,"column":13}},"loc":{"start":{"line":195,"column":28},"end":{"line":229,"column":5}},"line":195},"20":{"name":"(anonymous_20)","decl":{"start":{"line":218,"column":14},"end":{"line":218,"column":15}},"loc":{"start":{"line":218,"column":36},"end":{"line":224,"column":7}},"line":218},"21":{"name":"(anonymous_21)","decl":{"start":{"line":225,"column":13},"end":{"line":225,"column":14}},"loc":{"start":{"line":225,"column":30},"end":{"line":228,"column":7}},"line":225},"22":{"name":"(anonymous_22)","decl":{"start":{"line":229,"column":13},"end":{"line":229,"column":14}},"loc":{"start":{"line":229,"column":30},"end":{"line":231,"column":5}},"line":229},"23":{"name":"destroy","decl":{"start":{"line":235,"column":20},"end":{"line":235,"column":27}},"loc":{"start":{"line":235,"column":38},"end":{"line":248,"column":3}},"line":235},"24":{"name":"(anonymous_24)","decl":{"start":{"line":236,"column":49},"end":{"line":236,"column":50}},"loc":{"start":{"line":236,"column":65},"end":{"line":245,"column":5}},"line":236},"25":{"name":"(anonymous_25)","decl":{"start":{"line":239,"column":33},"end":{"line":239,"column":34}},"loc":{"start":{"line":239,"column":45},"end":{"line":242,"column":7}},"line":239},"26":{"name":"(anonymous_26)","decl":{"start":{"line":242,"column":15},"end":{"line":242,"column":16}},"loc":{"start":{"line":242,"column":32},"end":{"line":244,"column":7}},"line":242},"27":{"name":"(anonymous_27)","decl":{"start":{"line":245,"column":13},"end":{"line":245,"column":14}},"loc":{"start":{"line":245,"column":30},"end":{"line":247,"column":5}},"line":245},"28":{"name":"retrieve","decl":{"start":{"line":251,"column":21},"end":{"line":251,"column":29}},"loc":{"start":{"line":251,"column":40},"end":{"line":260,"column":3}},"line":251},"29":{"name":"(anonymous_29)","decl":{"start":{"line":254,"column":12},"end":{"line":254,"column":13}},"loc":{"start":{"line":254,"column":28},"end":{"line":257,"column":5}},"line":254},"30":{"name":"(anonymous_30)","decl":{"start":{"line":257,"column":13},"end":{"line":257,"column":14}},"loc":{"start":{"line":257,"column":30},"end":{"line":259,"column":5}},"line":257}},"branchMap":{"0":{"loc":{"start":{"line":31,"column":46},"end":{"line":31,"column":92}},"type":"cond-expr","locations":[{"start":{"line":31,"column":70},"end":{"line":31,"column":73}},{"start":{"line":31,"column":76},"end":{"line":31,"column":92}}],"line":31},"1":{"loc":{"start":{"line":31,"column":46},"end":{"line":31,"column":67}},"type":"binary-expr","locations":[{"start":{"line":31,"column":46},"end":{"line":31,"column":49}},{"start":{"line":31,"column":53},"end":{"line":31,"column":67}}],"line":31},"2":{"loc":{"start":{"line":52,"column":4},"end":{"line":52,"column":23}},"type":"if","locations":[{"start":{"line":52,"column":4},"end":{"line":52,"column":23}},{"start":{"line":52,"column":4},"end":{"line":52,"column":23}}],"line":52},"3":{"loc":{"start":{"line":63,"column":4},"end":{"line":63,"column":23}},"type":"if","locations":[{"start":{"line":63,"column":4},"end":{"line":63,"column":23}},{"start":{"line":63,"column":4},"end":{"line":63,"column":23}}],"line":63},"4":{"loc":{"start":{"line":91,"column":2},"end":{"line":107,"column":3}},"type":"if","locations":[{"start":{"line":91,"column":2},"end":{"line":107,"column":3}},{"start":{"line":91,"column":2},"end":{"line":107,"column":3}}],"line":91},"5":{"loc":{"start":{"line":94,"column":4},"end":{"line":106,"column":5}},"type":"if","locations":[{"start":{"line":94,"column":4},"end":{"line":106,"column":5}},{"start":{"line":94,"column":4},"end":{"line":106,"column":5}}],"line":94},"6":{"loc":{"start":{"line":94,"column":8},"end":{"line":94,"column":79}},"type":"binary-expr","locations":[{"start":{"line":94,"column":8},"end":{"line":94,"column":42}},{"start":{"line":94,"column":46},"end":{"line":94,"column":79}}],"line":94},"7":{"loc":{"start":{"line":95,"column":6},"end":{"line":102,"column":7}},"type":"if","locations":[{"start":{"line":95,"column":6},"end":{"line":102,"column":7}},{"start":{"line":95,"column":6},"end":{"line":102,"column":7}}],"line":95},"8":{"loc":{"start":{"line":125,"column":4},"end":{"line":125,"column":55}},"type":"if","locations":[{"start":{"line":125,"column":4},"end":{"line":125,"column":55}},{"start":{"line":125,"column":4},"end":{"line":125,"column":55}}],"line":125},"9":{"loc":{"start":{"line":126,"column":4},"end":{"line":126,"column":55}},"type":"if","locations":[{"start":{"line":126,"column":4},"end":{"line":126,"column":55}},{"start":{"line":126,"column":4},"end":{"line":126,"column":55}}],"line":126},"10":{"loc":{"start":{"line":129,"column":4},"end":{"line":134,"column":5}},"type":"if","locations":[{"start":{"line":129,"column":4},"end":{"line":134,"column":5}},{"start":{"line":129,"column":4},"end":{"line":134,"column":5}}],"line":129},"11":{"loc":{"start":{"line":129,"column":8},"end":{"line":129,"column":187}},"type":"binary-expr","locations":[{"start":{"line":129,"column":8},"end":{"line":129,"column":23}},{"start":{"line":129,"column":27},"end":{"line":129,"column":46}},{"start":{"line":129,"column":50},"end":{"line":129,"column":68}},{"start":{"line":129,"column":72},"end":{"line":129,"column":90}},{"start":{"line":129,"column":94},"end":{"line":129,"column":112}},{"start":{"line":129,"column":116},"end":{"line":129,"column":131}},{"start":{"line":129,"column":135},"end":{"line":129,"column":151}},{"start":{"line":129,"column":155},"end":{"line":129,"column":168}},{"start":{"line":129,"column":172},"end":{"line":129,"column":187}}],"line":129},"12":{"loc":{"start":{"line":130,"column":6},"end":{"line":132,"column":7}},"type":"if","locations":[{"start":{"line":130,"column":6},"end":{"line":132,"column":7}},{"start":{"line":130,"column":6},"end":{"line":132,"column":7}}],"line":130},"13":{"loc":{"start":{"line":155,"column":6},"end":{"line":155,"column":87}},"type":"if","locations":[{"start":{"line":155,"column":6},"end":{"line":155,"column":87}},{"start":{"line":155,"column":6},"end":{"line":155,"column":87}}],"line":155},"14":{"loc":{"start":{"line":157,"column":6},"end":{"line":157,"column":48}},"type":"if","locations":[{"start":{"line":157,"column":6},"end":{"line":157,"column":48}},{"start":{"line":157,"column":6},"end":{"line":157,"column":48}}],"line":157},"15":{"loc":{"start":{"line":165,"column":6},"end":{"line":165,"column":76}},"type":"if","locations":[{"start":{"line":165,"column":6},"end":{"line":165,"column":76}},{"start":{"line":165,"column":6},"end":{"line":165,"column":76}}],"line":165},"16":{"loc":{"start":{"line":167,"column":6},"end":{"line":167,"column":87}},"type":"if","locations":[{"start":{"line":167,"column":6},"end":{"line":167,"column":87}},{"start":{"line":167,"column":6},"end":{"line":167,"column":87}}],"line":167},"17":{"loc":{"start":{"line":190,"column":4},"end":{"line":190,"column":55}},"type":"if","locations":[{"start":{"line":190,"column":4},"end":{"line":190,"column":55}},{"start":{"line":190,"column":4},"end":{"line":190,"column":55}}],"line":190},"18":{"loc":{"start":{"line":191,"column":4},"end":{"line":191,"column":55}},"type":"if","locations":[{"start":{"line":191,"column":4},"end":{"line":191,"column":55}},{"start":{"line":191,"column":4},"end":{"line":191,"column":55}}],"line":191},"19":{"loc":{"start":{"line":196,"column":6},"end":{"line":200,"column":7}},"type":"if","locations":[{"start":{"line":196,"column":6},"end":{"line":200,"column":7}},{"start":{"line":196,"column":6},"end":{"line":200,"column":7}}],"line":196},"20":{"loc":{"start":{"line":198,"column":8},"end":{"line":198,"column":50}},"type":"if","locations":[{"start":{"line":198,"column":8},"end":{"line":198,"column":50}},{"start":{"line":198,"column":8},"end":{"line":198,"column":50}}],"line":198},"21":{"loc":{"start":{"line":204,"column":15},"end":{"line":204,"column":43}},"type":"binary-expr","locations":[{"start":{"line":204,"column":15},"end":{"line":204,"column":29}},{"start":{"line":204,"column":33},"end":{"line":204,"column":43}}],"line":204},"22":{"loc":{"start":{"line":205,"column":19},"end":{"line":205,"column":55}},"type":"binary-expr","locations":[{"start":{"line":205,"column":19},"end":{"line":205,"column":37}},{"start":{"line":205,"column":41},"end":{"line":205,"column":55}}],"line":205},"23":{"loc":{"start":{"line":206,"column":18},"end":{"line":206,"column":52}},"type":"binary-expr","locations":[{"start":{"line":206,"column":18},"end":{"line":206,"column":35}},{"start":{"line":206,"column":39},"end":{"line":206,"column":52}}],"line":206},"24":{"loc":{"start":{"line":207,"column":18},"end":{"line":207,"column":52}},"type":"binary-expr","locations":[{"start":{"line":207,"column":18},"end":{"line":207,"column":35}},{"start":{"line":207,"column":39},"end":{"line":207,"column":52}}],"line":207},"25":{"loc":{"start":{"line":208,"column":18},"end":{"line":208,"column":52}},"type":"binary-expr","locations":[{"start":{"line":208,"column":18},"end":{"line":208,"column":35}},{"start":{"line":208,"column":39},"end":{"line":208,"column":52}}],"line":208},"26":{"loc":{"start":{"line":209,"column":15},"end":{"line":209,"column":43}},"type":"binary-expr","locations":[{"start":{"line":209,"column":15},"end":{"line":209,"column":29}},{"start":{"line":209,"column":33},"end":{"line":209,"column":43}}],"line":209},"27":{"loc":{"start":{"line":210,"column":16},"end":{"line":210,"column":46}},"type":"binary-expr","locations":[{"start":{"line":210,"column":16},"end":{"line":210,"column":31}},{"start":{"line":210,"column":35},"end":{"line":210,"column":46}}],"line":210},"28":{"loc":{"start":{"line":211,"column":16},"end":{"line":211,"column":46}},"type":"binary-expr","locations":[{"start":{"line":211,"column":16},"end":{"line":211,"column":31}},{"start":{"line":211,"column":35},"end":{"line":211,"column":46}}],"line":211},"29":{"loc":{"start":{"line":212,"column":14},"end":{"line":212,"column":40}},"type":"binary-expr","locations":[{"start":{"line":212,"column":14},"end":{"line":212,"column":27}},{"start":{"line":212,"column":31},"end":{"line":212,"column":40}}],"line":212},"30":{"loc":{"start":{"line":213,"column":15},"end":{"line":213,"column":43}},"type":"binary-expr","locations":[{"start":{"line":213,"column":15},"end":{"line":213,"column":29}},{"start":{"line":213,"column":33},"end":{"line":213,"column":43}}],"line":213},"31":{"loc":{"start":{"line":214,"column":17},"end":{"line":214,"column":49}},"type":"binary-expr","locations":[{"start":{"line":214,"column":17},"end":{"line":214,"column":33}},{"start":{"line":214,"column":37},"end":{"line":214,"column":49}}],"line":214},"32":{"loc":{"start":{"line":215,"column":13},"end":{"line":215,"column":37}},"type":"binary-expr","locations":[{"start":{"line":215,"column":13},"end":{"line":215,"column":25}},{"start":{"line":215,"column":29},"end":{"line":215,"column":37}}],"line":215},"33":{"loc":{"start":{"line":216,"column":15},"end":{"line":216,"column":43}},"type":"binary-expr","locations":[{"start":{"line":216,"column":15},"end":{"line":216,"column":29}},{"start":{"line":216,"column":33},"end":{"line":216,"column":43}}],"line":216},"34":{"loc":{"start":{"line":217,"column":19},"end":{"line":217,"column":45}},"type":"binary-expr","locations":[{"start":{"line":217,"column":19},"end":{"line":217,"column":27}},{"start":{"line":217,"column":31},"end":{"line":217,"column":45}}],"line":217},"35":{"loc":{"start":{"line":220,"column":8},"end":{"line":222,"column":9}},"type":"if","locations":[{"start":{"line":220,"column":8},"end":{"line":222,"column":9}},{"start":{"line":220,"column":8},"end":{"line":222,"column":9}}],"line":220},"36":{"loc":{"start":{"line":221,"column":10},"end":{"line":221,"column":62}},"type":"if","locations":[{"start":{"line":221,"column":10},"end":{"line":221,"column":62}},{"start":{"line":221,"column":10},"end":{"line":221,"column":62}}],"line":221},"37":{"loc":{"start":{"line":226,"column":8},"end":{"line":226,"column":50}},"type":"if","locations":[{"start":{"line":226,"column":8},"end":{"line":226,"column":50}},{"start":{"line":226,"column":8},"end":{"line":226,"column":50}}],"line":226},"38":{"loc":{"start":{"line":237,"column":6},"end":{"line":237,"column":76}},"type":"if","locations":[{"start":{"line":237,"column":6},"end":{"line":237,"column":76}},{"start":{"line":237,"column":6},"end":{"line":237,"column":76}}],"line":237},"39":{"loc":{"start":{"line":240,"column":8},"end":{"line":240,"column":62}},"type":"if","locations":[{"start":{"line":240,"column":8},"end":{"line":240,"column":62}},{"start":{"line":240,"column":8},"end":{"line":240,"column":62}}],"line":240},"40":{"loc":{"start":{"line":255,"column":6},"end":{"line":255,"column":76}},"type":"if","locations":[{"start":{"line":255,"column":6},"end":{"line":255,"column":76}},{"start":{"line":255,"column":6},"end":{"line":255,"column":76}}],"line":255}},"s":{"0":1,"1":1,"2":1,"3":1,"4":1,"5":1,"6":1,"7":1,"8":1,"9":1,"10":1,"11":1,"12":1,"13":6,"14":1,"15":1,"16":1,"17":1,"18":1,"19":1,"20":5,"21":5,"22":0,"23":1,"24":9,"25":9,"26":0,"27":1,"28":3,"29":1,"30":2,"31":1,"32":23,"33":23,"34":1,"35":34,"36":34,"37":34,"38":34,"39":34,"40":10,"41":10,"42":10,"43":7,"44":5,"45":5,"46":2,"47":2,"48":3,"49":3,"50":34,"51":34,"52":34,"53":34,"54":1,"55":27,"56":27,"57":27,"58":27,"59":27,"60":1,"61":26,"62":2,"63":24,"64":1,"65":1,"66":1,"67":23,"68":23,"69":22,"70":22,"71":22,"72":1,"73":0,"74":1,"75":2,"76":2,"77":1,"78":1,"79":1,"80":1,"81":0,"82":2,"83":2,"84":0,"85":7,"86":7,"87":7,"88":7,"89":7,"90":1,"91":6,"92":1,"93":5,"94":5,"95":1,"96":1,"97":1,"98":4,"99":4,"100":3,"101":2,"102":1,"103":3,"104":1,"105":0,"106":1,"107":0,"108":2,"109":2,"110":1,"111":1,"112":1,"113":1,"114":1,"115":0,"116":0,"117":2,"118":2,"119":1,"120":1,"121":0,"122":1},"f":{"0":6,"1":5,"2":5,"3":9,"4":9,"5":3,"6":2,"7":23,"8":34,"9":27,"10":22,"11":1,"12":2,"13":2,"14":0,"15":2,"16":2,"17":0,"18":7,"19":5,"20":3,"21":1,"22":0,"23":2,"24":2,"25":1,"26":0,"27":0,"28":2,"29":2,"30":0},"b":{"0":[2,4],"1":[6,6],"2":[0,5],"3":[0,9],"4":[10,24],"5":[7,3],"6":[10,8],"7":[5,2],"8":[1,26],"9":[2,24],"10":[1,23],"11":[24,24,23,23,23,23,23,23,23],"12":[1,0],"13":[22,0],"14":[0,1],"15":[1,1],"16":[1,0],"17":[1,6],"18":[1,5],"19":[1,4],"20":[1,0],"21":[4,1],"22":[4,1],"23":[4,1],"24":[4,1],"25":[4,1],"26":[4,1],"27":[4,1],"28":[4,1],"29":[4,1],"30":[4,1],"31":[4,3],"32":[4,1],"33":[4,1],"34":[4,2],"35":[2,1],"36":[1,1],"37":[0,1],"38":[1,1],"39":[1,0],"40":[1,1]},"_coverageSchema":"d34fc3e6b8297bcde183f5492bcb8fcb36775295","hash":"ca317371a7759ea8c54e8c71c8d5ea5780da57ee","contentHash":"49cd3dd7d18f95470d16978d0fcb95c6_12.0.2"},"/home/somto/1Projects/Andela/We-Connect/server/server/models/index.js":{"path":"/home/somto/1Projects/Andela/We-Connect/server/server/models/index.js","statementMap":{"0":{"start":{"line":3,"column":0},"end":{"line":5,"column":3}},"1":{"start":{"line":7,"column":10},"end":{"line":7,"column":23}},"2":{"start":{"line":9,"column":11},"end":{"line":9,"column":38}},"3":{"start":{"line":11,"column":12},"end":{"line":11,"column":27}},"4":{"start":{"line":13,"column":13},"end":{"line":13,"column":42}},"5":{"start":{"line":15,"column":17},"end":{"line":15,"column":37}},"6":{"start":{"line":17,"column":18},"end":{"line":17,"column":52}},"7":{"start":{"line":19,"column":14},"end":{"line":19,"column":46}},"8":{"start":{"line":21,"column":15},"end":{"line":21,"column":46}},"9":{"start":{"line":23,"column":39},"end":{"line":23,"column":93}},"10":{"start":{"line":25,"column":15},"end":{"line":25,"column":50}},"11":{"start":{"line":26,"column":10},"end":{"line":26,"column":47}},"12":{"start":{"line":27,"column":13},"end":{"line":27,"column":34}},"13":{"start":{"line":28,"column":9},"end":{"line":28,"column":11}},"14":{"start":{"line":30,"column":16},"end":{"line":30,"column":22}},"15":{"start":{"line":31,"column":0},"end":{"line":35,"column":1}},"16":{"start":{"line":32,"column":2},"end":{"line":32,"column":84}},"17":{"start":{"line":34,"column":2},"end":{"line":34,"column":97}},"18":{"start":{"line":37,"column":0},"end":{"line":42,"column":3}},"19":{"start":{"line":38,"column":2},"end":{"line":38,"column":82}},"20":{"start":{"line":40,"column":14},"end":{"line":40,"column":68}},"21":{"start":{"line":41,"column":2},"end":{"line":41,"column":25}},"22":{"start":{"line":44,"column":0},"end":{"line":48,"column":3}},"23":{"start":{"line":45,"column":2},"end":{"line":47,"column":3}},"24":{"start":{"line":46,"column":4},"end":{"line":46,"column":32}},"25":{"start":{"line":50,"column":0},"end":{"line":50,"column":25}},"26":{"start":{"line":51,"column":0},"end":{"line":51,"column":35}},"27":{"start":{"line":53,"column":0},"end":{"line":53,"column":21}}},"fnMap":{"0":{"name":"_interopRequireDefault","decl":{"start":{"line":23,"column":9},"end":{"line":23,"column":31}},"loc":{"start":{"line":23,"column":37},"end":{"line":23,"column":95}},"line":23},"1":{"name":"(anonymous_1)","decl":{"start":{"line":37,"column":43},"end":{"line":37,"column":44}},"loc":{"start":{"line":37,"column":59},"end":{"line":39,"column":1}},"line":37},"2":{"name":"(anonymous_2)","decl":{"start":{"line":39,"column":11},"end":{"line":39,"column":12}},"loc":{"start":{"line":39,"column":27},"end":{"line":42,"column":1}},"line":39},"3":{"name":"(anonymous_3)","decl":{"start":{"line":44,"column":24},"end":{"line":44,"column":25}},"loc":{"start":{"line":44,"column":45},"end":{"line":48,"column":1}},"line":44}},"branchMap":{"0":{"loc":{"start":{"line":23,"column":46},"end":{"line":23,"column":92}},"type":"cond-expr","locations":[{"start":{"line":23,"column":70},"end":{"line":23,"column":73}},{"start":{"line":23,"column":76},"end":{"line":23,"column":92}}],"line":23},"1":{"loc":{"start":{"line":23,"column":46},"end":{"line":23,"column":67}},"type":"binary-expr","locations":[{"start":{"line":23,"column":46},"end":{"line":23,"column":49}},{"start":{"line":23,"column":53},"end":{"line":23,"column":67}}],"line":23},"2":{"loc":{"start":{"line":26,"column":10},"end":{"line":26,"column":47}},"type":"binary-expr","locations":[{"start":{"line":26,"column":10},"end":{"line":26,"column":30}},{"start":{"line":26,"column":34},"end":{"line":26,"column":47}}],"line":26},"3":{"loc":{"start":{"line":31,"column":0},"end":{"line":35,"column":1}},"type":"if","locations":[{"start":{"line":31,"column":0},"end":{"line":35,"column":1}},{"start":{"line":31,"column":0},"end":{"line":35,"column":1}}],"line":31},"4":{"loc":{"start":{"line":38,"column":9},"end":{"line":38,"column":81}},"type":"binary-expr","locations":[{"start":{"line":38,"column":9},"end":{"line":38,"column":32}},{"start":{"line":38,"column":36},"end":{"line":38,"column":53}},{"start":{"line":38,"column":57},"end":{"line":38,"column":81}}],"line":38},"5":{"loc":{"start":{"line":45,"column":2},"end":{"line":47,"column":3}},"type":"if","locations":[{"start":{"line":45,"column":2},"end":{"line":47,"column":3}},{"start":{"line":45,"column":2},"end":{"line":47,"column":3}}],"line":45}},"s":{"0":1,"1":1,"2":1,"3":1,"4":1,"5":1,"6":1,"7":1,"8":1,"9":4,"10":1,"11":1,"12":1,"13":1,"14":1,"15":1,"16":1,"17":0,"18":1,"19":4,"20":3,"21":3,"22":1,"23":3,"24":3,"25":1,"26":1,"27":1},"f":{"0":4,"1":4,"2":3,"3":3},"b":{"0":[0,4],"1":[4,4],"2":[1,0],"3":[1,0],"4":[4,4,3],"5":[3,0]},"_coverageSchema":"d34fc3e6b8297bcde183f5492bcb8fcb36775295","hash":"886e5a7dfe1e33e7191b6e324d1f56529a513c66","contentHash":"650f73486dde72fdb61e5ea55d475b07_12.0.2"},"/home/somto/1Projects/Andela/We-Connect/server/server/models/business.js":{"path":"/home/somto/1Projects/Andela/We-Connect/server/server/models/business.js","statementMap":{"0":{"start":{"line":3,"column":0},"end":{"line":5,"column":3}},"1":{"start":{"line":7,"column":0},"end":{"line":65,"column":2}},"2":{"start":{"line":8,"column":17},"end":{"line":53,"column":4}},"3":{"start":{"line":54,"column":2},"end":{"line":63,"column":4}},"4":{"start":{"line":55,"column":4},"end":{"line":58,"column":7}},"5":{"start":{"line":59,"column":4},"end":{"line":62,"column":7}},"6":{"start":{"line":64,"column":2},"end":{"line":64,"column":18}}},"fnMap":{"0":{"name":"(anonymous_0)","decl":{"start":{"line":7,"column":18},"end":{"line":7,"column":19}},"loc":{"start":{"line":7,"column":50},"end":{"line":65,"column":1}},"line":7},"1":{"name":"(anonymous_1)","decl":{"start":{"line":54,"column":23},"end":{"line":54,"column":24}},"loc":{"start":{"line":54,"column":41},"end":{"line":63,"column":3}},"line":54}},"branchMap":{},"s":{"0":1,"1":1,"2":1,"3":1,"4":1,"5":1,"6":1},"f":{"0":1,"1":1},"b":{},"_coverageSchema":"d34fc3e6b8297bcde183f5492bcb8fcb36775295","hash":"25908c3374e585218987a92481966a7c22c41722","contentHash":"71007a4d49410022392c62d223266ee9_12.0.2"},"/home/somto/1Projects/Andela/We-Connect/server/server/models/review.js":{"path":"/home/somto/1Projects/Andela/We-Connect/server/server/models/review.js","statementMap":{"0":{"start":{"line":3,"column":0},"end":{"line":5,"column":3}},"1":{"start":{"line":7,"column":0},"end":{"line":25,"column":2}},"2":{"start":{"line":8,"column":15},"end":{"line":13,"column":4}},"3":{"start":{"line":14,"column":2},"end":{"line":23,"column":4}},"4":{"start":{"line":15,"column":4},"end":{"line":18,"column":7}},"5":{"start":{"line":19,"column":4},"end":{"line":22,"column":7}},"6":{"start":{"line":24,"column":2},"end":{"line":24,"column":16}}},"fnMap":{"0":{"name":"(anonymous_0)","decl":{"start":{"line":7,"column":18},"end":{"line":7,"column":19}},"loc":{"start":{"line":7,"column":50},"end":{"line":25,"column":1}},"line":7},"1":{"name":"(anonymous_1)","decl":{"start":{"line":14,"column":21},"end":{"line":14,"column":22}},"loc":{"start":{"line":14,"column":39},"end":{"line":23,"column":3}},"line":14}},"branchMap":{},"s":{"0":1,"1":1,"2":1,"3":1,"4":1,"5":1,"6":1},"f":{"0":1,"1":1},"b":{},"_coverageSchema":"d34fc3e6b8297bcde183f5492bcb8fcb36775295","hash":"434d1d38e014ec26349e689982d1971d69859e6a","contentHash":"cbb3b78d92ef77c9b8987f7519750908_12.0.2"},"/home/somto/1Projects/Andela/We-Connect/server/server/models/user.js":{"path":"/home/somto/1Projects/Andela/We-Connect/server/server/models/user.js","statementMap":{"0":{"start":{"line":3,"column":0},"end":{"line":5,"column":3}},"1":{"start":{"line":7,"column":0},"end":{"line":78,"column":2}},"2":{"start":{"line":8,"column":13},"end":{"line":65,"column":4}},"3":{"start":{"line":67,"column":2},"end":{"line":76,"column":4}},"4":{"start":{"line":68,"column":4},"end":{"line":71,"column":7}},"5":{"start":{"line":72,"column":4},"end":{"line":75,"column":7}},"6":{"start":{"line":77,"column":2},"end":{"line":77,"column":14}}},"fnMap":{"0":{"name":"(anonymous_0)","decl":{"start":{"line":7,"column":18},"end":{"line":7,"column":19}},"loc":{"start":{"line":7,"column":50},"end":{"line":78,"column":1}},"line":7},"1":{"name":"(anonymous_1)","decl":{"start":{"line":67,"column":19},"end":{"line":67,"column":20}},"loc":{"start":{"line":67,"column":37},"end":{"line":76,"column":3}},"line":67}},"branchMap":{},"s":{"0":1,"1":1,"2":1,"3":1,"4":1,"5":1,"6":1},"f":{"0":1,"1":1},"b":{},"_coverageSchema":"d34fc3e6b8297bcde183f5492bcb8fcb36775295","hash":"2b3425532a1a70e1e24d64038d8aa30bb6099b14","contentHash":"00120f6cfd07eee9abbffbd1fac2a7ba_12.0.2"},"/home/somto/1Projects/Andela/We-Connect/server/server/controllers/businesses.js":{"path":"/home/somto/1Projects/Andela/We-Connect/server/server/controllers/businesses.js","statementMap":{"0":{"start":{"line":3,"column":0},"end":{"line":5,"column":3}},"1":{"start":{"line":7,"column":14},"end":{"line":7,"column":31}},"2":{"start":{"line":9,"column":15},"end":{"line":9,"column":46}},"3":{"start":{"line":11,"column":18},"end":{"line":11,"column":40}},"4":{"start":{"line":13,"column":19},"end":{"line":13,"column":54}},"5":{"start":{"line":15,"column":20},"end":{"line":15,"column":43}},"6":{"start":{"line":17,"column":21},"end":{"line":17,"column":58}},"7":{"start":{"line":19,"column":14},"end":{"line":19,"column":34}},"8":{"start":{"line":21,"column":15},"end":{"line":21,"column":46}},"9":{"start":{"line":23,"column":11},"end":{"line":23,"column":31}},"10":{"start":{"line":25,"column":12},"end":{"line":25,"column":40}},"11":{"start":{"line":27,"column":39},"end":{"line":27,"column":93}},"12":{"start":{"line":29,"column":11},"end":{"line":29,"column":63}},"13":{"start":{"line":30,"column":15},"end":{"line":30,"column":22}},"14":{"start":{"line":31,"column":13},"end":{"line":31,"column":20}},"15":{"start":{"line":34,"column":13},"end":{"line":36,"column":2}},"16":{"start":{"line":38,"column":20},"end":{"line":38,"column":35}},"17":{"start":{"line":46,"column":17},"end":{"line":50,"column":1}},"18":{"start":{"line":47,"column":2},"end":{"line":49,"column":5}},"19":{"start":{"line":48,"column":4},"end":{"line":48,"column":23}},"20":{"start":{"line":48,"column":13},"end":{"line":48,"column":23}},"21":{"start":{"line":57,"column":17},"end":{"line":61,"column":1}},"22":{"start":{"line":58,"column":2},"end":{"line":60,"column":5}},"23":{"start":{"line":59,"column":4},"end":{"line":59,"column":23}},"24":{"start":{"line":59,"column":13},"end":{"line":59,"column":23}},"25":{"start":{"line":64,"column":26},"end":{"line":66,"column":1}},"26":{"start":{"line":65,"column":2},"end":{"line":65,"column":90}},"27":{"start":{"line":69,"column":26},"end":{"line":71,"column":1}},"28":{"start":{"line":70,"column":2},"end":{"line":70,"column":86}},"29":{"start":{"line":74,"column":23},"end":{"line":102,"column":1}},"30":{"start":{"line":75,"column":23},"end":{"line":75,"column":25}},"31":{"start":{"line":76,"column":22},"end":{"line":76,"column":27}},"32":{"start":{"line":77,"column":22},"end":{"line":77,"column":27}},"33":{"start":{"line":78,"column":17},"end":{"line":78,"column":19}},"34":{"start":{"line":80,"column":2},"end":{"line":96,"column":3}},"35":{"start":{"line":81,"column":19},"end":{"line":81,"column":39}},"36":{"start":{"line":82,"column":21},"end":{"line":82,"column":96}},"37":{"start":{"line":83,"column":4},"end":{"line":95,"column":5}},"38":{"start":{"line":84,"column":6},"end":{"line":91,"column":7}},"39":{"start":{"line":85,"column":8},"end":{"line":85,"column":41}},"40":{"start":{"line":87,"column":8},"end":{"line":87,"column":62}},"41":{"start":{"line":89,"column":8},"end":{"line":89,"column":29}},"42":{"start":{"line":90,"column":8},"end":{"line":90,"column":29}},"43":{"start":{"line":93,"column":6},"end":{"line":93,"column":27}},"44":{"start":{"line":94,"column":6},"end":{"line":94,"column":27}},"45":{"start":{"line":97,"column":2},"end":{"line":97,"column":36}},"46":{"start":{"line":98,"column":2},"end":{"line":98,"column":36}},"47":{"start":{"line":99,"column":2},"end":{"line":99,"column":31}},"48":{"start":{"line":101,"column":2},"end":{"line":101,"column":24}},"49":{"start":{"line":105,"column":17},"end":{"line":133,"column":1}},"50":{"start":{"line":106,"column":24},"end":{"line":106,"column":26}},"51":{"start":{"line":107,"column":29},"end":{"line":107,"column":34}},"52":{"start":{"line":108,"column":19},"end":{"line":108,"column":24}},"53":{"start":{"line":109,"column":18},"end":{"line":109,"column":24}},"54":{"start":{"line":112,"column":14},"end":{"line":112,"column":80}},"55":{"start":{"line":113,"column":2},"end":{"line":116,"column":3}},"56":{"start":{"line":114,"column":4},"end":{"line":114,"column":51}},"57":{"start":{"line":114,"column":18},"end":{"line":114,"column":51}},"58":{"start":{"line":115,"column":4},"end":{"line":115,"column":32}},"59":{"start":{"line":119,"column":2},"end":{"line":126,"column":5}},"60":{"start":{"line":120,"column":4},"end":{"line":125,"column":34}},"61":{"start":{"line":121,"column":6},"end":{"line":124,"column":7}},"62":{"start":{"line":122,"column":8},"end":{"line":122,"column":55}},"63":{"start":{"line":122,"column":22},"end":{"line":122,"column":55}},"64":{"start":{"line":123,"column":8},"end":{"line":123,"column":26}},"65":{"start":{"line":125,"column":11},"end":{"line":125,"column":34}},"66":{"start":{"line":128,"column":2},"end":{"line":128,"column":44}},"67":{"start":{"line":129,"column":2},"end":{"line":129,"column":34}},"68":{"start":{"line":130,"column":2},"end":{"line":130,"column":33}},"69":{"start":{"line":132,"column":2},"end":{"line":132,"column":25}},"70":{"start":{"line":135,"column":27},"end":{"line":350,"column":1}},"71":{"start":{"line":140,"column":20},"end":{"line":140,"column":26}},"72":{"start":{"line":141,"column":21},"end":{"line":141,"column":41}},"73":{"start":{"line":142,"column":31},"end":{"line":142,"column":44}},"74":{"start":{"line":143,"column":26},"end":{"line":143,"column":39}},"75":{"start":{"line":144,"column":30},"end":{"line":144,"column":43}},"76":{"start":{"line":146,"column":4},"end":{"line":146,"column":106}},"77":{"start":{"line":146,"column":30},"end":{"line":146,"column":106}},"78":{"start":{"line":148,"column":4},"end":{"line":148,"column":112}},"79":{"start":{"line":148,"column":25},"end":{"line":148,"column":112}},"80":{"start":{"line":150,"column":4},"end":{"line":150,"column":61}},"81":{"start":{"line":150,"column":29},"end":{"line":150,"column":61}},"82":{"start":{"line":153,"column":27},"end":{"line":153,"column":53}},"83":{"start":{"line":154,"column":24},"end":{"line":154,"column":43}},"84":{"start":{"line":155,"column":24},"end":{"line":155,"column":43}},"85":{"start":{"line":156,"column":19},"end":{"line":156,"column":38}},"86":{"start":{"line":158,"column":4},"end":{"line":158,"column":55}},"87":{"start":{"line":158,"column":23},"end":{"line":158,"column":55}},"88":{"start":{"line":159,"column":4},"end":{"line":159,"column":55}},"89":{"start":{"line":159,"column":23},"end":{"line":159,"column":55}},"90":{"start":{"line":162,"column":4},"end":{"line":167,"column":5}},"91":{"start":{"line":163,"column":6},"end":{"line":165,"column":7}},"92":{"start":{"line":164,"column":8},"end":{"line":164,"column":36}},"93":{"start":{"line":166,"column":6},"end":{"line":166,"column":68}},"94":{"start":{"line":169,"column":4},"end":{"line":189,"column":7}},"95":{"start":{"line":183,"column":6},"end":{"line":183,"column":44}},"96":{"start":{"line":185,"column":6},"end":{"line":187,"column":7}},"97":{"start":{"line":186,"column":8},"end":{"line":186,"column":36}},"98":{"start":{"line":188,"column":6},"end":{"line":188,"column":41}},"99":{"start":{"line":194,"column":20},"end":{"line":194,"column":26}},"100":{"start":{"line":197,"column":21},"end":{"line":197,"column":41}},"101":{"start":{"line":198,"column":31},"end":{"line":198,"column":44}},"102":{"start":{"line":199,"column":26},"end":{"line":199,"column":39}},"103":{"start":{"line":200,"column":30},"end":{"line":200,"column":43}},"104":{"start":{"line":202,"column":4},"end":{"line":202,"column":106}},"105":{"start":{"line":202,"column":30},"end":{"line":202,"column":106}},"106":{"start":{"line":203,"column":4},"end":{"line":203,"column":112}},"107":{"start":{"line":203,"column":25},"end":{"line":203,"column":112}},"108":{"start":{"line":204,"column":4},"end":{"line":204,"column":61}},"109":{"start":{"line":204,"column":29},"end":{"line":204,"column":61}},"110":{"start":{"line":207,"column":27},"end":{"line":207,"column":53}},"111":{"start":{"line":208,"column":24},"end":{"line":208,"column":43}},"112":{"start":{"line":209,"column":24},"end":{"line":209,"column":43}},"113":{"start":{"line":210,"column":19},"end":{"line":210,"column":38}},"114":{"start":{"line":212,"column":4},"end":{"line":212,"column":55}},"115":{"start":{"line":212,"column":23},"end":{"line":212,"column":55}},"116":{"start":{"line":213,"column":4},"end":{"line":213,"column":55}},"117":{"start":{"line":213,"column":23},"end":{"line":213,"column":55}},"118":{"start":{"line":215,"column":4},"end":{"line":264,"column":7}},"119":{"start":{"line":218,"column":6},"end":{"line":224,"column":7}},"120":{"start":{"line":220,"column":8},"end":{"line":222,"column":9}},"121":{"start":{"line":221,"column":10},"end":{"line":221,"column":38}},"122":{"start":{"line":223,"column":8},"end":{"line":223,"column":71}},"123":{"start":{"line":227,"column":6},"end":{"line":230,"column":7}},"124":{"start":{"line":228,"column":8},"end":{"line":228,"column":50}},"125":{"start":{"line":228,"column":22},"end":{"line":228,"column":50}},"126":{"start":{"line":229,"column":8},"end":{"line":229,"column":82}},"127":{"start":{"line":233,"column":26},"end":{"line":233,"column":47}},"128":{"start":{"line":235,"column":6},"end":{"line":261,"column":9}},"129":{"start":{"line":250,"column":8},"end":{"line":254,"column":9}},"130":{"start":{"line":251,"column":10},"end":{"line":253,"column":11}},"131":{"start":{"line":252,"column":12},"end":{"line":252,"column":45}},"132":{"start":{"line":255,"column":8},"end":{"line":255,"column":55}},"133":{"start":{"line":257,"column":8},"end":{"line":259,"column":9}},"134":{"start":{"line":258,"column":10},"end":{"line":258,"column":38}},"135":{"start":{"line":260,"column":8},"end":{"line":260,"column":43}},"136":{"start":{"line":263,"column":6},"end":{"line":263,"column":41}},"137":{"start":{"line":269,"column":20},"end":{"line":269,"column":26}},"138":{"start":{"line":270,"column":21},"end":{"line":270,"column":41}},"139":{"start":{"line":271,"column":31},"end":{"line":271,"column":44}},"140":{"start":{"line":272,"column":26},"end":{"line":272,"column":39}},"141":{"start":{"line":273,"column":30},"end":{"line":273,"column":43}},"142":{"start":{"line":275,"column":4},"end":{"line":275,"column":106}},"143":{"start":{"line":275,"column":30},"end":{"line":275,"column":106}},"144":{"start":{"line":277,"column":4},"end":{"line":277,"column":112}},"145":{"start":{"line":277,"column":25},"end":{"line":277,"column":112}},"146":{"start":{"line":279,"column":4},"end":{"line":279,"column":61}},"147":{"start":{"line":279,"column":29},"end":{"line":279,"column":61}},"148":{"start":{"line":281,"column":4},"end":{"line":300,"column":7}},"149":{"start":{"line":282,"column":6},"end":{"line":284,"column":7}},"150":{"start":{"line":283,"column":8},"end":{"line":283,"column":71}},"151":{"start":{"line":286,"column":6},"end":{"line":288,"column":7}},"152":{"start":{"line":287,"column":8},"end":{"line":287,"column":82}},"153":{"start":{"line":290,"column":6},"end":{"line":297,"column":9}},"154":{"start":{"line":291,"column":8},"end":{"line":293,"column":9}},"155":{"start":{"line":292,"column":10},"end":{"line":292,"column":51}},"156":{"start":{"line":294,"column":8},"end":{"line":294,"column":38}},"157":{"start":{"line":296,"column":8},"end":{"line":296,"column":43}},"158":{"start":{"line":299,"column":6},"end":{"line":299,"column":41}},"159":{"start":{"line":305,"column":4},"end":{"line":314,"column":7}},"160":{"start":{"line":308,"column":6},"end":{"line":310,"column":7}},"161":{"start":{"line":309,"column":8},"end":{"line":309,"column":71}},"162":{"start":{"line":311,"column":6},"end":{"line":311,"column":44}},"163":{"start":{"line":313,"column":6},"end":{"line":313,"column":41}},"164":{"start":{"line":319,"column":24},"end":{"line":319,"column":30}},"165":{"start":{"line":320,"column":4},"end":{"line":322,"column":5}},"166":{"start":{"line":321,"column":6},"end":{"line":321,"column":88}},"167":{"start":{"line":323,"column":4},"end":{"line":328,"column":5}},"168":{"start":{"line":324,"column":6},"end":{"line":327,"column":9}},"169":{"start":{"line":329,"column":4},"end":{"line":334,"column":5}},"170":{"start":{"line":330,"column":6},"end":{"line":333,"column":9}},"171":{"start":{"line":335,"column":4},"end":{"line":340,"column":5}},"172":{"start":{"line":336,"column":6},"end":{"line":339,"column":9}},"173":{"start":{"line":341,"column":4},"end":{"line":348,"column":7}},"174":{"start":{"line":342,"column":6},"end":{"line":344,"column":7}},"175":{"start":{"line":343,"column":8},"end":{"line":343,"column":73}},"176":{"start":{"line":345,"column":6},"end":{"line":345,"column":44}},"177":{"start":{"line":347,"column":6},"end":{"line":347,"column":41}},"178":{"start":{"line":352,"column":0},"end":{"line":352,"column":39}}},"fnMap":{"0":{"name":"_interopRequireDefault","decl":{"start":{"line":27,"column":9},"end":{"line":27,"column":31}},"loc":{"start":{"line":27,"column":37},"end":{"line":27,"column":95}},"line":27},"1":{"name":"renameFile","decl":{"start":{"line":46,"column":26},"end":{"line":46,"column":36}},"loc":{"start":{"line":46,"column":59},"end":{"line":50,"column":1}},"line":46},"2":{"name":"(anonymous_2)","decl":{"start":{"line":47,"column":52},"end":{"line":47,"column":53}},"loc":{"start":{"line":47,"column":67},"end":{"line":49,"column":3}},"line":47},"3":{"name":"deleteFile","decl":{"start":{"line":57,"column":26},"end":{"line":57,"column":36}},"loc":{"start":{"line":57,"column":49},"end":{"line":61,"column":1}},"line":57},"4":{"name":"(anonymous_4)","decl":{"start":{"line":58,"column":42},"end":{"line":58,"column":43}},"loc":{"start":{"line":58,"column":57},"end":{"line":60,"column":3}},"line":58},"5":{"name":"fileTypeHandleError","decl":{"start":{"line":64,"column":35},"end":{"line":64,"column":54}},"loc":{"start":{"line":64,"column":60},"end":{"line":66,"column":1}},"line":64},"6":{"name":"fileSizeHandleError","decl":{"start":{"line":69,"column":35},"end":{"line":69,"column":54}},"loc":{"start":{"line":69,"column":60},"end":{"line":71,"column":1}},"line":69},"7":{"name":"fileFilterMethod","decl":{"start":{"line":74,"column":32},"end":{"line":74,"column":48}},"loc":{"start":{"line":74,"column":54},"end":{"line":102,"column":1}},"line":74},"8":{"name":"authMethod","decl":{"start":{"line":105,"column":26},"end":{"line":105,"column":36}},"loc":{"start":{"line":105,"column":42},"end":{"line":133,"column":1}},"line":105},"9":{"name":"(anonymous_9)","decl":{"start":{"line":119,"column":73},"end":{"line":119,"column":74}},"loc":{"start":{"line":119,"column":97},"end":{"line":126,"column":3}},"line":119},"10":{"name":"create","decl":{"start":{"line":139,"column":19},"end":{"line":139,"column":25}},"loc":{"start":{"line":139,"column":36},"end":{"line":190,"column":3}},"line":139},"11":{"name":"(anonymous_11)","decl":{"start":{"line":182,"column":12},"end":{"line":182,"column":13}},"loc":{"start":{"line":182,"column":32},"end":{"line":184,"column":5}},"line":182},"12":{"name":"(anonymous_12)","decl":{"start":{"line":184,"column":13},"end":{"line":184,"column":14}},"loc":{"start":{"line":184,"column":30},"end":{"line":189,"column":5}},"line":184},"13":{"name":"update","decl":{"start":{"line":193,"column":19},"end":{"line":193,"column":25}},"loc":{"start":{"line":193,"column":36},"end":{"line":265,"column":3}},"line":193},"14":{"name":"(anonymous_14)","decl":{"start":{"line":217,"column":12},"end":{"line":217,"column":13}},"loc":{"start":{"line":217,"column":32},"end":{"line":262,"column":5}},"line":217},"15":{"name":"(anonymous_15)","decl":{"start":{"line":248,"column":14},"end":{"line":248,"column":15}},"loc":{"start":{"line":248,"column":43},"end":{"line":256,"column":7}},"line":248},"16":{"name":"(anonymous_16)","decl":{"start":{"line":256,"column":15},"end":{"line":256,"column":16}},"loc":{"start":{"line":256,"column":32},"end":{"line":261,"column":7}},"line":256},"17":{"name":"(anonymous_17)","decl":{"start":{"line":262,"column":13},"end":{"line":262,"column":14}},"loc":{"start":{"line":262,"column":30},"end":{"line":264,"column":5}},"line":262},"18":{"name":"destroy","decl":{"start":{"line":268,"column":20},"end":{"line":268,"column":27}},"loc":{"start":{"line":268,"column":38},"end":{"line":301,"column":3}},"line":268},"19":{"name":"(anonymous_19)","decl":{"start":{"line":281,"column":57},"end":{"line":281,"column":58}},"loc":{"start":{"line":281,"column":77},"end":{"line":298,"column":5}},"line":281},"20":{"name":"(anonymous_20)","decl":{"start":{"line":290,"column":37},"end":{"line":290,"column":38}},"loc":{"start":{"line":290,"column":49},"end":{"line":295,"column":7}},"line":290},"21":{"name":"(anonymous_21)","decl":{"start":{"line":295,"column":15},"end":{"line":295,"column":16}},"loc":{"start":{"line":295,"column":32},"end":{"line":297,"column":7}},"line":295},"22":{"name":"(anonymous_22)","decl":{"start":{"line":298,"column":13},"end":{"line":298,"column":14}},"loc":{"start":{"line":298,"column":30},"end":{"line":300,"column":5}},"line":298},"23":{"name":"retrieve","decl":{"start":{"line":304,"column":21},"end":{"line":304,"column":29}},"loc":{"start":{"line":304,"column":40},"end":{"line":315,"column":3}},"line":304},"24":{"name":"(anonymous_24)","decl":{"start":{"line":307,"column":12},"end":{"line":307,"column":13}},"loc":{"start":{"line":307,"column":32},"end":{"line":312,"column":5}},"line":307},"25":{"name":"(anonymous_25)","decl":{"start":{"line":312,"column":13},"end":{"line":312,"column":14}},"loc":{"start":{"line":312,"column":30},"end":{"line":314,"column":5}},"line":312},"26":{"name":"list","decl":{"start":{"line":318,"column":17},"end":{"line":318,"column":21}},"loc":{"start":{"line":318,"column":32},"end":{"line":349,"column":3}},"line":318},"27":{"name":"(anonymous_27)","decl":{"start":{"line":341,"column":30},"end":{"line":341,"column":31}},"loc":{"start":{"line":341,"column":50},"end":{"line":346,"column":5}},"line":341},"28":{"name":"(anonymous_28)","decl":{"start":{"line":346,"column":13},"end":{"line":346,"column":14}},"loc":{"start":{"line":346,"column":30},"end":{"line":348,"column":5}},"line":346}},"branchMap":{"0":{"loc":{"start":{"line":27,"column":46},"end":{"line":27,"column":92}},"type":"cond-expr","locations":[{"start":{"line":27,"column":70},"end":{"line":27,"column":73}},{"start":{"line":27,"column":76},"end":{"line":27,"column":92}}],"line":27},"1":{"loc":{"start":{"line":27,"column":46},"end":{"line":27,"column":67}},"type":"binary-expr","locations":[{"start":{"line":27,"column":46},"end":{"line":27,"column":49}},{"start":{"line":27,"column":53},"end":{"line":27,"column":67}}],"line":27},"2":{"loc":{"start":{"line":48,"column":4},"end":{"line":48,"column":23}},"type":"if","locations":[{"start":{"line":48,"column":4},"end":{"line":48,"column":23}},{"start":{"line":48,"column":4},"end":{"line":48,"column":23}}],"line":48},"3":{"loc":{"start":{"line":59,"column":4},"end":{"line":59,"column":23}},"type":"if","locations":[{"start":{"line":59,"column":4},"end":{"line":59,"column":23}},{"start":{"line":59,"column":4},"end":{"line":59,"column":23}}],"line":59},"4":{"loc":{"start":{"line":80,"column":2},"end":{"line":96,"column":3}},"type":"if","locations":[{"start":{"line":80,"column":2},"end":{"line":96,"column":3}},{"start":{"line":80,"column":2},"end":{"line":96,"column":3}}],"line":80},"5":{"loc":{"start":{"line":83,"column":4},"end":{"line":95,"column":5}},"type":"if","locations":[{"start":{"line":83,"column":4},"end":{"line":95,"column":5}},{"start":{"line":83,"column":4},"end":{"line":95,"column":5}}],"line":83},"6":{"loc":{"start":{"line":83,"column":8},"end":{"line":83,"column":79}},"type":"binary-expr","locations":[{"start":{"line":83,"column":8},"end":{"line":83,"column":42}},{"start":{"line":83,"column":46},"end":{"line":83,"column":79}}],"line":83},"7":{"loc":{"start":{"line":84,"column":6},"end":{"line":91,"column":7}},"type":"if","locations":[{"start":{"line":84,"column":6},"end":{"line":91,"column":7}},{"start":{"line":84,"column":6},"end":{"line":91,"column":7}}],"line":84},"8":{"loc":{"start":{"line":112,"column":14},"end":{"line":112,"column":80}},"type":"binary-expr","locations":[{"start":{"line":112,"column":14},"end":{"line":112,"column":28}},{"start":{"line":112,"column":32},"end":{"line":112,"column":47}},{"start":{"line":112,"column":51},"end":{"line":112,"column":80}}],"line":112},"9":{"loc":{"start":{"line":113,"column":2},"end":{"line":116,"column":3}},"type":"if","locations":[{"start":{"line":113,"column":2},"end":{"line":116,"column":3}},{"start":{"line":113,"column":2},"end":{"line":116,"column":3}}],"line":113},"10":{"loc":{"start":{"line":114,"column":4},"end":{"line":114,"column":51}},"type":"if","locations":[{"start":{"line":114,"column":4},"end":{"line":114,"column":51}},{"start":{"line":114,"column":4},"end":{"line":114,"column":51}}],"line":114},"11":{"loc":{"start":{"line":120,"column":4},"end":{"line":125,"column":34}},"type":"if","locations":[{"start":{"line":120,"column":4},"end":{"line":125,"column":34}},{"start":{"line":120,"column":4},"end":{"line":125,"column":34}}],"line":120},"12":{"loc":{"start":{"line":121,"column":6},"end":{"line":124,"column":7}},"type":"if","locations":[{"start":{"line":121,"column":6},"end":{"line":124,"column":7}},{"start":{"line":121,"column":6},"end":{"line":124,"column":7}}],"line":121},"13":{"loc":{"start":{"line":122,"column":8},"end":{"line":122,"column":55}},"type":"if","locations":[{"start":{"line":122,"column":8},"end":{"line":122,"column":55}},{"start":{"line":122,"column":8},"end":{"line":122,"column":55}}],"line":122},"14":{"loc":{"start":{"line":146,"column":4},"end":{"line":146,"column":106}},"type":"if","locations":[{"start":{"line":146,"column":4},"end":{"line":146,"column":106}},{"start":{"line":146,"column":4},"end":{"line":146,"column":106}}],"line":146},"15":{"loc":{"start":{"line":148,"column":4},"end":{"line":148,"column":112}},"type":"if","locations":[{"start":{"line":148,"column":4},"end":{"line":148,"column":112}},{"start":{"line":148,"column":4},"end":{"line":148,"column":112}}],"line":148},"16":{"loc":{"start":{"line":150,"column":4},"end":{"line":150,"column":61}},"type":"if","locations":[{"start":{"line":150,"column":4},"end":{"line":150,"column":61}},{"start":{"line":150,"column":4},"end":{"line":150,"column":61}}],"line":150},"17":{"loc":{"start":{"line":158,"column":4},"end":{"line":158,"column":55}},"type":"if","locations":[{"start":{"line":158,"column":4},"end":{"line":158,"column":55}},{"start":{"line":158,"column":4},"end":{"line":158,"column":55}}],"line":158},"18":{"loc":{"start":{"line":159,"column":4},"end":{"line":159,"column":55}},"type":"if","locations":[{"start":{"line":159,"column":4},"end":{"line":159,"column":55}},{"start":{"line":159,"column":4},"end":{"line":159,"column":55}}],"line":159},"19":{"loc":{"start":{"line":162,"column":4},"end":{"line":167,"column":5}},"type":"if","locations":[{"start":{"line":162,"column":4},"end":{"line":167,"column":5}},{"start":{"line":162,"column":4},"end":{"line":167,"column":5}}],"line":162},"20":{"loc":{"start":{"line":162,"column":8},"end":{"line":162,"column":115}},"type":"binary-expr","locations":[{"start":{"line":162,"column":8},"end":{"line":162,"column":30}},{"start":{"line":162,"column":34},"end":{"line":162,"column":55}},{"start":{"line":162,"column":59},"end":{"line":162,"column":74}},{"start":{"line":162,"column":78},"end":{"line":162,"column":93}},{"start":{"line":162,"column":97},"end":{"line":162,"column":115}}],"line":162},"21":{"loc":{"start":{"line":163,"column":6},"end":{"line":165,"column":7}},"type":"if","locations":[{"start":{"line":163,"column":6},"end":{"line":165,"column":7}},{"start":{"line":163,"column":6},"end":{"line":165,"column":7}}],"line":163},"22":{"loc":{"start":{"line":185,"column":6},"end":{"line":187,"column":7}},"type":"if","locations":[{"start":{"line":185,"column":6},"end":{"line":187,"column":7}},{"start":{"line":185,"column":6},"end":{"line":187,"column":7}}],"line":185},"23":{"loc":{"start":{"line":202,"column":4},"end":{"line":202,"column":106}},"type":"if","locations":[{"start":{"line":202,"column":4},"end":{"line":202,"column":106}},{"start":{"line":202,"column":4},"end":{"line":202,"column":106}}],"line":202},"24":{"loc":{"start":{"line":203,"column":4},"end":{"line":203,"column":112}},"type":"if","locations":[{"start":{"line":203,"column":4},"end":{"line":203,"column":112}},{"start":{"line":203,"column":4},"end":{"line":203,"column":112}}],"line":203},"25":{"loc":{"start":{"line":204,"column":4},"end":{"line":204,"column":61}},"type":"if","locations":[{"start":{"line":204,"column":4},"end":{"line":204,"column":61}},{"start":{"line":204,"column":4},"end":{"line":204,"column":61}}],"line":204},"26":{"loc":{"start":{"line":212,"column":4},"end":{"line":212,"column":55}},"type":"if","locations":[{"start":{"line":212,"column":4},"end":{"line":212,"column":55}},{"start":{"line":212,"column":4},"end":{"line":212,"column":55}}],"line":212},"27":{"loc":{"start":{"line":213,"column":4},"end":{"line":213,"column":55}},"type":"if","locations":[{"start":{"line":213,"column":4},"end":{"line":213,"column":55}},{"start":{"line":213,"column":4},"end":{"line":213,"column":55}}],"line":213},"28":{"loc":{"start":{"line":218,"column":6},"end":{"line":224,"column":7}},"type":"if","locations":[{"start":{"line":218,"column":6},"end":{"line":224,"column":7}},{"start":{"line":218,"column":6},"end":{"line":224,"column":7}}],"line":218},"29":{"loc":{"start":{"line":220,"column":8},"end":{"line":222,"column":9}},"type":"if","locations":[{"start":{"line":220,"column":8},"end":{"line":222,"column":9}},{"start":{"line":220,"column":8},"end":{"line":222,"column":9}}],"line":220},"30":{"loc":{"start":{"line":227,"column":6},"end":{"line":230,"column":7}},"type":"if","locations":[{"start":{"line":227,"column":6},"end":{"line":230,"column":7}},{"start":{"line":227,"column":6},"end":{"line":230,"column":7}}],"line":227},"31":{"loc":{"start":{"line":228,"column":8},"end":{"line":228,"column":50}},"type":"if","locations":[{"start":{"line":228,"column":8},"end":{"line":228,"column":50}},{"start":{"line":228,"column":8},"end":{"line":228,"column":50}}],"line":228},"32":{"loc":{"start":{"line":236,"column":22},"end":{"line":236,"column":68}},"type":"binary-expr","locations":[{"start":{"line":236,"column":22},"end":{"line":236,"column":43}},{"start":{"line":236,"column":47},"end":{"line":236,"column":68}}],"line":236},"33":{"loc":{"start":{"line":237,"column":21},"end":{"line":237,"column":65}},"type":"binary-expr","locations":[{"start":{"line":237,"column":21},"end":{"line":237,"column":41}},{"start":{"line":237,"column":45},"end":{"line":237,"column":65}}],"line":237},"34":{"loc":{"start":{"line":238,"column":16},"end":{"line":238,"column":50}},"type":"binary-expr","locations":[{"start":{"line":238,"column":16},"end":{"line":238,"column":31}},{"start":{"line":238,"column":35},"end":{"line":238,"column":50}}],"line":238},"35":{"loc":{"start":{"line":239,"column":14},"end":{"line":239,"column":44}},"type":"binary-expr","locations":[{"start":{"line":239,"column":14},"end":{"line":239,"column":27}},{"start":{"line":239,"column":31},"end":{"line":239,"column":44}}],"line":239},"36":{"loc":{"start":{"line":240,"column":15},"end":{"line":240,"column":47}},"type":"binary-expr","locations":[{"start":{"line":240,"column":15},"end":{"line":240,"column":29}},{"start":{"line":240,"column":33},"end":{"line":240,"column":47}}],"line":240},"37":{"loc":{"start":{"line":241,"column":17},"end":{"line":241,"column":53}},"type":"binary-expr","locations":[{"start":{"line":241,"column":17},"end":{"line":241,"column":33}},{"start":{"line":241,"column":37},"end":{"line":241,"column":53}}],"line":241},"38":{"loc":{"start":{"line":242,"column":19},"end":{"line":242,"column":59}},"type":"binary-expr","locations":[{"start":{"line":242,"column":19},"end":{"line":242,"column":37}},{"start":{"line":242,"column":41},"end":{"line":242,"column":59}}],"line":242},"39":{"loc":{"start":{"line":243,"column":15},"end":{"line":243,"column":47}},"type":"binary-expr","locations":[{"start":{"line":243,"column":15},"end":{"line":243,"column":29}},{"start":{"line":243,"column":33},"end":{"line":243,"column":47}}],"line":243},"40":{"loc":{"start":{"line":244,"column":15},"end":{"line":244,"column":47}},"type":"binary-expr","locations":[{"start":{"line":244,"column":15},"end":{"line":244,"column":29}},{"start":{"line":244,"column":33},"end":{"line":244,"column":47}}],"line":244},"41":{"loc":{"start":{"line":245,"column":18},"end":{"line":245,"column":56}},"type":"binary-expr","locations":[{"start":{"line":245,"column":18},"end":{"line":245,"column":35}},{"start":{"line":245,"column":39},"end":{"line":245,"column":56}}],"line":245},"42":{"loc":{"start":{"line":246,"column":22},"end":{"line":246,"column":55}},"type":"binary-expr","locations":[{"start":{"line":246,"column":22},"end":{"line":246,"column":30}},{"start":{"line":246,"column":34},"end":{"line":246,"column":55}}],"line":246},"43":{"loc":{"start":{"line":250,"column":8},"end":{"line":254,"column":9}},"type":"if","locations":[{"start":{"line":250,"column":8},"end":{"line":254,"column":9}},{"start":{"line":250,"column":8},"end":{"line":254,"column":9}}],"line":250},"44":{"loc":{"start":{"line":251,"column":10},"end":{"line":253,"column":11}},"type":"if","locations":[{"start":{"line":251,"column":10},"end":{"line":253,"column":11}},{"start":{"line":251,"column":10},"end":{"line":253,"column":11}}],"line":251},"45":{"loc":{"start":{"line":257,"column":8},"end":{"line":259,"column":9}},"type":"if","locations":[{"start":{"line":257,"column":8},"end":{"line":259,"column":9}},{"start":{"line":257,"column":8},"end":{"line":259,"column":9}}],"line":257},"46":{"loc":{"start":{"line":275,"column":4},"end":{"line":275,"column":106}},"type":"if","locations":[{"start":{"line":275,"column":4},"end":{"line":275,"column":106}},{"start":{"line":275,"column":4},"end":{"line":275,"column":106}}],"line":275},"47":{"loc":{"start":{"line":277,"column":4},"end":{"line":277,"column":112}},"type":"if","locations":[{"start":{"line":277,"column":4},"end":{"line":277,"column":112}},{"start":{"line":277,"column":4},"end":{"line":277,"column":112}}],"line":277},"48":{"loc":{"start":{"line":279,"column":4},"end":{"line":279,"column":61}},"type":"if","locations":[{"start":{"line":279,"column":4},"end":{"line":279,"column":61}},{"start":{"line":279,"column":4},"end":{"line":279,"column":61}}],"line":279},"49":{"loc":{"start":{"line":282,"column":6},"end":{"line":284,"column":7}},"type":"if","locations":[{"start":{"line":282,"column":6},"end":{"line":284,"column":7}},{"start":{"line":282,"column":6},"end":{"line":284,"column":7}}],"line":282},"50":{"loc":{"start":{"line":286,"column":6},"end":{"line":288,"column":7}},"type":"if","locations":[{"start":{"line":286,"column":6},"end":{"line":288,"column":7}},{"start":{"line":286,"column":6},"end":{"line":288,"column":7}}],"line":286},"51":{"loc":{"start":{"line":291,"column":8},"end":{"line":293,"column":9}},"type":"if","locations":[{"start":{"line":291,"column":8},"end":{"line":293,"column":9}},{"start":{"line":291,"column":8},"end":{"line":293,"column":9}}],"line":291},"52":{"loc":{"start":{"line":308,"column":6},"end":{"line":310,"column":7}},"type":"if","locations":[{"start":{"line":308,"column":6},"end":{"line":310,"column":7}},{"start":{"line":308,"column":6},"end":{"line":310,"column":7}}],"line":308},"53":{"loc":{"start":{"line":320,"column":4},"end":{"line":322,"column":5}},"type":"if","locations":[{"start":{"line":320,"column":4},"end":{"line":322,"column":5}},{"start":{"line":320,"column":4},"end":{"line":322,"column":5}}],"line":320},"54":{"loc":{"start":{"line":320,"column":8},"end":{"line":320,"column":50}},"type":"binary-expr","locations":[{"start":{"line":320,"column":8},"end":{"line":320,"column":27}},{"start":{"line":320,"column":31},"end":{"line":320,"column":50}}],"line":320},"55":{"loc":{"start":{"line":323,"column":4},"end":{"line":328,"column":5}},"type":"if","locations":[{"start":{"line":323,"column":4},"end":{"line":328,"column":5}},{"start":{"line":323,"column":4},"end":{"line":328,"column":5}}],"line":323},"56":{"loc":{"start":{"line":323,"column":8},"end":{"line":323,"column":49}},"type":"binary-expr","locations":[{"start":{"line":323,"column":8},"end":{"line":323,"column":26}},{"start":{"line":323,"column":30},"end":{"line":323,"column":49}}],"line":323},"57":{"loc":{"start":{"line":329,"column":4},"end":{"line":334,"column":5}},"type":"if","locations":[{"start":{"line":329,"column":4},"end":{"line":334,"column":5}},{"start":{"line":329,"column":4},"end":{"line":334,"column":5}}],"line":329},"58":{"loc":{"start":{"line":329,"column":8},"end":{"line":329,"column":49}},"type":"binary-expr","locations":[{"start":{"line":329,"column":8},"end":{"line":329,"column":27}},{"start":{"line":329,"column":31},"end":{"line":329,"column":49}}],"line":329},"59":{"loc":{"start":{"line":335,"column":4},"end":{"line":340,"column":5}},"type":"if","locations":[{"start":{"line":335,"column":4},"end":{"line":340,"column":5}},{"start":{"line":335,"column":4},"end":{"line":340,"column":5}}],"line":335},"60":{"loc":{"start":{"line":335,"column":8},"end":{"line":335,"column":48}},"type":"binary-expr","locations":[{"sta
[...]
1,"column":7}},"229":{"start":{"line":527,"column":6},"end":{"line":550,"column":9}},"230":{"start":{"line":543,"column":8},"end":{"line":549,"column":11}},"231":{"start":{"line":544,"column":10},"end":{"line":544,"column":38}},"232":{"start":{"line":545,"column":10},"end":{"line":545,"column":41}},"233":{"start":{"line":546,"column":10},"end":{"line":546,"column":92}},"234":{"start":{"line":547,"column":10},"end":{"line":547,"column":59}},"235":{"start":{"line":548,"column":10},"end":{"line":548,"column":17}},"236":{"start":{"line":553,"column":4},"end":{"line":595,"column":7}},"237":{"start":{"line":554,"column":6},"end":{"line":569,"column":9}},"238":{"start":{"line":571,"column":6},"end":{"line":594,"column":9}},"239":{"start":{"line":587,"column":8},"end":{"line":593,"column":11}},"240":{"start":{"line":588,"column":10},"end":{"line":588,"column":38}},"241":{"start":{"line":589,"column":10},"end":{"line":589,"column":41}},"242":{"start":{"line":590,"column":10},"end":{"line":590,"column":50}},"243":{"start":{"line":591,"column":10},"end":{"line":591,"column":86}},"244":{"start":{"line":592,"column":10},"end":{"line":592,"column":17}},"245":{"start":{"line":601,"column":2},"end":{"line":665,"column":5}},"246":{"start":{"line":602,"column":4},"end":{"line":626,"column":7}},"247":{"start":{"line":603,"column":6},"end":{"line":618,"column":9}},"248":{"start":{"line":620,"column":6},"end":{"line":625,"column":9}},"249":{"start":{"line":621,"column":8},"end":{"line":621,"column":36}},"250":{"start":{"line":622,"column":8},"end":{"line":622,"column":39}},"251":{"start":{"line":623,"column":8},"end":{"line":623,"column":71}},"252":{"start":{"line":624,"column":8},"end":{"line":624,"column":15}},"253":{"start":{"line":628,"column":4},"end":{"line":664,"column":7}},"254":{"start":{"line":629,"column":6},"end":{"line":663,"column":9}},"255":{"start":{"line":645,"column":23},"end":{"line":645,"column":37}},"256":{"start":{"line":646,"column":18},"end":{"line":646,"column":53}},"257":{"start":{"line":647,"column":22},"end":{"line":647,"column":63}},"258":{"start":{"line":650,"column":8},"end":{"line":656,"column":11}},"259":{"start":{"line":651,"column":10},"end":{"line":653,"column":11}},"260":{"start":{"line":652,"column":12},"end":{"line":652,"column":52}},"261":{"start":{"line":655,"column":10},"end":{"line":655,"column":64}},"262":{"start":{"line":658,"column":8},"end":{"line":662,"column":11}},"263":{"start":{"line":659,"column":10},"end":{"line":659,"column":38}},"264":{"start":{"line":660,"column":10},"end":{"line":660,"column":41}},"265":{"start":{"line":661,"column":10},"end":{"line":661,"column":17}}},"fnMap":{"0":{"name":"_interopRequireDefault","decl":{"start":{"line":31,"column":9},"end":{"line":31,"column":31}},"loc":{"start":{"line":31,"column":37},"end":{"line":31,"column":95}},"line":31},"1":{"name":"copyFile","decl":{"start":{"line":51,"column":24},"end":{"line":51,"column":32}},"loc":{"start":{"line":51,"column":44},"end":{"line":55,"column":1}},"line":51},"2":{"name":"deleteFile","decl":{"start":{"line":62,"column":26},"end":{"line":62,"column":36}},"loc":{"start":{"line":62,"column":49},"end":{"line":66,"column":1}},"line":62},"3":{"name":"(anonymous_3)","decl":{"start":{"line":63,"column":42},"end":{"line":63,"column":43}},"loc":{"start":{"line":63,"column":57},"end":{"line":65,"column":3}},"line":63},"4":{"name":"(anonymous_4)","decl":{"start":{"line":68,"column":18},"end":{"line":68,"column":19}},"loc":{"start":{"line":68,"column":30},"end":{"line":666,"column":1}},"line":68},"5":{"name":"(anonymous_5)","decl":{"start":{"line":69,"column":13},"end":{"line":69,"column":14}},"loc":{"start":{"line":69,"column":29},"end":{"line":74,"column":3}},"line":69},"6":{"name":"(anonymous_6)","decl":{"start":{"line":71,"column":50},"end":{"line":71,"column":51}},"loc":{"start":{"line":71,"column":62},"end":{"line":73,"column":5}},"line":71},"7":{"name":"(anonymous_7)","decl":{"start":{"line":76,"column":24},"end":{"line":76,"column":25}},"loc":{"start":{"line":76,"column":36},"end":{"line":85,"column":3}},"line":76},"8":{"name":"(anonymous_8)","decl":{"start":{"line":77,"column":38},"end":{"line":77,"column":39}},"loc":{"start":{"line":77,"column":54},"end":{"line":84,"column":5}},"line":77},"9":{"name":"(anonymous_9)","decl":{"start":{"line":78,"column":39},"end":{"line":78,"column":40}},"loc":{"start":{"line":78,"column":59},"end":{"line":83,"column":7}},"line":78},"10":{"name":"(anonymous_10)","decl":{"start":{"line":87,"column":25},"end":{"line":87,"column":26}},"loc":{"start":{"line":87,"column":37},"end":{"line":250,"column":3}},"line":87},"11":{"name":"(anonymous_11)","decl":{"start":{"line":88,"column":140},"end":{"line":88,"column":141}},"loc":{"start":{"line":88,"column":156},"end":{"line":95,"column":5}},"line":88},"12":{"name":"(anonymous_12)","decl":{"start":{"line":89,"column":322},"end":{"line":89,"column":323}},"loc":{"start":{"line":89,"column":342},"end":{"line":94,"column":7}},"line":89},"13":{"name":"(anonymous_13)","decl":{"start":{"line":97,"column":34},"end":{"line":97,"column":35}},"loc":{"start":{"line":97,"column":50},"end":{"line":120,"column":5}},"line":97},"14":{"name":"(anonymous_14)","decl":{"start":{"line":98,"column":439},"end":{"line":98,"column":440}},"loc":{"start":{"line":98,"column":459},"end":{"line":119,"column":7}},"line":98},"15":{"name":"(anonymous_15)","decl":{"start":{"line":122,"column":48},"end":{"line":122,"column":49}},"loc":{"start":{"line":122,"column":64},"end":{"line":142,"column":5}},"line":122},"16":{"name":"(anonymous_16)","decl":{"start":{"line":123,"column":445},"end":{"line":123,"column":446}},"loc":{"start":{"line":123,"column":465},"end":{"line":141,"column":7}},"line":123},"17":{"name":"(anonymous_17)","decl":{"start":{"line":144,"column":71},"end":{"line":144,"column":72}},"loc":{"start":{"line":144,"column":87},"end":{"line":152,"column":5}},"line":144},"18":{"name":"(anonymous_18)","decl":{"start":{"line":145,"column":446},"end":{"line":145,"column":447}},"loc":{"start":{"line":145,"column":466},"end":{"line":151,"column":7}},"line":145},"19":{"name":"(anonymous_19)","decl":{"start":{"line":154,"column":85},"end":{"line":154,"column":86}},"loc":{"start":{"line":154,"column":101},"end":{"line":162,"column":5}},"line":154},"20":{"name":"(anonymous_20)","decl":{"start":{"line":155,"column":446},"end":{"line":155,"column":447}},"loc":{"start":{"line":155,"column":466},"end":{"line":161,"column":7}},"line":155},"21":{"name":"(anonymous_21)","decl":{"start":{"line":164,"column":83},"end":{"line":164,"column":84}},"loc":{"start":{"line":164,"column":99},"end":{"line":188,"column":5}},"line":164},"22":{"name":"(anonymous_22)","decl":{"start":{"line":182,"column":85},"end":{"line":182,"column":86}},"loc":{"start":{"line":182,"column":105},"end":{"line":187,"column":7}},"line":182},"23":{"name":"(anonymous_23)","decl":{"start":{"line":190,"column":75},"end":{"line":190,"column":76}},"loc":{"start":{"line":190,"column":91},"end":{"line":222,"column":5}},"line":190},"24":{"name":"(anonymous_24)","decl":{"start":{"line":206,"column":14},"end":{"line":206,"column":15}},"loc":{"start":{"line":206,"column":26},"end":{"line":221,"column":7}},"line":206},"25":{"name":"(anonymous_25)","decl":{"start":{"line":207,"column":91},"end":{"line":207,"column":92}},"loc":{"start":{"line":207,"column":111},"end":{"line":220,"column":9}},"line":207},"26":{"name":"(anonymous_26)","decl":{"start":{"line":224,"column":78},"end":{"line":224,"column":79}},"loc":{"start":{"line":224,"column":94},"end":{"line":249,"column":5}},"line":224},"27":{"name":"(anonymous_27)","decl":{"start":{"line":240,"column":14},"end":{"line":240,"column":15}},"loc":{"start":{"line":240,"column":26},"end":{"line":248,"column":7}},"line":240},"28":{"name":"(anonymous_28)","decl":{"start":{"line":241,"column":447},"end":{"line":241,"column":448}},"loc":{"start":{"line":241,"column":467},"end":{"line":247,"column":9}},"line":241},"29":{"name":"(anonymous_29)","decl":{"start":{"line":255,"column":25},"end":{"line":255,"column":26}},"loc":{"start":{"line":255,"column":37},"end":{"line":347,"column":3}},"line":255},"30":{"name":"(anonymous_30)","decl":{"start":{"line":256,"column":34},"end":{"line":256,"column":35}},"loc":{"start":{"line":256,"column":50},"end":{"line":288,"column":5}},"line":256},"31":{"name":"(anonymous_31)","decl":{"start":{"line":272,"column":14},"end":{"line":272,"column":15}},"loc":{"start":{"line":272,"column":30},"end":{"line":287,"column":7}},"line":272},"32":{"name":"(anonymous_32)","decl":{"start":{"line":273,"column":41},"end":{"line":273,"column":42}},"loc":{"start":{"line":273,"column":61},"end":{"line":286,"column":9}},"line":273},"33":{"name":"(anonymous_33)","decl":{"start":{"line":290,"column":47},"end":{"line":290,"column":48}},"loc":{"start":{"line":290,"column":63},"end":{"line":320,"column":5}},"line":290},"34":{"name":"(anonymous_34)","decl":{"start":{"line":306,"column":14},"end":{"line":306,"column":15}},"loc":{"start":{"line":306,"column":30},"end":{"line":319,"column":7}},"line":306},"35":{"name":"(anonymous_35)","decl":{"start":{"line":307,"column":63},"end":{"line":307,"column":64}},"loc":{"start":{"line":307,"column":83},"end":{"line":318,"column":9}},"line":307},"36":{"name":"(anonymous_36)","decl":{"start":{"line":322,"column":57},"end":{"line":322,"column":58}},"loc":{"start":{"line":322,"column":73},"end":{"line":346,"column":5}},"line":322},"37":{"name":"(anonymous_37)","decl":{"start":{"line":340,"column":42},"end":{"line":340,"column":43}},"loc":{"start":{"line":340,"column":62},"end":{"line":345,"column":7}},"line":340},"38":{"name":"(anonymous_38)","decl":{"start":{"line":352,"column":28},"end":{"line":352,"column":29}},"loc":{"start":{"line":352,"column":40},"end":{"line":596,"column":3}},"line":352},"39":{"name":"(anonymous_39)","decl":{"start":{"line":353,"column":47},"end":{"line":353,"column":48}},"loc":{"start":{"line":353,"column":63},"end":{"line":389,"column":5}},"line":353},"40":{"name":"(anonymous_40)","decl":{"start":{"line":369,"column":14},"end":{"line":369,"column":15}},"loc":{"start":{"line":369,"column":30},"end":{"line":388,"column":7}},"line":369},"41":{"name":"(anonymous_41)","decl":{"start":{"line":370,"column":433},"end":{"line":370,"column":434}},"loc":{"start":{"line":370,"column":453},"end":{"line":387,"column":9}},"line":370},"42":{"name":"(anonymous_42)","decl":{"start":{"line":391,"column":57},"end":{"line":391,"column":58}},"loc":{"start":{"line":391,"column":73},"end":{"line":415,"column":5}},"line":391},"43":{"name":"(anonymous_43)","decl":{"start":{"line":407,"column":14},"end":{"line":407,"column":15}},"loc":{"start":{"line":407,"column":26},"end":{"line":414,"column":7}},"line":407},"44":{"name":"(anonymous_44)","decl":{"start":{"line":408,"column":441},"end":{"line":408,"column":442}},"loc":{"start":{"line":408,"column":461},"end":{"line":413,"column":9}},"line":408},"45":{"name":"(anonymous_45)","decl":{"start":{"line":417,"column":119},"end":{"line":417,"column":120}},"loc":{"start":{"line":417,"column":135},"end":{"line":447,"column":5}},"line":417},"46":{"name":"(anonymous_46)","decl":{"start":{"line":433,"column":14},"end":{"line":433,"column":15}},"loc":{"start":{"line":433,"column":30},"end":{"line":446,"column":7}},"line":433},"47":{"name":"(anonymous_47)","decl":{"start":{"line":434,"column":348},"end":{"line":434,"column":349}},"loc":{"start":{"line":434,"column":368},"end":{"line":445,"column":9}},"line":434},"48":{"name":"(anonymous_48)","decl":{"start":{"line":449,"column":81},"end":{"line":449,"column":82}},"loc":{"start":{"line":449,"column":97},"end":{"line":497,"column":5}},"line":449},"49":{"name":"(anonymous_49)","decl":{"start":{"line":465,"column":14},"end":{"line":465,"column":15}},"loc":{"start":{"line":465,"column":30},"end":{"line":496,"column":7}},"line":465},"50":{"name":"(anonymous_50)","decl":{"start":{"line":470,"column":45},"end":{"line":470,"column":46}},"loc":{"start":{"line":470,"column":60},"end":{"line":476,"column":9}},"line":470},"51":{"name":"(anonymous_51)","decl":{"start":{"line":478,"column":449},"end":{"line":478,"column":450}},"loc":{"start":{"line":478,"column":469},"end":{"line":495,"column":9}},"line":478},"52":{"name":"(anonymous_52)","decl":{"start":{"line":499,"column":84},"end":{"line":499,"column":85}},"loc":{"start":{"line":499,"column":100},"end":{"line":524,"column":5}},"line":499},"53":{"name":"(anonymous_53)","decl":{"start":{"line":515,"column":14},"end":{"line":515,"column":15}},"loc":{"start":{"line":515,"column":30},"end":{"line":523,"column":7}},"line":515},"54":{"name":"(anonymous_54)","decl":{"start":{"line":516,"column":439},"end":{"line":516,"column":440}},"loc":{"start":{"line":516,"column":459},"end":{"line":522,"column":9}},"line":516},"55":{"name":"(anonymous_55)","decl":{"start":{"line":526,"column":98},"end":{"line":526,"column":99}},"loc":{"start":{"line":526,"column":114},"end":{"line":551,"column":5}},"line":526},"56":{"name":"(anonymous_56)","decl":{"start":{"line":542,"column":14},"end":{"line":542,"column":15}},"loc":{"start":{"line":542,"column":30},"end":{"line":550,"column":7}},"line":542},"57":{"name":"(anonymous_57)","decl":{"start":{"line":543,"column":437},"end":{"line":543,"column":438}},"loc":{"start":{"line":543,"column":457},"end":{"line":549,"column":9}},"line":543},"58":{"name":"(anonymous_58)","decl":{"start":{"line":553,"column":78},"end":{"line":553,"column":79}},"loc":{"start":{"line":553,"column":94},"end":{"line":595,"column":5}},"line":553},"59":{"name":"(anonymous_59)","decl":{"start":{"line":586,"column":14},"end":{"line":586,"column":15}},"loc":{"start":{"line":586,"column":30},"end":{"line":594,"column":7}},"line":586},"60":{"name":"(anonymous_60)","decl":{"start":{"line":587,"column":450},"end":{"line":587,"column":451}},"loc":{"start":{"line":587,"column":470},"end":{"line":593,"column":9}},"line":587},"61":{"name":"(anonymous_61)","decl":{"start":{"line":601,"column":31},"end":{"line":601,"column":32}},"loc":{"start":{"line":601,"column":43},"end":{"line":665,"column":3}},"line":601},"62":{"name":"(anonymous_62)","decl":{"start":{"line":602,"column":57},"end":{"line":602,"column":58}},"loc":{"start":{"line":602,"column":73},"end":{"line":626,"column":5}},"line":602},"63":{"name":"(anonymous_63)","decl":{"start":{"line":620,"column":45},"end":{"line":620,"column":46}},"loc":{"start":{"line":620,"column":65},"end":{"line":625,"column":7}},"line":620},"64":{"name":"(anonymous_64)","decl":{"start":{"line":628,"column":47},"end":{"line":628,"column":48}},"loc":{"start":{"line":628,"column":63},"end":{"line":664,"column":5}},"line":628},"65":{"name":"(anonymous_65)","decl":{"start":{"line":644,"column":14},"end":{"line":644,"column":15}},"loc":{"start":{"line":644,"column":30},"end":{"line":663,"column":7}},"line":644},"66":{"name":"(anonymous_66)","decl":{"start":{"line":650,"column":45},"end":{"line":650,"column":46}},"loc":{"start":{"line":650,"column":60},"end":{"line":656,"column":9}},"line":650},"67":{"name":"(anonymous_67)","decl":{"start":{"line":658,"column":66},"end":{"line":658,"column":67}},"loc":{"start":{"line":658,"column":86},"end":{"line":662,"column":9}},"line":658}},"branchMap":{"0":{"loc":{"start":{"line":31,"column":46},"end":{"line":31,"column":92}},"type":"cond-expr","locations":[{"start":{"line":31,"column":70},"end":{"line":31,"column":73}},{"start":{"line":31,"column":76},"end":{"line":31,"column":92}}],"line":31},"1":{"loc":{"start":{"line":31,"column":46},"end":{"line":31,"column":67}},"type":"binary-expr","locations":[{"start":{"line":31,"column":46},"end":{"line":31,"column":49}},{"start":{"line":31,"column":53},"end":{"line":31,"column":67}}],"line":31},"2":{"loc":{"start":{"line":64,"column":4},"end":{"line":64,"column":23}},"type":"if","locations":[{"start":{"line":64,"column":4},"end":{"line":64,"column":23}},{"start":{"line":64,"column":4},"end":{"line":64,"column":23}}],"line":64},"3":{"loc":{"start":{"line":115,"column":8},"end":{"line":117,"column":9}},"type":"if","locations":[{"start":{"line":115,"column":8},"end":{"line":117,"column":9}},{"start":{"line":115,"column":8},"end":{"line":117,"column":9}}],"line":115},"4":{"loc":{"start":{"line":382,"column":10},"end":{"line":384,"column":11}},"type":"if","locations":[{"start":{"line":382,"column":10},"end":{"line":384,"column":11}},{"start":{"line":382,"column":10},"end":{"line":384,"column":11}}],"line":382},"5":{"loc":{"start":{"line":471,"column":10},"end":{"line":473,"column":11}},"type":"if","locations":[{"start":{"line":471,"column":10},"end":{"line":473,"column":11}},{"start":{"line":471,"column":10},"end":{"line":473,"column":11}}],"line":471},"6":{"loc":{"start":{"line":490,"column":10},"end":{"line":492,"column":11}},"type":"if","locations":[{"start":{"line":490,"column":10},"end":{"line":492,"column":11}},{"start":{"line":490,"column":10},"end":{"line":492,"column":11}}],"line":490},"7":{"loc":{"start":{"line":651,"column":10},"end":{"line":653,"column":11}},"type":"if","locations":[{"start":{"line":651,"column":10},"end":{"line":653,"column":11}},{"start":{"line":651,"column":10},"end":{"line":653,"column":11}}],"line":651}},"s":{"0":1,"1":1,"2":1,"3":1,"4":1,"5":1,"6":1,"7":1,"8":1,"9":1,"10":1,"11":1,"12":1,"13":1,"14":7,"15":1,"16":1,"17":1,"18":1,"19":1,"20":1,"21":1,"22":2,"23":2,"24":1,"25":3,"26":3,"27":0,"28":1,"29":1,"30":21,"31":21,"32":1,"33":1,"34":1,"35":1,"36":1,"37":1,"38":1,"39":1,"40":1,"41":1,"42":1,"43":1,"44":1,"45":1,"46":1,"47":1,"48":1,"49":1,"50":1,"51":1,"52":1,"53":1,"54":1,"55":1,"56":1,"57":1,"58":1,"59":1,"60":1,"61":1,"62":1,"63":1,"64":1,"65":1,"66":1,"67":1,"68":1,"69":1,"70":1,"71":1,"72":1,"73":1,"74":1,"75":1,"76":1,"77":1,"78":1,"79":1,"80":1,"81":1,"82":1,"83":1,"84":1,"85":1,"86":1,"87":1,"88":1,"89":1,"90":1,"91":1,"92":1,"93":1,"94":1,"95":1,"96":1,"97":1,"98":1,"99":1,"100":1,"101":1,"102":1,"103":1,"104":1,"105":1,"106":1,"107":1,"108":1,"109":1,"110":1,"111":1,"112":1,"113":1,"114":1,"115":1,"116":1,"117":1,"118":1,"119":1,"120":1,"121":1,"122":1,"123":1,"124":1,"125":1,"126":1,"127":1,"128":1,"129":1,"130":1,"131":1,"132":1,"133":1,"134":1,"135":1,"136":1,"137":1,"138":1,"139":1,"140":1,"141":1,"142":1,"143":1,"144":1,"145":1,"146":1,"147":1,"148":1,"149":1,"150":1,"151":1,"152":1,"153":1,"154":1,"155":1,"156":1,"157":1,"158":1,"159":1,"160":1,"161":1,"162":1,"163":1,"164":1,"165":1,"166":1,"167":1,"168":1,"169":1,"170":1,"171":1,"172":1,"173":1,"174":1,"175":1,"176":1,"177":1,"178":1,"179":1,"180":1,"181":1,"182":1,"183":1,"184":1,"185":1,"186":1,"187":1,"188":1,"189":1,"190":1,"191":1,"192":1,"193":1,"194":1,"195":1,"196":1,"197":1,"198":1,"199":1,"200":1,"201":1,"202":1,"203":1,"204":1,"205":0,"206":1,"207":1,"208":1,"209":1,"210":1,"211":1,"212":1,"213":1,"214":1,"215":1,"216":1,"217":1,"218":1,"219":1,"220":1,"221":1,"222":1,"223":1,"224":1,"225":1,"226":1,"227":1,"228":1,"229":1,"230":1,"231":1,"232":1,"233":1,"234":1,"235":1,"236":1,"237":1,"238":1,"239":1,"240":1,"241":1,"242":1,"243":1,"244":1,"245":1,"246":1,"247":1,"248":1,"249":1,"250":1,"251":1,"252":1,"253":1,"254":1,"255":1,"256":1,"257":1,"258":1,"259":1,"260":0,"261":1,"262":1,"263":1,"264":1,"265":1},"f":{"0":7,"1":2,"2":3,"3":3,"4":1,"5":21,"6":21,"7":1,"8":1,"9":1,"10":1,"11":1,"12":1,"13":1,"14":1,"15":1,"16":1,"17":1,"18":1,"19":1,"20":1,"21":1,"22":1,"23":1,"24":1,"25":1,"26":1,"27":1,"28":1,"29":1,"30":1,"31":1,"32":1,"33":1,"34":1,"35":1,"36":1,"37":1,"38":1,"39":1,"40":1,"41":1,"42":1,"43":1,"44":1,"45":1,"46":1,"47":1,"48":1,"49":1,"50":1,"51":1,"52":1,"53":1,"54":1,"55":1,"56":1,"57":1,"58":1,"59":1,"60":1,"61":1,"62":1,"63":1,"64":1,"65":1,"66":1,"67":1},"b":{"0":[2,5],"1":[7,7],"2":[0,3],"3":[1,0],"4":[1,0],"5":[0,1],"6":[1,0],"7":[0,1]},"_coverageSchema":"d34fc3e6b8297bcde183f5492bcb8fcb36775295","hash":"93cf5759959d14d408438d5ee5fda75a9d880bb3","contentHash":"6c90077ec871996aeb6ac30f56e7c61e_12.0.2"}}