{"/home/somto/Andela/We-Connect/lib/app.js":{"path":"/home/somto/Andela/We-Connect/lib/app.js","s":{"1":1,"2":1,"3":1,"4":1,"5":1,"6":1,"7":1,"8":1,"9":1,"10":1,"11":4,"12":1,"13":1,"14":1,"15":1,"16":1,"17":1,"18":1,"19":1},"b":{"1":[1,3],"2":[4,4]},"f":{"1":4,"2":1},"fnMap":{"1":{"name":"_interopRequireDefault","line":23,"loc":{"start":{"line":23,"column":0},"end":{"line":23,"column":37}}},"2":{"name":"(anonymous_2)","line":39,"loc":{"start":{"line":39,"column":13},"end":{"line":39,"column":33}}}},"statementMap":{"1":{"start":{"line":3,"column":0},"end":{"line":5,"column":3}},"2":{"start":{"line":7,"column":0},"end":{"line":7,"column":34}},"3":{"start":{"line":9,"column":0},"end":{"line":9,"column":49}},"4":{"start":{"line":11,"column":0},"end":{"line":11,"column":32}},"5":{"start":{"line":13,"column":0},"end":{"line":13,"column":47}},"6":{"start":{"line":15,"column":0},"end":{"line":15,"column":41}},"7":{"start":{"line":17,"column":0},"end":{"line":17,"column":55}},"8":{"start":{"line":19,"column":0},"end":{"line":19,"column":46}},"9":{"start":{"line":21,"column":0},"end":{"line":21,"column":45}},"10":{"start":{"line":23,"column":0},"end":{"line":23,"column":95}},"11":{"start":{"line":23,"column":39},"end":{"line":23,"column":93}},"12":{"start":{"line":26,"column":0},"end":{"line":26,"column":35}},"13":{"start":{"line":29,"column":0},"end":{"line":29,"column":38}},"14":{"start":{"line":32,"column":0},"end":{"line":32,"column":37}},"15":{"start":{"line":34,"column":0},"end":{"line":34,"column":62}},"16":{"start":{"line":37,"column":0},"end":{"line":37,"column":26}},"17":{"start":{"line":39,"column":0},"end":{"line":43,"column":3}},"18":{"start":{"line":40,"column":2},"end":{"line":42,"column":5}},"19":{"start":{"line":46,"column":0},"end":{"line":46,"column":22}}},"branchMap":{"1":{"line":23,"type":"cond-expr","locations":[{"start":{"line":23,"column":70},"end":{"line":23,"column":73}},{"start":{"line":23,"column":76},"end":{"line":23,"column":92}}]},"2":{"line":23,"type":"binary-expr","locations":[{"start":{"line":23,"column":46},"end":{"line":23,"column":49}},{"start":{"line":23,"column":53},"end":{"line":23,"column":67}}]}}},"/home/somto/Andela/We-Connect/lib/server/routes/index.js":{"path":"/home/somto/Andela/We-Connect/lib/server/routes/index.js","s":{"1":1,"2":1,"3":1,"4":1,"5":1,"6":1,"7":1,"8":1,"9":1,"10":1,"11":1,"12":1,"13":1,"14":1,"15":1,"16":1,"17":1},"b":{},"f":{"1":1,"2":1},"fnMap":{"1":{"name":"routes","line":9,"loc":{"start":{"line":9,"column":13},"end":{"line":9,"column":34}}},"2":{"name":"(anonymous_2)","line":10,"loc":{"start":{"line":10,"column":18},"end":{"line":10,"column":38}}}},"statementMap":{"1":{"start":{"line":3,"column":0},"end":{"line":5,"column":3}},"2":{"start":{"line":7,"column":0},"end":{"line":7,"column":45}},"3":{"start":{"line":9,"column":0},"end":{"line":28,"column":2}},"4":{"start":{"line":10,"column":2},"end":{"line":14,"column":5}},"5":{"start":{"line":11,"column":4},"end":{"line":13,"column":7}},"6":{"start":{"line":16,"column":2},"end":{"line":16,"column":58}},"7":{"start":{"line":17,"column":2},"end":{"line":17,"column":56}},"8":{"start":{"line":18,"column":2},"end":{"line":18,"column":53}},"9":{"start":{"line":19,"column":2},"end":{"line":19,"column":63}},"10":{"start":{"line":20,"column":2},"end":{"line":20,"column":65}},"11":{"start":{"line":21,"column":2},"end":{"line":21,"column":67}},"12":{"start":{"line":23,"column":2},"end":{"line":23,"column":63}},"13":{"start":{"line":24,"column":2},"end":{"line":24,"column":73}},"14":{"start":{"line":25,"column":2},"end":{"line":25,"column":77}},"15":{"start":{"line":26,"column":2},"end":{"line":26,"column":75}},"16":{"start":{"line":27,"column":2},"end":{"line":27,"column":60}},"17":{"start":{"line":30,"column":0},"end":{"line":30,"column":25}}},"branchMap":{}},"/home/somto/Andela/We-Connect/lib/server/controllers/index.js":{"path":"/home/somto/Andela/We-Connect/lib/server/controllers/index.js","s":{"1":1,"2":1,"3":1,"4":6,"5":1,"6":1,"7":5,"8":1,"9":11},"b":{"1":[11,0],"2":[11,11]},"f":{"1":6,"2":5,"3":11},"fnMap":{"1":{"name":"get","line":11,"loc":{"start":{"line":11,"column":7},"end":{"line":11,"column":22}}},"2":{"name":"get","line":20,"loc":{"start":{"line":20,"column":7},"end":{"line":20,"column":22}}},"3":{"name":"_interopRequireDefault","line":25,"loc":{"start":{"line":25,"column":0},"end":{"line":25,"column":37}}}},"statementMap":{"1":{"start":{"line":3,"column":0},"end":{"line":5,"column":3}},"2":{"start":{"line":7,"column":0},"end":{"line":7,"column":32}},"3":{"start":{"line":9,"column":0},"end":{"line":14,"column":3}},"4":{"start":{"line":12,"column":4},"end":{"line":12,"column":50}},"5":{"start":{"line":16,"column":0},"end":{"line":16,"column":42}},"6":{"start":{"line":18,"column":0},"end":{"line":23,"column":3}},"7":{"start":{"line":21,"column":4},"end":{"line":21,"column":55}},"8":{"start":{"line":25,"column":0},"end":{"line":25,"column":95}},"9":{"start":{"line":25,"column":39},"end":{"line":25,"column":93}}},"branchMap":{"1":{"line":25,"type":"cond-expr","locations":[{"start":{"line":25,"column":70},"end":{"line":25,"column":73}},{"start":{"line":25,"column":76},"end":{"line":25,"column":92}}]},"2":{"line":25,"type":"binary-expr","locations":[{"start":{"line":25,"column":46},"end":{"line":25,"column":49}},{"start":{"line":25,"column":53},"end":{"line":25,"column":67}}]}}},"/home/somto/Andela/We-Connect/lib/server/controllers/users.js":{"path":"/home/somto/Andela/We-Connect/lib/server/controllers/users.js","s":{"1":1,"2":1,"3":1,"4":1,"5":1,"6":1,"7":2,"8":2,"9":1,"10":1,"11":1,"12":2,"13":2,"14":2,"15":2,"16":2,"17":2,"18":2,"19":1,"20":0,"21":0,"22":2,"23":2,"24":0,"25":2,"26":0,"27":1,"28":2,"29":2,"30":2,"31":2,"32":2,"33":2,"34":2,"35":2,"36":1,"37":1,"38":1,"39":1,"40":1,"41":0,"42":0,"43":2,"44":2,"45":0,"46":2,"47":0,"48":1,"49":2,"50":2,"51":2,"52":2,"53":2,"54":2,"55":2,"56":2,"57":1,"58":1,"59":1,"60":0,"61":0,"62":2,"63":2,"64":0,"65":2,"66":0,"67":1,"68":2,"69":2,"70":2,"71":2,"72":2,"73":2,"74":2,"75":1,"76":0,"77":0,"78":2,"79":2,"80":0,"81":2,"82":0,"83":1,"84":1},"b":{"1":[1,0],"2":[1,1],"3":[1,1],"4":[2,2,2,1],"5":[1,1],"6":[2,1],"7":[0,2],"8":[2,1],"9":[0,2],"10":[1,1],"11":[0,2],"12":[2,1],"13":[0,2],"14":[1,1],"15":[0,2],"16":[2,1],"17":[0,2],"18":[1,1],"19":[0,2],"20":[2,1],"21":[0,2]},"f":{"1":1,"2":2,"3":2,"4":2,"5":2,"6":2,"7":2},"fnMap":{"1":{"name":"_interopRequireDefault","line":11,"loc":{"start":{"line":11,"column":0},"end":{"line":11,"column":37}}},"2":{"name":"create","line":14,"loc":{"start":{"line":14,"column":10},"end":{"line":14,"column":36}}},"3":{"name":"check","line":31,"loc":{"start":{"line":31,"column":9},"end":{"line":31,"column":34}}},"4":{"name":"list","line":61,"loc":{"start":{"line":61,"column":8},"end":{"line":61,"column":32}}},"5":{"name":"update","line":64,"loc":{"start":{"line":64,"column":10},"end":{"line":64,"column":36}}},"6":{"name":"destroy","line":98,"loc":{"start":{"line":98,"column":11},"end":{"line":98,"column":38}}},"7":{"name":"retrieve","line":131,"loc":{"start":{"line":131,"column":12},"end":{"line":131,"column":40}}}},"statementMap":{"1":{"start":{"line":3,"column":0},"end":{"line":5,"column":3}},"2":{"start":{"line":7,"column":0},"end":{"line":7,"column":38}},"3":{"start":{"line":9,"column":0},"end":{"line":9,"column":43}},"4":{"start":{"line":11,"column":0},"end":{"line":11,"column":95}},"5":{"start":{"line":11,"column":39},"end":{"line":11,"column":93}},"6":{"start":{"line":13,"column":0},"end":{"line":161,"column":2}},"7":{"start":{"line":15,"column":4},"end":{"line":21,"column":6}},"8":{"start":{"line":23,"column":4},"end":{"line":25,"column":5}},"9":{"start":{"line":24,"column":6},"end":{"line":24,"column":80}},"10":{"start":{"line":28,"column":4},"end":{"line":28,"column":30}},"11":{"start":{"line":29,"column":4},"end":{"line":29,"column":93}},"12":{"start":{"line":32,"column":4},"end":{"line":32,"column":41}},"13":{"start":{"line":33,"column":4},"end":{"line":33,"column":34}},"14":{"start":{"line":34,"column":4},"end":{"line":34,"column":35}},"15":{"start":{"line":36,"column":4},"end":{"line":57,"column":5}},"16":{"start":{"line":37,"column":6},"end":{"line":43,"column":7}},"17":{"start":{"line":38,"column":8},"end":{"line":38,"column":31}},"18":{"start":{"line":40,"column":8},"end":{"line":42,"column":9}},"19":{"start":{"line":41,"column":10},"end":{"line":41,"column":77}},"20":{"start":{"line":45,"column":6},"end":{"line":45,"column":31}},"21":{"start":{"line":46,"column":6},"end":{"line":46,"column":27}},"22":{"start":{"line":48,"column":6},"end":{"line":56,"column":7}},"23":{"start":{"line":49,"column":8},"end":{"line":51,"column":9}},"24":{"start":{"line":50,"column":10},"end":{"line":50,"column":29}},"25":{"start":{"line":53,"column":8},"end":{"line":55,"column":9}},"26":{"start":{"line":54,"column":10},"end":{"line":54,"column":31}},"27":{"start":{"line":59,"column":4},"end":{"line":59,"column":76}},"28":{"start":{"line":62,"column":4},"end":{"line":62,"column":61}},"29":{"start":{"line":65,"column":4},"end":{"line":65,"column":42}},"30":{"start":{"line":66,"column":4},"end":{"line":66,"column":35}},"31":{"start":{"line":67,"column":4},"end":{"line":67,"column":36}},"32":{"start":{"line":69,"column":4},"end":{"line":94,"column":5}},"33":{"start":{"line":70,"column":6},"end":{"line":80,"column":7}},"34":{"start":{"line":71,"column":8},"end":{"line":71,"column":32}},"35":{"start":{"line":73,"column":8},"end":{"line":79,"column":9}},"36":{"start":{"line":74,"column":10},"end":{"line":74,"column":36}},"37":{"start":{"line":75,"column":10},"end":{"line":75,"column":44}},"38":{"start":{"line":76,"column":10},"end":{"line":76,"column":38}},"39":{"start":{"line":77,"column":10},"end":{"line":77,"column":44}},"40":{"start":{"line":78,"column":10},"end":{"line":78,"column":83}},"41":{"start":{"line":82,"column":6},"end":{"line":82,"column":32}},"42":{"start":{"line":83,"column":6},"end":{"line":83,"column":28}},"43":{"start":{"line":85,"column":6},"end":{"line":93,"column":7}},"44":{"start":{"line":86,"column":8},"end":{"line":88,"column":9}},"45":{"start":{"line":87,"column":10},"end":{"line":87,"column":30}},"46":{"start":{"line":90,"column":8},"end":{"line":92,"column":9}},"47":{"start":{"line":91,"column":10},"end":{"line":91,"column":32}},"48":{"start":{"line":96,"column":4},"end":{"line":96,"column":76}},"49":{"start":{"line":99,"column":4},"end":{"line":99,"column":14}},"50":{"start":{"line":100,"column":4},"end":{"line":100,"column":42}},"51":{"start":{"line":101,"column":4},"end":{"line":101,"column":35}},"52":{"start":{"line":102,"column":4},"end":{"line":102,"column":36}},"53":{"start":{"line":104,"column":4},"end":{"line":127,"column":5}},"54":{"start":{"line":105,"column":6},"end":{"line":113,"column":7}},"55":{"start":{"line":106,"column":8},"end":{"line":106,"column":32}},"56":{"start":{"line":108,"column":8},"end":{"line":111,"column":9}},"57":{"start":{"line":109,"column":10},"end":{"line":109,"column":38}},"58":{"start":{"line":110,"column":10},"end":{"line":110,"column":105}},"59":{"start":{"line":112,"column":8},"end":{"line":112,"column":15}},"60":{"start":{"line":115,"column":6},"end":{"line":115,"column":32}},"61":{"start":{"line":116,"column":6},"end":{"line":116,"column":28}},"62":{"start":{"line":118,"column":6},"end":{"line":126,"column":7}},"63":{"start":{"line":119,"column":8},"end":{"line":121,"column":9}},"64":{"start":{"line":120,"column":10},"end":{"line":120,"column":30}},"65":{"start":{"line":123,"column":8},"end":{"line":125,"column":9}},"66":{"start":{"line":124,"column":10},"end":{"line":124,"column":32}},"67":{"start":{"line":129,"column":4},"end":{"line":129,"column":76}},"68":{"start":{"line":132,"column":4},"end":{"line":132,"column":42}},"69":{"start":{"line":133,"column":4},"end":{"line":133,"column":35}},"70":{"start":{"line":134,"column":4},"end":{"line":134,"column":36}},"71":{"start":{"line":136,"column":4},"end":{"line":157,"column":5}},"72":{"start":{"line":137,"column":6},"end":{"line":143,"column":7}},"73":{"start":{"line":138,"column":8},"end":{"line":138,"column":32}},"74":{"start":{"line":140,"column":8},"end":{"line":142,"column":9}},"75":{"start":{"line":141,"column":10},"end":{"line":141,"column":77}},"76":{"start":{"line":145,"column":6},"end":{"line":145,"column":32}},"77":{"start":{"line":146,"column":6},"end":{"line":146,"column":28}},"78":{"start":{"line":148,"column":6},"end":{"line":156,"column":7}},"79":{"start":{"line":149,"column":8},"end":{"line":151,"column":9}},"80":{"start":{"line":150,"column":10},"end":{"line":150,"column":30}},"81":{"start":{"line":153,"column":8},"end":{"line":155,"column":9}},"82":{"start":{"line":154,"column":10},"end":{"line":154,"column":32}},"83":{"start":{"line":159,"column":4},"end":{"line":159,"column":76}},"84":{"start":{"line":163,"column":0},"end":{"line":163,"column":34}}},"branchMap":{"1":{"line":11,"type":"cond-expr","locations":[{"start":{"line":11,"column":70},"end":{"line":11,"column":73}},{"start":{"line":11,"column":76},"end":{"line":11,"column":92}}]},"2":{"line":11,"type":"binary-expr","locations":[{"start":{"line":11,"column":46},"end":{"line":11,"column":49}},{"start":{"line":11,"column":53},"end":{"line":11,"column":67}}]},"3":{"line":23,"type":"if","locations":[{"start":{"line":23,"column":4},"end":{"line":23,"column":4}},{"start":{"line":23,"column":4},"end":{"line":23,"column":4}}]},"4":{"line":23,"type":"binary-expr","locations":[{"start":{"line":23,"column":8},"end":{"line":23,"column":22}},{"start":{"line":23,"column":26},"end":{"line":23,"column":44}},{"start":{"line":23,"column":48},"end":{"line":23,"column":63}},{"start":{"line":23,"column":67},"end":{"line":23,"column":85}}]},"5":{"line":40,"type":"if","locations":[{"start":{"line":40,"column":8},"end":{"line":40,"column":8}},{"start":{"line":40,"column":8},"end":{"line":40,"column":8}}]},"6":{"line":40,"type":"binary-expr","locations":[{"start":{"line":40,"column":12},"end":{"line":40,"column":47}},{"start":{"line":40,"column":51},"end":{"line":40,"column":86}}]},"7":{"line":49,"type":"if","locations":[{"start":{"line":49,"column":8},"end":{"line":49,"column":8}},{"start":{"line":49,"column":8},"end":{"line":49,"column":8}}]},"8":{"line":49,"type":"binary-expr","locations":[{"start":{"line":49,"column":12},"end":{"line":49,"column":38}},{"start":{"line":49,"column":42},"end":{"line":49,"column":58}}]},"9":{"line":53,"type":"if","locations":[{"start":{"line":53,"column":8},"end":{"line":53,"column":8}},{"start":{"line":53,"column":8},"end":{"line":53,"column":8}}]},"10":{"line":73,"type":"if","locations":[{"start":{"line":73,"column":8},"end":{"line":73,"column":8}},{"start":{"line":73,"column":8},"end":{"line":73,"column":8}}]},"11":{"line":86,"type":"if","locations":[{"start":{"line":86,"column":8},"end":{"line":86,"column":8}},{"start":{"line":86,"column":8},"end":{"line":86,"column":8}}]},"12":{"line":86,"type":"binary-expr","locations":[{"start":{"line":86,"column":12},"end":{"line":86,"column":39}},{"start":{"line":86,"column":43},"end":{"line":86,"column":60}}]},"13":{"line":90,"type":"if","locations":[{"start":{"line":90,"column":8},"end":{"line":90,"column":8}},{"start":{"line":90,"column":8},"end":{"line":90,"column":8}}]},"14":{"line":108,"type":"if","locations":[{"start":{"line":108,"column":8},"end":{"line":108,"column":8}},{"start":{"line":108,"column":8},"end":{"line":108,"column":8}}]},"15":{"line":119,"type":"if","locations":[{"start":{"line":119,"column":8},"end":{"line":119,"column":8}},{"start":{"line":119,"column":8},"end":{"line":119,"column":8}}]},"16":{"line":119,"type":"binary-expr","locations":[{"start":{"line":119,"column":12},"end":{"line":119,"column":39}},{"start":{"line":119,"column":43},"end":{"line":119,"column":60}}]},"17":{"line":123,"type":"if","locations":[{"start":{"line":123,"column":8},"end":{"line":123,"column":8}},{"start":{"line":123,"column":8},"end":{"line":123,"column":8}}]},"18":{"line":140,"type":"if","locations":[{"start":{"line":140,"column":8},"end":{"line":140,"column":8}},{"start":{"line":140,"column":8},"end":{"line":140,"column":8}}]},"19":{"line":149,"type":"if","locations":[{"start":{"line":149,"column":8},"end":{"line":149,"column":8}},{"start":{"line":149,"column":8},"end":{"line":149,"column":8}}]},"20":{"line":149,"type":"binary-expr","locations":[{"start":{"line":149,"column":12},"end":{"line":149,"column":39}},{"start":{"line":149,"column":43},"end":{"line":149,"column":60}}]},"21":{"line":153,"type":"if","locations":[{"start":{"line":153,"column":8},"end":{"line":153,"column":8}},{"start":{"line":153,"column":8},"end":{"line":153,"column":8}}]}}},"/home/somto/Andela/We-Connect/lib/server/models/user.js":{"path":"/home/somto/Andela/We-Connect/lib/server/models/user.js","s":{"1":1,"2":1,"3":1},"b":{},"f":{},"fnMap":{},"statementMap":{"1":{"start":{"line":3,"column":0},"end":{"line":5,"column":3}},"2":{"start":{"line":6,"column":0},"end":{"line":24,"column":3}},"3":{"start":{"line":25,"column":0},"end":{"line":25,"column":24}}},"branchMap":{}},"/home/somto/Andela/We-Connect/lib/server/controllers/businesses.js":{"path":"/home/somto/Andela/We-Connect/lib/server/controllers/businesses.js","s":{"1":1,"2":1,"3":1,"4":1,"5":1,"6":1,"7":2,"8":2,"9":1,"10":1,"11":1,"12":2,"13":2,"14":2,"15":2,"16":2,"17":3,"18":3,"19":1,"20":1,"21":1,"22":1,"23":1,"24":1,"25":0,"26":0,"27":2,"28":2,"29":0,"30":2,"31":0,"32":1,"33":2,"34":2,"35":2,"36":2,"37":2,"38":2,"39":2,"40":2,"41":1,"42":1,"43":1,"44":0,"45":0,"46":2,"47":2,"48":0,"49":2,"50":0,"51":1,"52":2,"53":2,"54":2,"55":2,"56":2,"57":2,"58":2,"59":1,"60":0,"61":0,"62":2,"63":2,"64":0,"65":2,"66":0,"67":1,"68":8,"69":2,"70":6,"71":2,"72":2,"73":2,"74":2,"75":2,"76":2,"77":4,"78":4,"79":1,"80":0,"81":0,"82":2,"83":2,"84":0,"85":2,"86":0,"87":2,"88":1,"89":5,"90":2,"91":2,"92":2,"93":2,"94":2,"95":2,"96":2,"97":2,"98":1,"99":0,"100":0,"101":2,"102":2,"103":0,"104":2,"105":0,"106":2,"107":1,"108":4,"109":2,"110":2,"111":2,"112":2,"113":2,"114":2,"115":4,"116":4,"117":2,"118":0,"119":0,"120":2,"121":2,"122":0,"123":2,"124":0,"125":2,"126":1,"127":3,"128":1},"b":{"1":[1,0],"2":[1,1],"3":[1,1],"4":[2,2,2,1,1],"5":[1,2],"6":[0,2],"7":[2,1],"8":[0,2],"9":[1,1],"10":[0,2],"11":[2,1],"12":[0,2],"13":[1,1],"14":[0,2],"15":[2,1],"16":[0,2],"17":[2,6],"18":[8,4],"19":[2,4],"20":[6,4],"21":[1,3],"22":[0,2],"23":[2,0],"24":[0,2],"25":[1,1],"26":[2,3],"27":[5,4],"28":[1,1],"29":[0,2],"30":[2,0],"31":[0,2],"32":[1,1],"33":[2,2],"34":[4,3],"35":[2,2],"36":[4,3],"37":[0,2],"38":[2,0],"39":[0,2],"40":[1,1]},"f":{"1":1,"2":2,"3":2,"4":2,"5":2,"6":8},"fnMap":{"1":{"name":"_interopRequireDefault","line":11,"loc":{"start":{"line":11,"column":0},"end":{"line":11,"column":37}}},"2":{"name":"create","line":14,"loc":{"start":{"line":14,"column":10},"end":{"line":14,"column":36}}},"3":{"name":"update","line":31,"loc":{"start":{"line":31,"column":10},"end":{"line":31,"column":36}}},"4":{"name":"destroy","line":67,"loc":{"start":{"line":67,"column":11},"end":{"line":67,"column":38}}},"5":{"name":"retrieve","line":100,"loc":{"start":{"line":100,"column":12},"end":{"line":100,"column":40}}},"6":{"name":"list","line":130,"loc":{"start":{"line":130,"column":8},"end":{"line":130,"column":32}}}},"statementMap":{"1":{"start":{"line":3,"column":0},"end":{"line":5,"column":3}},"2":{"start":{"line":7,"column":0},"end":{"line":7,"column":46}},"3":{"start":{"line":9,"column":0},"end":{"line":9,"column":51}},"4":{"start":{"line":11,"column":0},"end":{"line":11,"column":95}},"5":{"start":{"line":11,"column":39},"end":{"line":11,"column":93}},"6":{"start":{"line":13,"column":0},"end":{"line":235,"column":2}},"7":{"start":{"line":15,"column":4},"end":{"line":22,"column":6}},"8":{"start":{"line":24,"column":4},"end":{"line":26,"column":5}},"9":{"start":{"line":25,"column":6},"end":{"line":25,"column":81}},"10":{"start":{"line":27,"column":4},"end":{"line":27,"column":38}},"11":{"start":{"line":29,"column":4},"end":{"line":29,"column":102}},"12":{"start":{"line":32,"column":4},"end":{"line":32,"column":41}},"13":{"start":{"line":33,"column":4},"end":{"line":33,"column":34}},"14":{"start":{"line":34,"column":4},"end":{"line":34,"column":35}},"15":{"start":{"line":36,"column":4},"end":{"line":63,"column":5}},"16":{"start":{"line":37,"column":6},"end":{"line":49,"column":7}},"17":{"start":{"line":38,"column":8},"end":{"line":38,"column":35}},"18":{"start":{"line":40,"column":8},"end":{"line":48,"column":9}},"19":{"start":{"line":41,"column":10},"end":{"line":41,"column":56}},"20":{"start":{"line":42,"column":10},"end":{"line":42,"column":44}},"21":{"start":{"line":43,"column":10},"end":{"line":43,"column":46}},"22":{"start":{"line":44,"column":10},"end":{"line":44,"column":48}},"23":{"start":{"line":45,"column":10},"end":{"line":45,"column":48}},"24":{"start":{"line":47,"column":10},"end":{"line":47,"column":97}},"25":{"start":{"line":51,"column":6},"end":{"line":51,"column":31}},"26":{"start":{"line":52,"column":6},"end":{"line":52,"column":27}},"27":{"start":{"line":54,"column":6},"end":{"line":62,"column":7}},"28":{"start":{"line":55,"column":8},"end":{"line":57,"column":9}},"29":{"start":{"line":56,"column":10},"end":{"line":56,"column":29}},"30":{"start":{"line":59,"column":8},"end":{"line":61,"column":9}},"31":{"start":{"line":60,"column":10},"end":{"line":60,"column":31}},"32":{"start":{"line":65,"column":4},"end":{"line":65,"column":80}},"33":{"start":{"line":68,"column":4},"end":{"line":68,"column":14}},"34":{"start":{"line":69,"column":4},"end":{"line":69,"column":42}},"35":{"start":{"line":70,"column":4},"end":{"line":70,"column":35}},"36":{"start":{"line":71,"column":4},"end":{"line":71,"column":36}},"37":{"start":{"line":73,"column":4},"end":{"line":96,"column":5}},"38":{"start":{"line":74,"column":6},"end":{"line":82,"column":7}},"39":{"start":{"line":75,"column":8},"end":{"line":75,"column":36}},"40":{"start":{"line":77,"column":8},"end":{"line":80,"column":9}},"41":{"start":{"line":78,"column":10},"end":{"line":78,"column":42}},"42":{"start":{"line":79,"column":10},"end":{"line":79,"column":131}},"43":{"start":{"line":81,"column":8},"end":{"line":81,"column":15}},"44":{"start":{"line":84,"column":6},"end":{"line":84,"column":32}},"45":{"start":{"line":85,"column":6},"end":{"line":85,"column":28}},"46":{"start":{"line":87,"column":6},"end":{"line":95,"column":7}},"47":{"start":{"line":88,"column":8},"end":{"line":90,"column":9}},"48":{"start":{"line":89,"column":10},"end":{"line":89,"column":30}},"49":{"start":{"line":92,"column":8},"end":{"line":94,"column":9}},"50":{"start":{"line":93,"column":10},"end":{"line":93,"column":32}},"51":{"start":{"line":98,"column":4},"end":{"line":98,"column":80}},"52":{"start":{"line":101,"column":4},"end":{"line":101,"column":42}},"53":{"start":{"line":102,"column":4},"end":{"line":102,"column":35}},"54":{"start":{"line":103,"column":4},"end":{"line":103,"column":36}},"55":{"start":{"line":105,"column":4},"end":{"line":126,"column":5}},"56":{"start":{"line":106,"column":6},"end":{"line":112,"column":7}},"57":{"start":{"line":107,"column":8},"end":{"line":107,"column":36}},"58":{"start":{"line":109,"column":8},"end":{"line":111,"column":9}},"59":{"start":{"line":110,"column":10},"end":{"line":110,"column":66}},"60":{"start":{"line":114,"column":6},"end":{"line":114,"column":32}},"61":{"start":{"line":115,"column":6},"end":{"line":115,"column":28}},"62":{"start":{"line":117,"column":6},"end":{"line":125,"column":7}},"63":{"start":{"line":118,"column":8},"end":{"line":120,"column":9}},"64":{"start":{"line":119,"column":10},"end":{"line":119,"column":30}},"65":{"start":{"line":122,"column":8},"end":{"line":124,"column":9}},"66":{"start":{"line":123,"column":10},"end":{"line":123,"column":32}},"67":{"start":{"line":128,"column":4},"end":{"line":128,"column":80}},"68":{"start":{"line":131,"column":4},"end":{"line":133,"column":5}},"69":{"start":{"line":132,"column":6},"end":{"line":132,"column":72}},"70":{"start":{"line":134,"column":4},"end":{"line":166,"column":5}},"71":{"start":{"line":135,"column":6},"end":{"line":135,"column":21}},"72":{"start":{"line":136,"column":6},"end":{"line":136,"column":44}},"73":{"start":{"line":137,"column":6},"end":{"line":137,"column":37}},"74":{"start":{"line":138,"column":6},"end":{"line":138,"column":38}},"75":{"start":{"line":140,"column":6},"end":{"line":161,"column":7}},"76":{"start":{"line":141,"column":8},"end":{"line":147,"column":9}},"77":{"start":{"line":142,"column":10},"end":{"line":142,"column":38}},"78":{"start":{"line":144,"column":10},"end":{"line":146,"column":11}},"79":{"start":{"line":145,"column":12},"end":{"line":145,"column":33}},"80":{"start":{"line":149,"column":8},"end":{"line":149,"column":34}},"81":{"start":{"line":150,"column":8},"end":{"line":150,"column":30}},"82":{"start":{"line":152,"column":8},"end":{"line":160,"column":9}},"83":{"start":{"line":153,"column":10},"end":{"line":155,"column":11}},"84":{"start":{"line":154,"column":12},"end":{"line":154,"column":32}},"85":{"start":{"line":157,"column":10},"end":{"line":159,"column":11}},"86":{"start":{"line":158,"column":12},"end":{"line":158,"column":34}},"87":{"start":{"line":163,"column":6},"end":{"line":165,"column":7}},"88":{"start":{"line":164,"column":8},"end":{"line":164,"column":61}},"89":{"start":{"line":167,"column":4},"end":{"line":199,"column":5}},"90":{"start":{"line":168,"column":6},"end":{"line":168,"column":22}},"91":{"start":{"line":169,"column":6},"end":{"line":169,"column":44}},"92":{"start":{"line":170,"column":6},"end":{"line":170,"column":37}},"93":{"start":{"line":171,"column":6},"end":{"line":171,"column":38}},"94":{"start":{"line":173,"column":6},"end":{"line":194,"column":7}},"95":{"start":{"line":174,"column":8},"end":{"line":180,"column":9}},"96":{"start":{"line":175,"column":10},"end":{"line":175,"column":39}},"97":{"start":{"line":177,"column":10},"end":{"line":179,"column":11}},"98":{"start":{"line":178,"column":12},"end":{"line":178,"column":35}},"99":{"start":{"line":182,"column":8},"end":{"line":182,"column":34}},"100":{"start":{"line":183,"column":8},"end":{"line":183,"column":30}},"101":{"start":{"line":185,"column":8},"end":{"line":193,"column":9}},"102":{"start":{"line":186,"column":10},"end":{"line":188,"column":11}},"103":{"start":{"line":187,"column":12},"end":{"line":187,"column":32}},"104":{"start":{"line":190,"column":10},"end":{"line":192,"column":11}},"105":{"start":{"line":191,"column":12},"end":{"line":191,"column":34}},"106":{"start":{"line":196,"column":6},"end":{"line":198,"column":7}},"107":{"start":{"line":197,"column":8},"end":{"line":197,"column":62}},"108":{"start":{"line":200,"column":4},"end":{"line":232,"column":5}},"109":{"start":{"line":201,"column":6},"end":{"line":201,"column":23}},"110":{"start":{"line":202,"column":6},"end":{"line":202,"column":44}},"111":{"start":{"line":203,"column":6},"end":{"line":203,"column":37}},"112":{"start":{"line":204,"column":6},"end":{"line":204,"column":38}},"113":{"start":{"line":206,"column":6},"end":{"line":227,"column":7}},"114":{"start":{"line":207,"column":8},"end":{"line":213,"column":9}},"115":{"start":{"line":208,"column":10},"end":{"line":208,"column":40}},"116":{"start":{"line":210,"column":10},"end":{"line":212,"column":11}},"117":{"start":{"line":211,"column":12},"end":{"line":211,"column":37}},"118":{"start":{"line":215,"column":8},"end":{"line":215,"column":34}},"119":{"start":{"line":216,"column":8},"end":{"line":216,"column":30}},"120":{"start":{"line":218,"column":8},"end":{"line":226,"column":9}},"121":{"start":{"line":219,"column":10},"end":{"line":221,"column":11}},"122":{"start":{"line":220,"column":12},"end":{"line":220,"column":32}},"123":{"start":{"line":223,"column":10},"end":{"line":225,"column":11}},"124":{"start":{"line":224,"column":12},"end":{"line":224,"column":34}},"125":{"start":{"line":229,"column":6},"end":{"line":231,"column":7}},"126":{"start":{"line":230,"column":8},"end":{"line":230,"column":63}},"127":{"start":{"line":233,"column":4},"end":{"line":233,"column":80}},"128":{"start":{"line":237,"column":0},"end":{"line":237,"column":39}}},"branchMap":{"1":{"line":11,"type":"cond-expr","locations":[{"start":{"line":11,"column":70},"end":{"line":11,"column":73}},{"start":{"line":11,"column":76},"end":{"line":11,"column":92}}]},"2":{"line":11,"type":"binary-expr","locations":[{"start":{"line":11,"column":46},"end":{"line":11,"column":49}},{"start":{"line":11,"column":53},"end":{"line":11,"column":67}}]},"3":{"line":24,"type":"if","locations":[{"start":{"line":24,"column":4},"end":{"line":24,"column":4}},{"start":{"line":24,"column":4},"end":{"line":24,"column":4}}]},"4":{"line":24,"type":"binary-expr","locations":[{"start":{"line":24,"column":8},"end":{"line":24,"column":30}},{"start":{"line":24,"column":34},"end":{"line":24,"column":50}},{"start":{"line":24,"column":54},"end":{"line":24,"column":71}},{"start":{"line":24,"column":75},"end":{"line":24,"column":93}},{"start":{"line":24,"column":97},"end":{"line":24,"column":115}}]},"5":{"line":40,"type":"if","locations":[{"start":{"line":40,"column":8},"end":{"line":40,"column":8}},{"start":{"line":40,"column":8},"end":{"line":40,"column":8}}]},"6":{"line":55,"type":"if","locations":[{"start":{"line":55,"column":8},"end":{"line":55,"column":8}},{"start":{"line":55,"column":8},"end":{"line":55,"column":8}}]},"7":{"line":55,"type":"binary-expr","locations":[{"start":{"line":55,"column":12},"end":{"line":55,"column":38}},{"start":{"line":55,"column":42},"end":{"line":55,"column":58}}]},"8":{"line":59,"type":"if","locations":[{"start":{"line":59,"column":8},"end":{"line":59,"column":8}},{"start":{"line":59,"column":8},"end":{"line":59,"column":8}}]},"9":{"line":77,"type":"if","locations":[{"start":{"line":77,"column":8},"end":{"line":77,"column":8}},{"start":{"line":77,"column":8},"end":{"line":77,"column":8}}]},"10":{"line":88,"type":"if","locations":[{"start":{"line":88,"column":8},"end":{"line":88,"column":8}},{"start":{"line":88,"column":8},"end":{"line":88,"column":8}}]},"11":{"line":88,"type":"binary-expr","locations":[{"start":{"line":88,"column":12},"end":{"line":88,"column":39}},{"start":{"line":88,"column":43},"end":{"line":88,"column":60}}]},"12":{"line":92,"type":"if","locations":[{"start":{"line":92,"column":8},"end":{"line":92,"column":8}},{"start":{"line":92,"column":8},"end":{"line":92,"column":8}}]},"13":{"line":109,"type":"if","locations":[{"start":{"line":109,"column":8},"end":{"line":109,"column":8}},{"start":{"line":109,"column":8},"end":{"line":109,"column":8}}]},"14":{"line":118,"type":"if","locations":[{"start":{"line":118,"column":8},"end":{"line":118,"column":8}},{"start":{"line":118,"column":8},"end":{"line":118,"column":8}}]},"15":{"line":118,"type":"binary-expr","locations":[{"start":{"line":118,"column":12},"end":{"line":118,"column":39}},{"start":{"line":118,"column":43},"end":{"line":118,"column":60}}]},"16":{"line":122,"type":"if","locations":[{"start":{"line":122,"column":8},"end":{"line":122,"column":8}},{"start":{"line":122,"column":8},"end":{"line":122,"column":8}}]},"17":{"line":131,"type":"if","locations":[{"start":{"line":131,"column":4},"end":{"line":131,"column":4}},{"start":{"line":131,"column":4},"end":{"line":131,"column":4}}]},"18":{"line":131,"type":"binary-expr","locations":[{"start":{"line":131,"column":8},"end":{"line":131,"column":27}},{"start":{"line":131,"column":31},"end":{"line":131,"column":50}}]},"19":{"line":134,"type":"if","locations":[{"start":{"line":134,"column":4},"end":{"line":134,"column":4}},{"start":{"line":134,"column":4},"end":{"line":134,"column":4}}]},"20":{"line":134,"type":"binary-expr","locations":[{"start":{"line":134,"column":8},"end":{"line":134,"column":26}},{"start":{"line":134,"column":30},"end":{"line":134,"column":49}}]},"21":{"line":144,"type":"if","locations":[{"start":{"line":144,"column":10},"end":{"line":144,"column":10}},{"start":{"line":144,"column":10},"end":{"line":144,"column":10}}]},"22":{"line":153,"type":"if","locations":[{"start":{"line":153,"column":10},"end":{"line":153,"column":10}},{"start":{"line":153,"column":10},"end":{"line":153,"column":10}}]},"23":{"line":153,"type":"binary-expr","locations":[{"start":{"line":153,"column":14},"end":{"line":153,"column":41}},{"start":{"line":153,"column":45},"end":{"line":153,"column":62}}]},"24":{"line":157,"type":"if","locations":[{"start":{"line":157,"column":10},"end":{"line":157,"column":10}},{"start":{"line":157,"column":10},"end":{"line":157,"column":10}}]},"25":{"line":163,"type":"if","locations":[{"start":{"line":163,"column":6},"end":{"line":163,"column":6}},{"start":{"line":163,"column":6},"end":{"line":163,"column":6}}]},"26":{"line":167,"type":"if","locations":[{"start":{"line":167,"column":4},"end":{"line":167,"column":4}},{"start":{"line":167,"column":4},"end":{"line":167,"column":4}}]},"27":{"line":167,"type":"binary-expr","locations":[{"start":{"line":167,"column":8},"end":{"line":167,"column":26}},{"start":{"line":167,"column":30},"end":{"line":167,"column":49}}]},"28":{"line":177,"type":"if","locations":[{"start":{"line":177,"column":10},"end":{"line":177,"column":10}},{"start":{"line":177,"column":10},"end":{"line":177,"column":10}}]},"29":{"line":186,"type":"if","locations":[{"start":{"line":186,"column":10},"end":{"line":186,"column":10}},{"start":{"line":186,"column":10},"end":{"line":186,"column":10}}]},"30":{"line":186,"type":"binary-expr","locations":[{"start":{"line":186,"column":14},"end":{"line":186,"column":41}},{"start":{"line":186,"column":45},"end":{"line":186,"column":62}}]},"31":{"line":190,"type":"if","locations":[{"start":{"line":190,"column":10},"end":{"line":190,"column":10}},{"start":{"line":190,"column":10},"end":{"line":190,"column":10}}]},"32":{"line":196,"type":"if","locations":[{"start":{"line":196,"column":6},"end":{"line":196,"column":6}},{"start":{"line":196,"column":6},"end":{"line":196,"column":6}}]},"33":{"line":200,"type":"if","locations":[{"start":{"line":200,"column":4},"end":{"line":200,"column":4}},{"start":{"line":200,"column":4},"end":{"line":200,"column":4}}]},"34":{"line":200,"type":"binary-expr","locations":[{"start":{"line":200,"column":8},"end":{"line":200,"column":26}},{"start":{"line":200,"column":30},"end":{"line":200,"column":48}}]},"35":{"line":210,"type":"if","locations":[{"start":{"line":210,"column":10},"end":{"line":210,"column":10}},{"start":{"line":210,"column":10},"end":{"line":210,"column":10}}]},"36":{"line":210,"type":"binary-expr","locations":[{"start":{"line":210,"column":14},"end":{"line":210,"column":56}},{"start":{"line":210,"column":60},"end":{"line":210,"column":102}}]},"37":{"line":219,"type":"if","locations":[{"start":{"line":219,"column":10},"end":{"line":219,"column":10}},{"start":{"line":219,"column":10},"end":{"line":219,"column":10}}]},"38":{"line":219,"type":"binary-expr","locations":[{"start":{"line":219,"column":14},"end":{"line":219,"column":41}},{"start":{"line":219,"column":45},"end":{"line":219,"column":62}}]},"39":{"line":223,"type":"if","locations":[{"start":{"line":223,"column":10},"end":{"line":223,"column":10}},{"start":{"line":223,"column":10},"end":{"line":223,"column":10}}]},"40":{"line":229,"type":"if","locations":[{"start":{"line":229,"column":6},"end":{"line":229,"column":6}},{"start":{"line":229,"column":6},"end":{"line":229,"column":6}}]}}},"/home/somto/Andela/We-Connect/lib/server/models/business.js":{"path":"/home/somto/Andela/We-Connect/lib/server/models/business.js","s":{"1":1,"2":1,"3":1},"b":{},"f":{},"fnMap":{},"statementMap":{"1":{"start":{"line":3,"column":0},"end":{"line":5,"column":3}},"2":{"start":{"line":6,"column":0},"end":{"line":27,"column":3}},"3":{"start":{"line":28,"column":0},"end":{"line":28,"column":29}}},"branchMap":{}}}