{"/home/somto/Andela/We-Connect/lib/app.js":{"path":"/home/somto/Andela/We-Connect/lib/app.js","s":{"1":1,"2":1,"3":1,"4":1,"5":1,"6":1,"7":1,"8":1,"9":1,"10":1,"11":4,"12":1,"13":1,"14":1,"15":1,"16":1,"17":1,"18":1,"19":1,"20":1,"21":1},"b":{"1":[1,3],"2":[4,4]},"f":{"1":4,"2":1},"fnMap":{"1":{"name":"_interopRequireDefault","line":23,"loc":{"start":{"line":23,"column":0},"end":{"line":23,"column":37}}},"2":{"name":"(anonymous_2)","line":42,"loc":{"start":{"line":42,"column":13},"end":{"line":42,"column":33}}}},"statementMap":{"1":{"start":{"line":3,"column":0},"end":{"line":5,"column":3}},"2":{"start":{"line":7,"column":0},"end":{"line":7,"column":34}},"3":{"start":{"line":9,"column":0},"end":{"line":9,"column":49}},"4":{"start":{"line":11,"column":0},"end":{"line":11,"column":32}},"5":{"start":{"line":13,"column":0},"end":{"line":13,"column":47}},"6":{"start":{"line":15,"column":0},"end":{"line":15,"column":41}},"7":{"start":{"line":17,"column":0},"end":{"line":17,"column":55}},"8":{"start":{"line":19,"column":0},"end":{"line":19,"column":46}},"9":{"start":{"line":21,"column":0},"end":{"line":21,"column":45}},"10":{"start":{"line":23,"column":0},"end":{"line":23,"column":95}},"11":{"start":{"line":23,"column":39},"end":{"line":23,"column":93}},"12":{"start":{"line":26,"column":0},"end":{"line":26,"column":35}},"13":{"start":{"line":29,"column":0},"end":{"line":29,"column":38}},"14":{"start":{"line":31,"column":0},"end":{"line":31,"column":67}},"15":{"start":{"line":32,"column":0},"end":{"line":32,"column":77}},"16":{"start":{"line":35,"column":0},"end":{"line":35,"column":37}},"17":{"start":{"line":37,"column":0},"end":{"line":37,"column":62}},"18":{"start":{"line":40,"column":0},"end":{"line":40,"column":26}},"19":{"start":{"line":42,"column":0},"end":{"line":46,"column":3}},"20":{"start":{"line":43,"column":2},"end":{"line":45,"column":5}},"21":{"start":{"line":49,"column":0},"end":{"line":49,"column":22}}},"branchMap":{"1":{"line":23,"type":"cond-expr","locations":[{"start":{"line":23,"column":70},"end":{"line":23,"column":73}},{"start":{"line":23,"column":76},"end":{"line":23,"column":92}}]},"2":{"line":23,"type":"binary-expr","locations":[{"start":{"line":23,"column":46},"end":{"line":23,"column":49}},{"start":{"line":23,"column":53},"end":{"line":23,"column":67}}]}}},"/home/somto/Andela/We-Connect/lib/server/routes/index.js":{"path":"/home/somto/Andela/We-Connect/lib/server/routes/index.js","s":{"1":1,"2":1,"3":1,"4":1,"5":1,"6":1,"7":1,"8":1,"9":1,"10":1,"11":1,"12":1,"13":1,"14":1,"15":1,"16":1,"17":1,"18":1,"19":1},"b":{},"f":{"1":1,"2":1},"fnMap":{"1":{"name":"routes","line":9,"loc":{"start":{"line":9,"column":13},"end":{"line":9,"column":34}}},"2":{"name":"(anonymous_2)","line":10,"loc":{"start":{"line":10,"column":18},"end":{"line":10,"column":38}}}},"statementMap":{"1":{"start":{"line":3,"column":0},"end":{"line":5,"column":3}},"2":{"start":{"line":7,"column":0},"end":{"line":7,"column":45}},"3":{"start":{"line":9,"column":0},"end":{"line":31,"column":2}},"4":{"start":{"line":10,"column":2},"end":{"line":14,"column":5}},"5":{"start":{"line":11,"column":4},"end":{"line":13,"column":7}},"6":{"start":{"line":16,"column":2},"end":{"line":16,"column":92}},"7":{"start":{"line":17,"column":2},"end":{"line":17,"column":59}},"8":{"start":{"line":18,"column":2},"end":{"line":18,"column":56}},"9":{"start":{"line":19,"column":2},"end":{"line":19,"column":97}},"10":{"start":{"line":20,"column":2},"end":{"line":20,"column":68}},"11":{"start":{"line":21,"column":2},"end":{"line":21,"column":70}},"12":{"start":{"line":23,"column":2},"end":{"line":23,"column":102}},"13":{"start":{"line":24,"column":2},"end":{"line":24,"column":112}},"14":{"start":{"line":25,"column":2},"end":{"line":25,"column":80}},"15":{"start":{"line":26,"column":2},"end":{"line":26,"column":78}},"16":{"start":{"line":27,"column":2},"end":{"line":27,"column":63}},"17":{"start":{"line":29,"column":2},"end":{"line":29,"column":82}},"18":{"start":{"line":30,"column":2},"end":{"line":30,"column":83}},"19":{"start":{"line":33,"column":0},"end":{"line":33,"column":25}}},"branchMap":{}},"/home/somto/Andela/We-Connect/lib/server/controllers/index.js":{"path":"/home/somto/Andela/We-Connect/lib/server/controllers/index.js","s":{"1":1,"2":1,"3":1,"4":8,"5":1,"6":1,"7":7,"8":1,"9":1,"10":2,"11":1,"12":17},"b":{"1":[17,0],"2":[17,17]},"f":{"1":8,"2":7,"3":2,"4":17},"fnMap":{"1":{"name":"get","line":11,"loc":{"start":{"line":11,"column":7},"end":{"line":11,"column":22}}},"2":{"name":"get","line":20,"loc":{"start":{"line":20,"column":7},"end":{"line":20,"column":22}}},"3":{"name":"get","line":29,"loc":{"start":{"line":29,"column":7},"end":{"line":29,"column":22}}},"4":{"name":"_interopRequireDefault","line":34,"loc":{"start":{"line":34,"column":0},"end":{"line":34,"column":37}}}},"statementMap":{"1":{"start":{"line":3,"column":0},"end":{"line":5,"column":3}},"2":{"start":{"line":7,"column":0},"end":{"line":7,"column":32}},"3":{"start":{"line":9,"column":0},"end":{"line":14,"column":3}},"4":{"start":{"line":12,"column":4},"end":{"line":12,"column":50}},"5":{"start":{"line":16,"column":0},"end":{"line":16,"column":42}},"6":{"start":{"line":18,"column":0},"end":{"line":23,"column":3}},"7":{"start":{"line":21,"column":4},"end":{"line":21,"column":55}},"8":{"start":{"line":25,"column":0},"end":{"line":25,"column":36}},"9":{"start":{"line":27,"column":0},"end":{"line":32,"column":3}},"10":{"start":{"line":30,"column":4},"end":{"line":30,"column":52}},"11":{"start":{"line":34,"column":0},"end":{"line":34,"column":95}},"12":{"start":{"line":34,"column":39},"end":{"line":34,"column":93}}},"branchMap":{"1":{"line":34,"type":"cond-expr","locations":[{"start":{"line":34,"column":70},"end":{"line":34,"column":73}},{"start":{"line":34,"column":76},"end":{"line":34,"column":92}}]},"2":{"line":34,"type":"binary-expr","locations":[{"start":{"line":34,"column":46},"end":{"line":34,"column":49}},{"start":{"line":34,"column":53},"end":{"line":34,"column":67}}]}}},"/home/somto/Andela/We-Connect/lib/server/controllers/users.js":{"path":"/home/somto/Andela/We-Connect/lib/server/controllers/users.js","s":{"1":1,"2":1,"3":1,"4":1,"5":1,"6":1,"7":1,"8":1,"9":3,"10":1,"11":0,"12":0,"13":1,"14":0,"15":0,"16":0,"17":1,"18":1,"19":0,"20":1,"21":2,"22":2,"23":1,"24":1,"25":1,"26":2,"27":2,"28":2,"29":2,"30":2,"31":2,"32":2,"33":1,"34":0,"35":0,"36":2,"37":2,"38":0,"39":2,"40":0,"41":1,"42":2,"43":2,"44":2,"45":2,"46":2,"47":2,"48":2,"49":2,"50":1,"51":1,"52":1,"53":1,"54":1,"55":1,"56":1,"57":1,"58":1,"59":1,"60":1,"61":1,"62":1,"63":0,"64":0,"65":0,"66":0,"67":1,"68":1,"69":0,"70":0,"71":2,"72":2,"73":0,"74":2,"75":0,"76":1,"77":2,"78":2,"79":2,"80":2,"81":2,"82":2,"83":2,"84":2,"85":1,"86":0,"87":0,"88":0,"89":1,"90":1,"91":1,"92":0,"93":0,"94":2,"95":2,"96":0,"97":2,"98":0,"99":1,"100":2,"101":2,"102":2,"103":2,"104":2,"105":2,"106":2,"107":1,"108":0,"109":0,"110":2,"111":2,"112":0,"113":2,"114":0,"115":1,"116":1},"b":{"1":[1,2],"2":[3,3],"3":[0,0],"4":[0,0],"5":[0,2],"6":[1,1],"7":[2,2,2,2,2,2,1,1,1],"8":[1,1],"9":[2,1],"10":[0,2],"11":[2,1],"12":[0,2],"13":[1,1],"14":[0,1],"15":[0,0],"16":[0,0],"17":[0,1],"18":[0,2],"19":[2,1],"20":[0,2],"21":[1,1],"22":[0,1],"23":[0,0],"24":[0,2],"25":[2,1],"26":[0,2],"27":[1,1],"28":[0,2],"29":[2,1],"30":[0,2]},"f":{"1":3,"2":0,"3":0,"4":0,"5":0,"6":2,"7":2,"8":2,"9":2,"10":0,"11":2,"12":0,"13":2},"fnMap":{"1":{"name":"_interopRequireDefault","line":19,"loc":{"start":{"line":19,"column":0},"end":{"line":19,"column":37}}},"2":{"name":"destination","line":22,"loc":{"start":{"line":22,"column":15},"end":{"line":22,"column":51}}},"3":{"name":"filename","line":25,"loc":{"start":{"line":25,"column":12},"end":{"line":25,"column":45}}},"4":{"name":"fileFilter","line":30,"loc":{"start":{"line":30,"column":17},"end":{"line":30,"column":52}}},"5":{"name":"handleError","line":47,"loc":{"start":{"line":47,"column":18},"end":{"line":47,"column":49}}},"6":{"name":"create","line":55,"loc":{"start":{"line":55,"column":10},"end":{"line":55,"column":36}}},"7":{"name":"check","line":84,"loc":{"start":{"line":84,"column":9},"end":{"line":84,"column":34}}},"8":{"name":"list","line":114,"loc":{"start":{"line":114,"column":8},"end":{"line":114,"column":32}}},"9":{"name":"update","line":119,"loc":{"start":{"line":119,"column":10},"end":{"line":119,"column":36}}},"10":{"name":"(anonymous_10)","line":147,"loc":{"start":{"line":147,"column":65},"end":{"line":147,"column":80}}},"11":{"name":"destroy","line":176,"loc":{"start":{"line":176,"column":11},"end":{"line":176,"column":38}}},"12":{"name":"(anonymous_12)","line":189,"loc":{"start":{"line":189,"column":63},"end":{"line":189,"column":78}}},"13":{"name":"retrieve","line":217,"loc":{"start":{"line":217,"column":12},"end":{"line":217,"column":40}}}},"statementMap":{"1":{"start":{"line":3,"column":0},"end":{"line":5,"column":3}},"2":{"start":{"line":7,"column":0},"end":{"line":7,"column":32}},"3":{"start":{"line":9,"column":0},"end":{"line":9,"column":47}},"4":{"start":{"line":11,"column":0},"end":{"line":11,"column":41}},"5":{"start":{"line":13,"column":0},"end":{"line":13,"column":55}},"6":{"start":{"line":15,"column":0},"end":{"line":15,"column":38}},"7":{"start":{"line":17,"column":0},"end":{"line":17,"column":43}},"8":{"start":{"line":19,"column":0},"end":{"line":19,"column":95}},"9":{"start":{"line":19,"column":39},"end":{"line":19,"column":93}},"10":{"start":{"line":21,"column":0},"end":{"line":28,"column":3}},"11":{"start":{"line":23,"column":4},"end":{"line":23,"column":32}},"12":{"start":{"line":26,"column":4},"end":{"line":26,"column":59}},"13":{"start":{"line":30,"column":0},"end":{"line":37,"column":2}},"14":{"start":{"line":32,"column":2},"end":{"line":36,"column":3}},"15":{"start":{"line":33,"column":4},"end":{"line":33,"column":19}},"16":{"start":{"line":35,"column":4},"end":{"line":35,"column":55}},"17":{"start":{"line":39,"column":0},"end":{"line":45,"column":3}},"18":{"start":{"line":47,"column":0},"end":{"line":49,"column":2}},"19":{"start":{"line":48,"column":2},"end":{"line":48,"column":79}},"20":{"start":{"line":51,"column":0},"end":{"line":247,"column":2}},"21":{"start":{"line":56,"column":4},"end":{"line":72,"column":6}},"22":{"start":{"line":74,"column":4},"end":{"line":76,"column":5}},"23":{"start":{"line":75,"column":6},"end":{"line":75,"column":80}},"24":{"start":{"line":79,"column":4},"end":{"line":79,"column":30}},"25":{"start":{"line":80,"column":4},"end":{"line":80,"column":83}},"26":{"start":{"line":85,"column":4},"end":{"line":85,"column":41}},"27":{"start":{"line":86,"column":4},"end":{"line":86,"column":34}},"28":{"start":{"line":87,"column":4},"end":{"line":87,"column":35}},"29":{"start":{"line":89,"column":4},"end":{"line":110,"column":5}},"30":{"start":{"line":90,"column":6},"end":{"line":96,"column":7}},"31":{"start":{"line":91,"column":8},"end":{"line":91,"column":31}},"32":{"start":{"line":93,"column":8},"end":{"line":95,"column":9}},"33":{"start":{"line":94,"column":10},"end":{"line":94,"column":77}},"34":{"start":{"line":98,"column":6},"end":{"line":98,"column":31}},"35":{"start":{"line":99,"column":6},"end":{"line":99,"column":27}},"36":{"start":{"line":101,"column":6},"end":{"line":109,"column":7}},"37":{"start":{"line":102,"column":8},"end":{"line":104,"column":9}},"38":{"start":{"line":103,"column":10},"end":{"line":103,"column":29}},"39":{"start":{"line":106,"column":8},"end":{"line":108,"column":9}},"40":{"start":{"line":107,"column":10},"end":{"line":107,"column":31}},"41":{"start":{"line":112,"column":4},"end":{"line":112,"column":76}},"42":{"start":{"line":115,"column":4},"end":{"line":115,"column":61}},"43":{"start":{"line":120,"column":4},"end":{"line":120,"column":42}},"44":{"start":{"line":121,"column":4},"end":{"line":121,"column":35}},"45":{"start":{"line":122,"column":4},"end":{"line":122,"column":36}},"46":{"start":{"line":124,"column":4},"end":{"line":170,"column":5}},"47":{"start":{"line":125,"column":6},"end":{"line":156,"column":7}},"48":{"start":{"line":126,"column":8},"end":{"line":126,"column":32}},"49":{"start":{"line":128,"column":8},"end":{"line":155,"column":9}},"50":{"start":{"line":130,"column":10},"end":{"line":130,"column":39}},"51":{"start":{"line":132,"column":10},"end":{"line":132,"column":38}},"52":{"start":{"line":133,"column":10},"end":{"line":133,"column":42}},"53":{"start":{"line":134,"column":10},"end":{"line":134,"column":40}},"54":{"start":{"line":135,"column":10},"end":{"line":135,"column":44}},"55":{"start":{"line":136,"column":10},"end":{"line":136,"column":44}},"56":{"start":{"line":137,"column":10},"end":{"line":137,"column":38}},"57":{"start":{"line":138,"column":10},"end":{"line":138,"column":40}},"58":{"start":{"line":139,"column":10},"end":{"line":139,"column":40}},"59":{"start":{"line":140,"column":10},"end":{"line":140,"column":36}},"60":{"start":{"line":141,"column":10},"end":{"line":141,"column":38}},"61":{"start":{"line":142,"column":10},"end":{"line":142,"column":38}},"62":{"start":{"line":145,"column":10},"end":{"line":151,"column":11}},"63":{"start":{"line":146,"column":12},"end":{"line":150,"column":13}},"64":{"start":{"line":147,"column":14},"end":{"line":149,"column":17}},"65":{"start":{"line":148,"column":16},"end":{"line":148,"column":54}},"66":{"start":{"line":148,"column":25},"end":{"line":148,"column":54}},"67":{"start":{"line":152,"column":10},"end":{"line":152,"column":62}},"68":{"start":{"line":154,"column":10},"end":{"line":154,"column":83}},"69":{"start":{"line":158,"column":6},"end":{"line":158,"column":32}},"70":{"start":{"line":159,"column":6},"end":{"line":159,"column":28}},"71":{"start":{"line":161,"column":6},"end":{"line":169,"column":7}},"72":{"start":{"line":162,"column":8},"end":{"line":164,"column":9}},"73":{"start":{"line":163,"column":10},"end":{"line":163,"column":30}},"74":{"start":{"line":166,"column":8},"end":{"line":168,"column":9}},"75":{"start":{"line":167,"column":10},"end":{"line":167,"column":32}},"76":{"start":{"line":172,"column":4},"end":{"line":172,"column":76}},"77":{"start":{"line":178,"column":4},"end":{"line":178,"column":14}},"78":{"start":{"line":179,"column":4},"end":{"line":179,"column":42}},"79":{"start":{"line":180,"column":4},"end":{"line":180,"column":35}},"80":{"start":{"line":181,"column":4},"end":{"line":181,"column":36}},"81":{"start":{"line":183,"column":4},"end":{"line":211,"column":5}},"82":{"start":{"line":184,"column":6},"end":{"line":197,"column":7}},"83":{"start":{"line":185,"column":8},"end":{"line":185,"column":32}},"84":{"start":{"line":187,"column":8},"end":{"line":195,"column":9}},"85":{"start":{"line":188,"column":10},"end":{"line":192,"column":11}},"86":{"start":{"line":189,"column":12},"end":{"line":191,"column":15}},"87":{"start":{"line":190,"column":14},"end":{"line":190,"column":52}},"88":{"start":{"line":190,"column":23},"end":{"line":190,"column":52}},"89":{"start":{"line":193,"column":10},"end":{"line":193,"column":38}},"90":{"start":{"line":194,"column":10},"end":{"line":194,"column":105}},"91":{"start":{"line":196,"column":8},"end":{"line":196,"column":15}},"92":{"start":{"line":199,"column":6},"end":{"line":199,"column":32}},"93":{"start":{"line":200,"column":6},"end":{"line":200,"column":28}},"94":{"start":{"line":202,"column":6},"end":{"line":210,"column":7}},"95":{"start":{"line":203,"column":8},"end":{"line":205,"column":9}},"96":{"start":{"line":204,"column":10},"end":{"line":204,"column":30}},"97":{"start":{"line":207,"column":8},"end":{"line":209,"column":9}},"98":{"start":{"line":208,"column":10},"end":{"line":208,"column":32}},"99":{"start":{"line":213,"column":4},"end":{"line":213,"column":76}},"100":{"start":{"line":218,"column":4},"end":{"line":218,"column":42}},"101":{"start":{"line":219,"column":4},"end":{"line":219,"column":35}},"102":{"start":{"line":220,"column":4},"end":{"line":220,"column":36}},"103":{"start":{"line":222,"column":4},"end":{"line":243,"column":5}},"104":{"start":{"line":223,"column":6},"end":{"line":229,"column":7}},"105":{"start":{"line":224,"column":8},"end":{"line":224,"column":32}},"106":{"start":{"line":226,"column":8},"end":{"line":228,"column":9}},"107":{"start":{"line":227,"column":10},"end":{"line":227,"column":77}},"108":{"start":{"line":231,"column":6},"end":{"line":231,"column":32}},"109":{"start":{"line":232,"column":6},"end":{"line":232,"column":28}},"110":{"start":{"line":234,"column":6},"end":{"line":242,"column":7}},"111":{"start":{"line":235,"column":8},"end":{"line":237,"column":9}},"112":{"start":{"line":236,"column":10},"end":{"line":236,"column":30}},"113":{"start":{"line":239,"column":8},"end":{"line":241,"column":9}},"114":{"start":{"line":240,"column":10},"end":{"line":240,"column":32}},"115":{"start":{"line":245,"column":4},"end":{"line":245,"column":76}},"116":{"start":{"line":249,"column":0},"end":{"line":249,"column":34}}},"branchMap":{"1":{"line":19,"type":"cond-expr","locations":[{"start":{"line":19,"column":70},"end":{"line":19,"column":73}},{"start":{"line":19,"column":76},"end":{"line":19,"column":92}}]},"2":{"line":19,"type":"binary-expr","locations":[{"start":{"line":19,"column":46},"end":{"line":19,"column":49}},{"start":{"line":19,"column":53},"end":{"line":19,"column":67}}]},"3":{"line":32,"type":"if","locations":[{"start":{"line":32,"column":2},"end":{"line":32,"column":2}},{"start":{"line":32,"column":2},"end":{"line":32,"column":2}}]},"4":{"line":32,"type":"binary-expr","locations":[{"start":{"line":32,"column":6},"end":{"line":32,"column":36}},{"start":{"line":32,"column":40},"end":{"line":32,"column":69}}]},"5":{"line":71,"type":"cond-expr","locations":[{"start":{"line":71,"column":28},"end":{"line":71,"column":41}},{"start":{"line":71,"column":44},"end":{"line":71,"column":46}}]},"6":{"line":74,"type":"if","locations":[{"start":{"line":74,"column":4},"end":{"line":74,"column":4}},{"start":{"line":74,"column":4},"end":{"line":74,"column":4}}]},"7":{"line":74,"type":"binary-expr","locations":[{"start":{"line":74,"column":8},"end":{"line":74,"column":23}},{"start":{"line":74,"column":27},"end":{"line":74,"column":46}},{"start":{"line":74,"column":50},"end":{"line":74,"column":68}},{"start":{"line":74,"column":72},"end":{"line":74,"column":90}},{"start":{"line":74,"column":94},"end":{"line":74,"column":112}},{"start":{"line":74,"column":116},"end":{"line":74,"column":131}},{"start":{"line":74,"column":135},"end":{"line":74,"column":151}},{"start":{"line":74,"column":155},"end":{"line":74,"column":168}},{"start":{"line":74,"column":172},"end":{"line":74,"column":187}}]},"8":{"line":93,"type":"if","locations":[{"start":{"line":93,"column":8},"end":{"line":93,"column":8}},{"start":{"line":93,"column":8},"end":{"line":93,"column":8}}]},"9":{"line":93,"type":"binary-expr","locations":[{"start":{"line":93,"column":12},"end":{"line":93,"column":47}},{"start":{"line":93,"column":51},"end":{"line":93,"column":86}}]},"10":{"line":102,"type":"if","locations":[{"start":{"line":102,"column":8},"end":{"line":102,"column":8}},{"start":{"line":102,"column":8},"end":{"line":102,"column":8}}]},"11":{"line":102,"type":"binary-expr","locations":[{"start":{"line":102,"column":12},"end":{"line":102,"column":38}},{"start":{"line":102,"column":42},"end":{"line":102,"column":58}}]},"12":{"line":106,"type":"if","locations":[{"start":{"line":106,"column":8},"end":{"line":106,"column":8}},{"start":{"line":106,"column":8},"end":{"line":106,"column":8}}]},"13":{"line":128,"type":"if","locations":[{"start":{"line":128,"column":8},"end":{"line":128,"column":8}},{"start":{"line":128,"column":8},"end":{"line":128,"column":8}}]},"14":{"line":145,"type":"if","locations":[{"start":{"line":145,"column":10},"end":{"line":145,"column":10}},{"start":{"line":145,"column":10},"end":{"line":145,"column":10}}]},"15":{"line":146,"type":"if","locations":[{"start":{"line":146,"column":12},"end":{"line":146,"column":12}},{"start":{"line":146,"column":12},"end":{"line":146,"column":12}}]},"16":{"line":148,"type":"if","locations":[{"start":{"line":148,"column":16},"end":{"line":148,"column":16}},{"start":{"line":148,"column":16},"end":{"line":148,"column":16}}]},"17":{"line":152,"type":"cond-expr","locations":[{"start":{"line":152,"column":38},"end":{"line":152,"column":51}},{"start":{"line":152,"column":54},"end":{"line":152,"column":61}}]},"18":{"line":162,"type":"if","locations":[{"start":{"line":162,"column":8},"end":{"line":162,"column":8}},{"start":{"line":162,"column":8},"end":{"line":162,"column":8}}]},"19":{"line":162,"type":"binary-expr","locations":[{"start":{"line":162,"column":12},"end":{"line":162,"column":39}},{"start":{"line":162,"column":43},"end":{"line":162,"column":60}}]},"20":{"line":166,"type":"if","locations":[{"start":{"line":166,"column":8},"end":{"line":166,"column":8}},{"start":{"line":166,"column":8},"end":{"line":166,"column":8}}]},"21":{"line":187,"type":"if","locations":[{"start":{"line":187,"column":8},"end":{"line":187,"column":8}},{"start":{"line":187,"column":8},"end":{"line":187,"column":8}}]},"22":{"line":188,"type":"if","locations":[{"start":{"line":188,"column":10},"end":{"line":188,"column":10}},{"start":{"line":188,"column":10},"end":{"line":188,"column":10}}]},"23":{"line":190,"type":"if","locations":[{"start":{"line":190,"column":14},"end":{"line":190,"column":14}},{"start":{"line":190,"column":14},"end":{"line":190,"column":14}}]},"24":{"line":203,"type":"if","locations":[{"start":{"line":203,"column":8},"end":{"line":203,"column":8}},{"start":{"line":203,"column":8},"end":{"line":203,"column":8}}]},"25":{"line":203,"type":"binary-expr","locations":[{"start":{"line":203,"column":12},"end":{"line":203,"column":39}},{"start":{"line":203,"column":43},"end":{"line":203,"column":60}}]},"26":{"line":207,"type":"if","locations":[{"start":{"line":207,"column":8},"end":{"line":207,"column":8}},{"start":{"line":207,"column":8},"end":{"line":207,"column":8}}]},"27":{"line":226,"type":"if","locations":[{"start":{"line":226,"column":8},"end":{"line":226,"column":8}},{"start":{"line":226,"column":8},"end":{"line":226,"column":8}}]},"28":{"line":235,"type":"if","locations":[{"start":{"line":235,"column":8},"end":{"line":235,"column":8}},{"start":{"line":235,"column":8},"end":{"line":235,"column":8}}]},"29":{"line":235,"type":"binary-expr","locations":[{"start":{"line":235,"column":12},"end":{"line":235,"column":39}},{"start":{"line":235,"column":43},"end":{"line":235,"column":60}}]},"30":{"line":239,"type":"if","locations":[{"start":{"line":239,"column":8},"end":{"line":239,"column":8}},{"start":{"line":239,"column":8},"end":{"line":239,"column":8}}]}}},"/home/somto/Andela/We-Connect/lib/server/models/user.js":{"path":"/home/somto/Andela/We-Connect/lib/server/models/user.js","s":{"1":1,"2":1,"3":1},"b":{},"f":{},"fnMap":{},"statementMap":{"1":{"start":{"line":3,"column":0},"end":{"line":5,"column":3}},"2":{"start":{"line":6,"column":0},"end":{"line":54,"column":3}},"3":{"start":{"line":55,"column":0},"end":{"line":55,"column":24}}},"branchMap":{}},"/home/somto/Andela/We-Connect/lib/server/controllers/businesses.js":{"path":"/home/somto/Andela/We-Connect/lib/server/controllers/businesses.js","s":{"1":1,"2":1,"3":1,"4":1,"5":1,"6":1,"7":1,"8":1,"9":3,"10":1,"11":0,"12":0,"13":1,"14":0,"15":0,"16":0,"17":1,"18":1,"19":0,"20":1,"21":2,"22":2,"23":1,"24":1,"25":1,"26":2,"27":2,"28":2,"29":2,"30":2,"31":3,"32":3,"33":3,"34":1,"35":1,"36":1,"37":1,"38":1,"39":1,"40":0,"41":0,"42":0,"43":0,"44":1,"45":1,"46":0,"47":0,"48":2,"49":2,"50":0,"51":2,"52":0,"53":1,"54":2,"55":2,"56":2,"57":2,"58":2,"59":2,"60":2,"61":2,"62":1,"63":0,"64":0,"65":0,"66":1,"67":1,"68":1,"69":0,"70":0,"71":2,"72":2,"73":0,"74":2,"75":0,"76":1,"77":2,"78":2,"79":2,"80":2,"81":2,"82":2,"83":2,"84":1,"85":0,"86":0,"87":2,"88":2,"89":0,"90":2,"91":0,"92":1,"93":8,"94":2,"95":6,"96":2,"97":2,"98":2,"99":2,"100":2,"101":2,"102":4,"103":4,"104":1,"105":0,"106":0,"107":2,"108":2,"109":0,"110":2,"111":0,"112":2,"113":1,"114":5,"115":2,"116":2,"117":2,"118":2,"119":2,"120":2,"121":2,"122":2,"123":1,"124":0,"125":0,"126":2,"127":2,"128":0,"129":2,"130":0,"131":2,"132":1,"133":4,"134":2,"135":2,"136":2,"137":2,"138":2,"139":2,"140":4,"141":4,"142":2,"143":0,"144":0,"145":2,"146":2,"147":0,"148":2,"149":0,"150":2,"151":1,"152":3,"153":1},"b":{"1":[1,2],"2":[3,3],"3":[0,0],"4":[0,0],"5":[0,2],"6":[1,1],"7":[2,2,2,1,1],"8":[1,2],"9":[0,1],"10":[0,0],"11":[0,0],"12":[0,1],"13":[0,2],"14":[2,1],"15":[0,2],"16":[1,1],"17":[0,1],"18":[0,0],"19":[0,2],"20":[2,1],"21":[0,2],"22":[1,1],"23":[0,2],"24":[2,1],"25":[0,2],"26":[2,6],"27":[8,4],"28":[2,4],"29":[6,4],"30":[1,3],"31":[0,2],"32":[2,0],"33":[0,2],"34":[1,1],"35":[2,3],"36":[5,4],"37":[1,1],"38":[0,2],"39":[2,0],"40":[0,2],"41":[1,1],"42":[2,2],"43":[4,3],"44":[2,2],"45":[4,3],"46":[0,2],"47":[2,0],"48":[0,2],"49":[1,1]},"f":{"1":3,"2":0,"3":0,"4":0,"5":0,"6":2,"7":2,"8":0,"9":2,"10":0,"11":2,"12":8},"fnMap":{"1":{"name":"_interopRequireDefault","line":19,"loc":{"start":{"line":19,"column":0},"end":{"line":19,"column":37}}},"2":{"name":"destination","line":22,"loc":{"start":{"line":22,"column":15},"end":{"line":22,"column":51}}},"3":{"name":"filename","line":25,"loc":{"start":{"line":25,"column":12},"end":{"line":25,"column":45}}},"4":{"name":"fileFilter","line":30,"loc":{"start":{"line":30,"column":17},"end":{"line":30,"column":52}}},"5":{"name":"handleError","line":47,"loc":{"start":{"line":47,"column":18},"end":{"line":47,"column":49}}},"6":{"name":"create","line":55,"loc":{"start":{"line":55,"column":10},"end":{"line":55,"column":36}}},"7":{"name":"update","line":75,"loc":{"start":{"line":75,"column":10},"end":{"line":75,"column":36}}},"8":{"name":"(anonymous_8)","line":97,"loc":{"start":{"line":97,"column":72},"end":{"line":97,"column":87}}},"9":{"name":"destroy","line":126,"loc":{"start":{"line":126,"column":11},"end":{"line":126,"column":38}}},"10":{"name":"(anonymous_10)","line":138,"loc":{"start":{"line":138,"column":70},"end":{"line":138,"column":85}}},"11":{"name":"retrieve","line":166,"loc":{"start":{"line":166,"column":12},"end":{"line":166,"column":40}}},"12":{"name":"list","line":198,"loc":{"start":{"line":198,"column":8},"end":{"line":198,"column":32}}}},"statementMap":{"1":{"start":{"line":3,"column":0},"end":{"line":5,"column":3}},"2":{"start":{"line":7,"column":0},"end":{"line":7,"column":32}},"3":{"start":{"line":9,"column":0},"end":{"line":9,"column":47}},"4":{"start":{"line":11,"column":0},"end":{"line":11,"column":41}},"5":{"start":{"line":13,"column":0},"end":{"line":13,"column":55}},"6":{"start":{"line":15,"column":0},"end":{"line":15,"column":46}},"7":{"start":{"line":17,"column":0},"end":{"line":17,"column":51}},"8":{"start":{"line":19,"column":0},"end":{"line":19,"column":95}},"9":{"start":{"line":19,"column":39},"end":{"line":19,"column":93}},"10":{"start":{"line":21,"column":0},"end":{"line":28,"column":3}},"11":{"start":{"line":23,"column":4},"end":{"line":23,"column":37}},"12":{"start":{"line":26,"column":4},"end":{"line":26,"column":59}},"13":{"start":{"line":30,"column":0},"end":{"line":37,"column":2}},"14":{"start":{"line":32,"column":2},"end":{"line":36,"column":3}},"15":{"start":{"line":33,"column":4},"end":{"line":33,"column":19}},"16":{"start":{"line":35,"column":4},"end":{"line":35,"column":55}},"17":{"start":{"line":39,"column":0},"end":{"line":45,"column":3}},"18":{"start":{"line":47,"column":0},"end":{"line":49,"column":2}},"19":{"start":{"line":48,"column":2},"end":{"line":48,"column":79}},"20":{"start":{"line":51,"column":0},"end":{"line":303,"column":2}},"21":{"start":{"line":56,"column":4},"end":{"line":64,"column":6}},"22":{"start":{"line":66,"column":4},"end":{"line":68,"column":5}},"23":{"start":{"line":67,"column":6},"end":{"line":67,"column":81}},"24":{"start":{"line":69,"column":4},"end":{"line":69,"column":38}},"25":{"start":{"line":71,"column":4},"end":{"line":71,"column":92}},"26":{"start":{"line":76,"column":4},"end":{"line":76,"column":41}},"27":{"start":{"line":77,"column":4},"end":{"line":77,"column":34}},"28":{"start":{"line":78,"column":4},"end":{"line":78,"column":35}},"29":{"start":{"line":80,"column":4},"end":{"line":120,"column":5}},"30":{"start":{"line":81,"column":6},"end":{"line":106,"column":7}},"31":{"start":{"line":82,"column":8},"end":{"line":82,"column":35}},"32":{"start":{"line":85,"column":8},"end":{"line":85,"column":44}},"33":{"start":{"line":87,"column":8},"end":{"line":105,"column":9}},"34":{"start":{"line":88,"column":10},"end":{"line":88,"column":56}},"35":{"start":{"line":89,"column":10},"end":{"line":89,"column":44}},"36":{"start":{"line":90,"column":10},"end":{"line":90,"column":54}},"37":{"start":{"line":91,"column":10},"end":{"line":91,"column":48}},"38":{"start":{"line":92,"column":10},"end":{"line":92,"column":48}},"39":{"start":{"line":95,"column":10},"end":{"line":101,"column":11}},"40":{"start":{"line":96,"column":12},"end":{"line":100,"column":13}},"41":{"start":{"line":97,"column":14},"end":{"line":99,"column":17}},"42":{"start":{"line":98,"column":16},"end":{"line":98,"column":54}},"43":{"start":{"line":98,"column":25},"end":{"line":98,"column":54}},"44":{"start":{"line":102,"column":10},"end":{"line":102,"column":69}},"45":{"start":{"line":104,"column":10},"end":{"line":104,"column":97}},"46":{"start":{"line":108,"column":6},"end":{"line":108,"column":31}},"47":{"start":{"line":109,"column":6},"end":{"line":109,"column":27}},"48":{"start":{"line":111,"column":6},"end":{"line":119,"column":7}},"49":{"start":{"line":112,"column":8},"end":{"line":114,"column":9}},"50":{"start":{"line":113,"column":10},"end":{"line":113,"column":29}},"51":{"start":{"line":116,"column":8},"end":{"line":118,"column":9}},"52":{"start":{"line":117,"column":10},"end":{"line":117,"column":31}},"53":{"start":{"line":122,"column":4},"end":{"line":122,"column":80}},"54":{"start":{"line":127,"column":4},"end":{"line":127,"column":14}},"55":{"start":{"line":128,"column":4},"end":{"line":128,"column":42}},"56":{"start":{"line":129,"column":4},"end":{"line":129,"column":35}},"57":{"start":{"line":130,"column":4},"end":{"line":130,"column":36}},"58":{"start":{"line":132,"column":4},"end":{"line":160,"column":5}},"59":{"start":{"line":133,"column":6},"end":{"line":146,"column":7}},"60":{"start":{"line":134,"column":8},"end":{"line":134,"column":36}},"61":{"start":{"line":136,"column":8},"end":{"line":144,"column":9}},"62":{"start":{"line":137,"column":10},"end":{"line":141,"column":11}},"63":{"start":{"line":138,"column":12},"end":{"line":140,"column":15}},"64":{"start":{"line":139,"column":14},"end":{"line":139,"column":52}},"65":{"start":{"line":139,"column":23},"end":{"line":139,"column":52}},"66":{"start":{"line":142,"column":10},"end":{"line":142,"column":42}},"67":{"start":{"line":143,"column":10},"end":{"line":143,"column":131}},"68":{"start":{"line":145,"column":8},"end":{"line":145,"column":15}},"69":{"start":{"line":148,"column":6},"end":{"line":148,"column":32}},"70":{"start":{"line":149,"column":6},"end":{"line":149,"column":28}},"71":{"start":{"line":151,"column":6},"end":{"line":159,"column":7}},"72":{"start":{"line":152,"column":8},"end":{"line":154,"column":9}},"73":{"start":{"line":153,"column":10},"end":{"line":153,"column":30}},"74":{"start":{"line":156,"column":8},"end":{"line":158,"column":9}},"75":{"start":{"line":157,"column":10},"end":{"line":157,"column":32}},"76":{"start":{"line":162,"column":4},"end":{"line":162,"column":80}},"77":{"start":{"line":167,"column":4},"end":{"line":167,"column":42}},"78":{"start":{"line":168,"column":4},"end":{"line":168,"column":35}},"79":{"start":{"line":169,"column":4},"end":{"line":169,"column":36}},"80":{"start":{"line":171,"column":4},"end":{"line":192,"column":5}},"81":{"start":{"line":172,"column":6},"end":{"line":178,"column":7}},"82":{"start":{"line":173,"column":8},"end":{"line":173,"column":36}},"83":{"start":{"line":175,"column":8},"end":{"line":177,"column":9}},"84":{"start":{"line":176,"column":10},"end":{"line":176,"column":86}},"85":{"start":{"line":180,"column":6},"end":{"line":180,"column":32}},"86":{"start":{"line":181,"column":6},"end":{"line":181,"column":28}},"87":{"start":{"line":183,"column":6},"end":{"line":191,"column":7}},"88":{"start":{"line":184,"column":8},"end":{"line":186,"column":9}},"89":{"start":{"line":185,"column":10},"end":{"line":185,"column":30}},"90":{"start":{"line":188,"column":8},"end":{"line":190,"column":9}},"91":{"start":{"line":189,"column":10},"end":{"line":189,"column":32}},"92":{"start":{"line":194,"column":4},"end":{"line":194,"column":80}},"93":{"start":{"line":199,"column":4},"end":{"line":201,"column":5}},"94":{"start":{"line":200,"column":6},"end":{"line":200,"column":92}},"95":{"start":{"line":202,"column":4},"end":{"line":234,"column":5}},"96":{"start":{"line":203,"column":6},"end":{"line":203,"column":21}},"97":{"start":{"line":204,"column":6},"end":{"line":204,"column":44}},"98":{"start":{"line":205,"column":6},"end":{"line":205,"column":37}},"99":{"start":{"line":206,"column":6},"end":{"line":206,"column":38}},"100":{"start":{"line":208,"column":6},"end":{"line":229,"column":7}},"101":{"start":{"line":209,"column":8},"end":{"line":215,"column":9}},"102":{"start":{"line":210,"column":10},"end":{"line":210,"column":38}},"103":{"start":{"line":212,"column":10},"end":{"line":214,"column":11}},"104":{"start":{"line":213,"column":12},"end":{"line":213,"column":33}},"105":{"start":{"line":217,"column":8},"end":{"line":217,"column":34}},"106":{"start":{"line":218,"column":8},"end":{"line":218,"column":30}},"107":{"start":{"line":220,"column":8},"end":{"line":228,"column":9}},"108":{"start":{"line":221,"column":10},"end":{"line":223,"column":11}},"109":{"start":{"line":222,"column":12},"end":{"line":222,"column":32}},"110":{"start":{"line":225,"column":10},"end":{"line":227,"column":11}},"111":{"start":{"line":226,"column":12},"end":{"line":226,"column":34}},"112":{"start":{"line":231,"column":6},"end":{"line":233,"column":7}},"113":{"start":{"line":232,"column":8},"end":{"line":232,"column":81}},"114":{"start":{"line":235,"column":4},"end":{"line":267,"column":5}},"115":{"start":{"line":236,"column":6},"end":{"line":236,"column":22}},"116":{"start":{"line":237,"column":6},"end":{"line":237,"column":44}},"117":{"start":{"line":238,"column":6},"end":{"line":238,"column":37}},"118":{"start":{"line":239,"column":6},"end":{"line":239,"column":38}},"119":{"start":{"line":241,"column":6},"end":{"line":262,"column":7}},"120":{"start":{"line":242,"column":8},"end":{"line":248,"column":9}},"121":{"start":{"line":243,"column":10},"end":{"line":243,"column":39}},"122":{"start":{"line":245,"column":10},"end":{"line":247,"column":11}},"123":{"start":{"line":246,"column":12},"end":{"line":246,"column":35}},"124":{"start":{"line":250,"column":8},"end":{"line":250,"column":34}},"125":{"start":{"line":251,"column":8},"end":{"line":251,"column":30}},"126":{"start":{"line":253,"column":8},"end":{"line":261,"column":9}},"127":{"start":{"line":254,"column":10},"end":{"line":256,"column":11}},"128":{"start":{"line":255,"column":12},"end":{"line":255,"column":32}},"129":{"start":{"line":258,"column":10},"end":{"line":260,"column":11}},"130":{"start":{"line":259,"column":12},"end":{"line":259,"column":34}},"131":{"start":{"line":264,"column":6},"end":{"line":266,"column":7}},"132":{"start":{"line":265,"column":8},"end":{"line":265,"column":82}},"133":{"start":{"line":268,"column":4},"end":{"line":300,"column":5}},"134":{"start":{"line":269,"column":6},"end":{"line":269,"column":23}},"135":{"start":{"line":270,"column":6},"end":{"line":270,"column":44}},"136":{"start":{"line":271,"column":6},"end":{"line":271,"column":37}},"137":{"start":{"line":272,"column":6},"end":{"line":272,"column":38}},"138":{"start":{"line":274,"column":6},"end":{"line":295,"column":7}},"139":{"start":{"line":275,"column":8},"end":{"line":281,"column":9}},"140":{"start":{"line":276,"column":10},"end":{"line":276,"column":40}},"141":{"start":{"line":278,"column":10},"end":{"line":280,"column":11}},"142":{"start":{"line":279,"column":12},"end":{"line":279,"column":37}},"143":{"start":{"line":283,"column":8},"end":{"line":283,"column":34}},"144":{"start":{"line":284,"column":8},"end":{"line":284,"column":30}},"145":{"start":{"line":286,"column":8},"end":{"line":294,"column":9}},"146":{"start":{"line":287,"column":10},"end":{"line":289,"column":11}},"147":{"start":{"line":288,"column":12},"end":{"line":288,"column":32}},"148":{"start":{"line":291,"column":10},"end":{"line":293,"column":11}},"149":{"start":{"line":292,"column":12},"end":{"line":292,"column":34}},"150":{"start":{"line":297,"column":6},"end":{"line":299,"column":7}},"151":{"start":{"line":298,"column":8},"end":{"line":298,"column":83}},"152":{"start":{"line":301,"column":4},"end":{"line":301,"column":80}},"153":{"start":{"line":305,"column":0},"end":{"line":305,"column":39}}},"branchMap":{"1":{"line":19,"type":"cond-expr","locations":[{"start":{"line":19,"column":70},"end":{"line":19,"column":73}},{"start":{"line":19,"column":76},"end":{"line":19,"column":92}}]},"2":{"line":19,"type":"binary-expr","locations":[{"start":{"line":19,"column":46},"end":{"line":19,"column":49}},{"start":{"line":19,"column":53},"end":{"line":19,"column":67}}]},"3":{"line":32,"type":"if","locations":[{"start":{"line":32,"column":2},"end":{"line":32,"column":2}},{"start":{"line":32,"column":2},"end":{"line":32,"column":2}}]},"4":{"line":32,"type":"binary-expr","locations":[{"start":{"line":32,"column":6},"end":{"line":32,"column":36}},{"start":{"line":32,"column":40},"end":{"line":32,"column":69}}]},"5":{"line":63,"type":"cond-expr","locations":[{"start":{"line":63,"column":31},"end":{"line":63,"column":44}},{"start":{"line":63,"column":47},"end":{"line":63,"column":49}}]},"6":{"line":66,"type":"if","locations":[{"start":{"line":66,"column":4},"end":{"line":66,"column":4}},{"start":{"line":66,"column":4},"end":{"line":66,"column":4}}]},"7":{"line":66,"type":"binary-expr","locations":[{"start":{"line":66,"column":8},"end":{"line":66,"column":30}},{"start":{"line":66,"column":34},"end":{"line":66,"column":50}},{"start":{"line":66,"column":54},"end":{"line":66,"column":75}},{"start":{"line":66,"column":79},"end":{"line":66,"column":97}},{"start":{"line":66,"column":101},"end":{"line":66,"column":119}}]},"8":{"line":87,"type":"if","locations":[{"start":{"line":87,"column":8},"end":{"line":87,"column":8}},{"start":{"line":87,"column":8},"end":{"line":87,"column":8}}]},"9":{"line":95,"type":"if","locations":[{"start":{"line":95,"column":10},"end":{"line":95,"column":10}},{"start":{"line":95,"column":10},"end":{"line":95,"column":10}}]},"10":{"line":96,"type":"if","locations":[{"start":{"line":96,"column":12},"end":{"line":96,"column":12}},{"start":{"line":96,"column":12},"end":{"line":96,"column":12}}]},"11":{"line":98,"type":"if","locations":[{"start":{"line":98,"column":16},"end":{"line":98,"column":16}},{"start":{"line":98,"column":16},"end":{"line":98,"column":16}}]},"12":{"line":102,"type":"cond-expr","locations":[{"start":{"line":102,"column":45},"end":{"line":102,"column":58}},{"start":{"line":102,"column":61},"end":{"line":102,"column":68}}]},"13":{"line":112,"type":"if","locations":[{"start":{"line":112,"column":8},"end":{"line":112,"column":8}},{"start":{"line":112,"column":8},"end":{"line":112,"column":8}}]},"14":{"line":112,"type":"binary-expr","locations":[{"start":{"line":112,"column":12},"end":{"line":112,"column":38}},{"start":{"line":112,"column":42},"end":{"line":112,"column":58}}]},"15":{"line":116,"type":"if","locations":[{"start":{"line":116,"column":8},"end":{"line":116,"column":8}},{"start":{"line":116,"column":8},"end":{"line":116,"column":8}}]},"16":{"line":136,"type":"if","locations":[{"start":{"line":136,"column":8},"end":{"line":136,"column":8}},{"start":{"line":136,"column":8},"end":{"line":136,"column":8}}]},"17":{"line":137,"type":"if","locations":[{"start":{"line":137,"column":10},"end":{"line":137,"column":10}},{"start":{"line":137,"column":10},"end":{"line":137,"column":10}}]},"18":{"line":139,"type":"if","locations":[{"start":{"line":139,"column":14},"end":{"line":139,"column":14}},{"start":{"line":139,"column":14},"end":{"line":139,"column":14}}]},"19":{"line":152,"type":"if","locations":[{"start":{"line":152,"column":8},"end":{"line":152,"column":8}},{"start":{"line":152,"column":8},"end":{"line":152,"column":8}}]},"20":{"line":152,"type":"binary-expr","locations":[{"start":{"line":152,"column":12},"end":{"line":152,"column":39}},{"start":{"line":152,"column":43},"end":{"line":152,"column":60}}]},"21":{"line":156,"type":"if","locations":[{"start":{"line":156,"column":8},"end":{"line":156,"column":8}},{"start":{"line":156,"column":8},"end":{"line":156,"column":8}}]},"22":{"line":175,"type":"if","locations":[{"start":{"line":175,"column":8},"end":{"line":175,"column":8}},{"start":{"line":175,"column":8},"end":{"line":175,"column":8}}]},"23":{"line":184,"type":"if","locations":[{"start":{"line":184,"column":8},"end":{"line":184,"column":8}},{"start":{"line":184,"column":8},"end":{"line":184,"column":8}}]},"24":{"line":184,"type":"binary-expr","locations":[{"start":{"line":184,"column":12},"end":{"line":184,"column":39}},{"start":{"line":184,"column":43},"end":{"line":184,"column":60}}]},"25":{"line":188,"type":"if","locations":[{"start":{"line":188,"column":8},"end":{"line":188,"column":8}},{"start":{"line":188,"column":8},"end":{"line":188,"column":8}}]},"26":{"line":199,"type":"if","locations":[{"start":{"line":199,"column":4},"end":{"line":199,"column":4}},{"start":{"line":199,"column":4},"end":{"line":199,"column":4}}]},"27":{"line":199,"type":"binary-expr","locations":[{"start":{"line":199,"column":8},"end":{"line":199,"column":27}},{"start":{"line":199,"column":31},"end":{"line":199,"column":50}}]},"28":{"line":202,"type":"if","locations":[{"start":{"line":202,"column":4},"end":{"line":202,"column":4}},{"start":{"line":202,"column":4},"end":{"line":202,"column":4}}]},"29":{"line":202,"type":"binary-expr","locations":[{"start":{"line":202,"column":8},"end":{"line":202,"column":26}},{"start":{"line":202,"column":30},"end":{"line":202,"column":49}}]},"30":{"line":212,"type":"if","locations":[{"start":{"line":212,"column":10},"end":{"line":212,"column":10}},{"start":{"line":212,"column":10},"end":{"line":212,"column":10}}]},"31":{"line":221,"type":"if","locations":[{"start":{"line":221,"column":10},"end":{"line":221,"column":10}},{"start":{"line":221,"column":10},"end":{"line":221,"column":10}}]},"32":{"line":221,"type":"binary-expr","locations":[{"start":{"line":221,"column":14},"end":{"line":221,"column":41}},{"start":{"line":221,"column":45},"end":{"line":221,"column":62}}]},"33":{"line":225,"type":"if","locations":[{"start":{"line":225,"column":10},"end":{"line":225,"column":10}},{"start":{"line":225,"column":10},"end":{"line":225,"column":10}}]},"34":{"line":231,"type":"if","locations":[{"start":{"line":231,"column":6},"end":{"line":231,"column":6}},{"start":{"line":231,"column":6},"end":{"line":231,"column":6}}]},"35":{"line":235,"type":"if","locations":[{"start":{"line":235,"column":4},"end":{"line":235,"column":4}},{"start":{"line":235,"column":4},"end":{"line":235,"column":4}}]},"36":{"line":235,"type":"binary-expr","locations":[{"start":{"line":235,"column":8},"end":{"line":235,"column":26}},{"start":{"line":235,"column":30},"end":{"line":235,"column":49}}]},"37":{"line":245,"type":"if","locations":[{"start":{"line":245,"column":10},"end":{"line":245,"column":10}},{"start":{"line":245,"column":10},"end":{"line":245,"column":10}}]},"38":{"line":254,"type":"if","locations":[{"start":{"line":254,"column":10},"end":{"line":254,"column":10}},{"start":{"line":254,"column":10},"end":{"line":254,"column":10}}]},"39":{"line":254,"type":"binary-expr","locations":[{"start":{"line":254,"column":14},"end":{"line":254,"column":41}},{"start":{"line":254,"column":45},"end":{"line":254,"column":62}}]},"40":{"line":258,"type":"if","locations":[{"start":{"line":258,"column":10},"end":{"line":258,"column":10}},{"start":{"line":258,"column":10},"end":{"line":258,"column":10}}]},"41":{"line":264,"type":"if","locations":[{"start":{"line":264,"column":6},"end":{"line":264,"column":6}},{"start":{"line":264,"column":6},"end":{"line":264,"column":6}}]},"42":{"line":268,"type":"if","locations":[{"start":{"line":268,"column":4},"end":{"line":268,"column":4}},{"start":{"line":268,"column":4},"end":{"line":268,"column":4}}]},"43":{"line":268,"type":"binary-expr","locations":[{"start":{"line":268,"column":8},"end":{"line":268,"column":26}},{"start":{"line":268,"column":30},"end":{"line":268,"column":48}}]},"44":{"line":278,"type":"if","locations":[{"start":{"line":278,"column":10},"end":{"line":278,"column":10}},{"start":{"line":278,"column":10},"end":{"line":278,"column":10}}]},"45":{"line":278,"type":"binary-expr","locations":[{"start":{"line":278,"column":14},"end":{"line":278,"column":56}},{"start":{"line":278,"column":60},"end":{"line":278,"column":102}}]},"46":{"line":287,"type":"if","locations":[{"start":{"line":287,"column":10},"end":{"line":287,"column":10}},{"start":{"line":287,"column":10},"end":{"line":287,"column":10}}]},"47":{"line":287,"type":"binary-expr","locations":[{"start":{"line":287,"column":14},"end":{"line":287,"column":41}},{"start":{"line":287,"column":45},"end":{"line":287,"column":62}}]},"48":{"line":291,"type":"if","locations":[{"start":{"line":291,"column":10},"end":{"line":291,"column":10}},{"start":{"line":291,"column":10},"end":{"line":291,"column":10}}]},"49":{"line":297,"type":"if","locations":[{"start":{"line":297,"column":6},"end":{"line":297,"column":6}},{"start":{"line":297,"column":6},"end":{"line":297,"column":6}}]}}},"/home/somto/Andela/We-Connect/lib/server/models/business.js":{"path":"/home/somto/Andela/We-Connect/lib/server/models/business.js","s":{"1":1,"2":1,"3":1},"b":{},"f":{},"fnMap":{},"statementMap":{"1":{"start":{"line":3,"column":0},"end":{"line":5,"column":3}},"2":{"start":{"line":6,"column":0},"end":{"line":30,"column":3}},"3":{"start":{"line":31,"column":0},"end":{"line":31,"column":29}}},"branchMap":{}},"/home/somto/Andela/We-Connect/lib/server/controllers/reviews.js":{"path":"/home/somto/Andela/We-Connect/lib/server/controllers/reviews.js","s":{"1":1,"2":1,"3":1,"4":1,"5":1,"6":1,"7":2,"8":2,"9":1,"10":1,"11":1,"12":3,"13":3,"14":3,"15":3,"16":3,"17":3,"18":4,"19":4,"20":2,"21":0,"22":0,"23":3,"24":3,"25":0,"26":3,"27":0,"28":3,"29":1},"b":{"1":[1,0],"2":[1,1],"3":[1,1],"4":[2,1,1],"5":[2,2],"6":[0,3],"7":[3,0],"8":[0,3]},"f":{"1":1,"2":2,"3":3},"fnMap":{"1":{"name":"_interopRequireDefault","line":11,"loc":{"start":{"line":11,"column":0},"end":{"line":11,"column":37}}},"2":{"name":"create","line":14,"loc":{"start":{"line":14,"column":10},"end":{"line":14,"column":36}}},"3":{"name":"retrieve","line":29,"loc":{"start":{"line":29,"column":12},"end":{"line":29,"column":40}}}},"statementMap":{"1":{"start":{"line":3,"column":0},"end":{"line":5,"column":3}},"2":{"start":{"line":7,"column":0},"end":{"line":7,"column":42}},"3":{"start":{"line":9,"column":0},"end":{"line":9,"column":47}},"4":{"start":{"line":11,"column":0},"end":{"line":11,"column":95}},"5":{"start":{"line":11,"column":39},"end":{"line":11,"column":93}},"6":{"start":{"line":13,"column":0},"end":{"line":60,"column":2}},"7":{"start":{"line":15,"column":4},"end":{"line":20,"column":6}},"8":{"start":{"line":22,"column":4},"end":{"line":24,"column":5}},"9":{"start":{"line":23,"column":6},"end":{"line":23,"column":80}},"10":{"start":{"line":26,"column":4},"end":{"line":26,"column":34}},"11":{"start":{"line":27,"column":4},"end":{"line":27,"column":87}},"12":{"start":{"line":30,"column":4},"end":{"line":30,"column":19}},"13":{"start":{"line":31,"column":4},"end":{"line":31,"column":41}},"14":{"start":{"line":32,"column":4},"end":{"line":32,"column":34}},"15":{"start":{"line":33,"column":4},"end":{"line":33,"column":35}},"16":{"start":{"line":35,"column":4},"end":{"line":56,"column":5}},"17":{"start":{"line":36,"column":6},"end":{"line":42,"column":7}},"18":{"start":{"line":37,"column":8},"end":{"line":37,"column":33}},"19":{"start":{"line":39,"column":8},"end":{"line":41,"column":9}},"20":{"start":{"line":40,"column":10},"end":{"line":40,"column":29}},"21":{"start":{"line":44,"column":6},"end":{"line":44,"column":31}},"22":{"start":{"line":45,"column":6},"end":{"line":45,"column":27}},"23":{"start":{"line":47,"column":6},"end":{"line":55,"column":7}},"24":{"start":{"line":48,"column":8},"end":{"line":50,"column":9}},"25":{"start":{"line":49,"column":10},"end":{"line":49,"column":29}},"26":{"start":{"line":52,"column":8},"end":{"line":54,"column":9}},"27":{"start":{"line":53,"column":10},"end":{"line":53,"column":31}},"28":{"start":{"line":58,"column":4},"end":{"line":58,"column":74}},"29":{"start":{"line":62,"column":0},"end":{"line":62,"column":36}}},"branchMap":{"1":{"line":11,"type":"cond-expr","locations":[{"start":{"line":11,"column":70},"end":{"line":11,"column":73}},{"start":{"line":11,"column":76},"end":{"line":11,"column":92}}]},"2":{"line":11,"type":"binary-expr","locations":[{"start":{"line":11,"column":46},"end":{"line":11,"column":49}},{"start":{"line":11,"column":53},"end":{"line":11,"column":67}}]},"3":{"line":22,"type":"if","locations":[{"start":{"line":22,"column":4},"end":{"line":22,"column":4}},{"start":{"line":22,"column":4},"end":{"line":22,"column":4}}]},"4":{"line":22,"type":"binary-expr","locations":[{"start":{"line":22,"column":8},"end":{"line":22,"column":26}},{"start":{"line":22,"column":30},"end":{"line":22,"column":46}},{"start":{"line":22,"column":50},"end":{"line":22,"column":70}}]},"5":{"line":39,"type":"if","locations":[{"start":{"line":39,"column":8},"end":{"line":39,"column":8}},{"start":{"line":39,"column":8},"end":{"line":39,"column":8}}]},"6":{"line":48,"type":"if","locations":[{"start":{"line":48,"column":8},"end":{"line":48,"column":8}},{"start":{"line":48,"column":8},"end":{"line":48,"column":8}}]},"7":{"line":48,"type":"binary-expr","locations":[{"start":{"line":48,"column":12},"end":{"line":48,"column":38}},{"start":{"line":48,"column":42},"end":{"line":48,"column":58}}]},"8":{"line":52,"type":"if","locations":[{"start":{"line":52,"column":8},"end":{"line":52,"column":8}},{"start":{"line":52,"column":8},"end":{"line":52,"column":8}}]}}},"/home/somto/Andela/We-Connect/lib/server/models/review.js":{"path":"/home/somto/Andela/We-Connect/lib/server/models/review.js","s":{"1":1,"2":1,"3":1},"b":{},"f":{},"fnMap":{},"statementMap":{"1":{"start":{"line":3,"column":0},"end":{"line":5,"column":3}},"2":{"start":{"line":6,"column":0},"end":{"line":21,"column":3}},"3":{"start":{"line":22,"column":0},"end":{"line":22,"column":26}}},"branchMap":{}}}