TN:
SF:/home/somto/Andela/We-Connect/lib/app.js
FN:23,_interopRequireDefault
FN:39,(anonymous_2)
FNF:2
FNH:2
FNDA:4,_interopRequireDefault
FNDA:1,(anonymous_2)
DA:3,1
DA:7,1
DA:9,1
DA:11,1
DA:13,1
DA:15,1
DA:17,1
DA:19,1
DA:21,1
DA:23,4
DA:26,1
DA:29,1
DA:32,1
DA:34,1
DA:37,1
DA:39,1
DA:40,1
DA:46,1
LF:18
LH:18
BRDA:23,1,0,1
BRDA:23,1,1,3
BRDA:23,2,0,4
BRDA:23,2,1,4
BRF:4
BRH:4
end_of_record
TN:
SF:/home/somto/Andela/We-Connect/lib/server/routes/index.js
FN:9,routes
FN:10,(anonymous_2)
FNF:2
FNH:2
FNDA:1,routes
FNDA:1,(anonymous_2)
DA:3,1
DA:7,1
DA:9,1
DA:10,1
DA:11,1
DA:16,1
DA:17,1
DA:18,1
DA:19,1
DA:20,1
DA:21,1
DA:23,1
DA:24,1
DA:25,1
DA:26,1
DA:27,1
DA:29,1
DA:30,1
DA:33,1
LF:19
LH:19
BRF:0
BRH:0
end_of_record
TN:
SF:/home/somto/Andela/We-Connect/lib/server/controllers/index.js
FN:11,get
FN:20,get
FN:29,get
FN:34,_interopRequireDefault
FNF:4
FNH:4
FNDA:6,get
FNDA:5,get
FNDA:2,get
FNDA:13,_interopRequireDefault
DA:3,1
DA:7,1
DA:9,1
DA:12,6
DA:16,1
DA:18,1
DA:21,5
DA:25,1
DA:27,1
DA:30,2
DA:34,13
LF:11
LH:11
BRDA:34,1,0,13
BRDA:34,1,1,0
BRDA:34,2,0,13
BRDA:34,2,1,13
BRF:4
BRH:3
end_of_record
TN:
SF:/home/somto/Andela/We-Connect/lib/server/controllers/users.js
FN:11,_interopRequireDefault
FN:14,create
FN:31,check
FN:61,list
FN:64,update
FN:98,destroy
FN:131,retrieve
FNF:7
FNH:7
FNDA:1,_interopRequireDefault
FNDA:2,create
FNDA:2,check
FNDA:2,list
FNDA:2,update
FNDA:2,destroy
FNDA:2,retrieve
DA:3,1
DA:7,1
DA:9,1
DA:11,1
DA:13,1
DA:15,2
DA:23,2
DA:24,1
DA:28,1
DA:29,1
DA:32,2
DA:33,2
DA:34,2
DA:36,2
DA:37,2
DA:38,2
DA:40,2
DA:41,1
DA:45,0
DA:46,0
DA:48,2
DA:49,2
DA:50,0
DA:53,2
DA:54,0
DA:59,1
DA:62,2
DA:65,2
DA:66,2
DA:67,2
DA:69,2
DA:70,2
DA:71,2
DA:73,2
DA:74,1
DA:75,1
DA:76,1
DA:77,1
DA:78,1
DA:82,0
DA:83,0
DA:85,2
DA:86,2
DA:87,0
DA:90,2
DA:91,0
DA:96,1
DA:99,2
DA:100,2
DA:101,2
DA:102,2
DA:104,2
DA:105,2
DA:106,2
DA:108,2
DA:109,1
DA:110,1
DA:112,1
DA:115,0
DA:116,0
DA:118,2
DA:119,2
DA:120,0
DA:123,2
DA:124,0
DA:129,1
DA:132,2
DA:133,2
DA:134,2
DA:136,2
DA:137,2
DA:138,2
DA:140,2
DA:141,1
DA:145,0
DA:146,0
DA:148,2
DA:149,2
DA:150,0
DA:153,2
DA:154,0
DA:159,1
DA:163,1
LF:83
LH:67
BRDA:11,1,0,1
BRDA:11,1,1,0
BRDA:11,2,0,1
BRDA:11,2,1,1
BRDA:23,3,0,1
BRDA:23,3,1,1
BRDA:23,4,0,2
BRDA:23,4,1,2
BRDA:23,4,2,2
BRDA:23,4,3,1
BRDA:40,5,0,1
BRDA:40,5,1,1
BRDA:40,6,0,2
BRDA:40,6,1,1
BRDA:49,7,0,0
BRDA:49,7,1,2
BRDA:49,8,0,2
BRDA:49,8,1,1
BRDA:53,9,0,0
BRDA:53,9,1,2
BRDA:73,10,0,1
BRDA:73,10,1,1
BRDA:86,11,0,0
BRDA:86,11,1,2
BRDA:86,12,0,2
BRDA:86,12,1,1
BRDA:90,13,0,0
BRDA:90,13,1,2
BRDA:108,14,0,1
BRDA:108,14,1,1
BRDA:119,15,0,0
BRDA:119,15,1,2
BRDA:119,16,0,2
BRDA:119,16,1,1
BRDA:123,17,0,0
BRDA:123,17,1,2
BRDA:140,18,0,1
BRDA:140,18,1,1
BRDA:149,19,0,0
BRDA:149,19,1,2
BRDA:149,20,0,2
BRDA:149,20,1,1
BRDA:153,21,0,0
BRDA:153,21,1,2
BRF:44
BRH:35
end_of_record
TN:
SF:/home/somto/Andela/We-Connect/lib/server/models/user.js
FNF:0
FNH:0
DA:3,1
DA:6,1
DA:25,1
LF:3
LH:3
BRF:0
BRH:0
end_of_record
TN:
SF:/home/somto/Andela/We-Connect/lib/server/controllers/businesses.js
FN:11,_interopRequireDefault
FN:14,create
FN:31,update
FN:67,destroy
FN:100,retrieve
FN:130,list
FNF:6
FNH:6
FNDA:1,_interopRequireDefault
FNDA:2,create
FNDA:2,update
FNDA:2,destroy
FNDA:2,retrieve
FNDA:8,list
DA:3,1
DA:7,1
DA:9,1
DA:11,1
DA:13,1
DA:15,2
DA:24,2
DA:25,1
DA:27,1
DA:29,1
DA:32,2
DA:33,2
DA:34,2
DA:36,2
DA:37,2
DA:38,3
DA:40,3
DA:41,1
DA:42,1
DA:43,1
DA:44,1
DA:45,1
DA:47,1
DA:51,0
DA:52,0
DA:54,2
DA:55,2
DA:56,0
DA:59,2
DA:60,0
DA:65,1
DA:68,2
DA:69,2
DA:70,2
DA:71,2
DA:73,2
DA:74,2
DA:75,2
DA:77,2
DA:78,1
DA:79,1
DA:81,1
DA:84,0
DA:85,0
DA:87,2
DA:88,2
DA:89,0
DA:92,2
DA:93,0
DA:98,1
DA:101,2
DA:102,2
DA:103,2
DA:105,2
DA:106,2
DA:107,2
DA:109,2
DA:110,1
DA:114,0
DA:115,0
DA:117,2
DA:118,2
DA:119,0
DA:122,2
DA:123,0
DA:128,1
DA:131,8
DA:132,2
DA:134,6
DA:135,2
DA:136,2
DA:137,2
DA:138,2
DA:140,2
DA:141,2
DA:142,4
DA:144,4
DA:145,1
DA:149,0
DA:150,0
DA:152,2
DA:153,2
DA:154,0
DA:157,2
DA:158,0
DA:163,2
DA:164,1
DA:167,5
DA:168,2
DA:169,2
DA:170,2
DA:171,2
DA:173,2
DA:174,2
DA:175,2
DA:177,2
DA:178,1
DA:182,0
DA:183,0
DA:185,2
DA:186,2
DA:187,0
DA:190,2
DA:191,0
DA:196,2
DA:197,1
DA:200,4
DA:201,2
DA:202,2
DA:203,2
DA:204,2
DA:206,2
DA:207,2
DA:208,4
DA:210,4
DA:211,2
DA:215,0
DA:216,0
DA:218,2
DA:219,2
DA:220,0
DA:223,2
DA:224,0
DA:229,2
DA:230,1
DA:233,3
DA:237,1
LF:127
LH:103
BRDA:11,1,0,1
BRDA:11,1,1,0
BRDA:11,2,0,1
BRDA:11,2,1,1
BRDA:24,3,0,1
BRDA:24,3,1,1
BRDA:24,4,0,2
BRDA:24,4,1,2
BRDA:24,4,2,2
BRDA:24,4,3,1
BRDA:24,4,4,1
BRDA:40,5,0,1
BRDA:40,5,1,2
BRDA:55,6,0,0
BRDA:55,6,1,2
BRDA:55,7,0,2
BRDA:55,7,1,1
BRDA:59,8,0,0
BRDA:59,8,1,2
BRDA:77,9,0,1
BRDA:77,9,1,1
BRDA:88,10,0,0
BRDA:88,10,1,2
BRDA:88,11,0,2
BRDA:88,11,1,1
BRDA:92,12,0,0
BRDA:92,12,1,2
BRDA:109,13,0,1
BRDA:109,13,1,1
BRDA:118,14,0,0
BRDA:118,14,1,2
BRDA:118,15,0,2
BRDA:118,15,1,1
BRDA:122,16,0,0
BRDA:122,16,1,2
BRDA:131,17,0,2
BRDA:131,17,1,6
BRDA:131,18,0,8
BRDA:131,18,1,4
BRDA:134,19,0,2
BRDA:134,19,1,4
BRDA:134,20,0,6
BRDA:134,20,1,4
BRDA:144,21,0,1
BRDA:144,21,1,3
BRDA:153,22,0,0
BRDA:153,22,1,2
BRDA:153,23,0,2
BRDA:153,23,1,0
BRDA:157,24,0,0
BRDA:157,24,1,2
BRDA:163,25,0,1
BRDA:163,25,1,1
BRDA:167,26,0,2
BRDA:167,26,1,3
BRDA:167,27,0,5
BRDA:167,27,1,4
BRDA:177,28,0,1
BRDA:177,28,1,1
BRDA:186,29,0,0
BRDA:186,29,1,2
BRDA:186,30,0,2
BRDA:186,30,1,0
BRDA:190,31,0,0
BRDA:190,31,1,2
BRDA:196,32,0,1
BRDA:196,32,1,1
BRDA:200,33,0,2
BRDA:200,33,1,2
BRDA:200,34,0,4
BRDA:200,34,1,3
BRDA:210,35,0,2
BRDA:210,35,1,2
BRDA:210,36,0,4
BRDA:210,36,1,3
BRDA:219,37,0,0
BRDA:219,37,1,2
BRDA:219,38,0,2
BRDA:219,38,1,0
BRDA:223,39,0,0
BRDA:223,39,1,2
BRDA:229,40,0,1
BRDA:229,40,1,1
BRF:83
BRH:67
end_of_record
TN:
SF:/home/somto/Andela/We-Connect/lib/server/models/business.js
FNF:0
FNH:0
DA:3,1
DA:6,1
DA:28,1
LF:3
LH:3
BRF:0
BRH:0
end_of_record
TN:
SF:/home/somto/Andela/We-Connect/lib/server/controllers/reviews.js
FN:11,_interopRequireDefault
FN:14,create
FN:29,retrieve
FNF:3
FNH:3
FNDA:1,_interopRequireDefault
FNDA:2,create
FNDA:3,retrieve
DA:3,1
DA:7,1
DA:9,1
DA:11,1
DA:13,1
DA:15,2
DA:22,2
DA:23,1
DA:26,1
DA:27,1
DA:30,3
DA:31,3
DA:32,3
DA:33,3
DA:35,3
DA:36,3
DA:37,4
DA:39,4
DA:40,2
DA:44,0
DA:45,0
DA:47,3
DA:48,3
DA:49,0
DA:52,3
DA:53,0
DA:58,3
DA:62,1
LF:28
LH:24
BRDA:11,1,0,1
BRDA:11,1,1,0
BRDA:11,2,0,1
BRDA:11,2,1,1
BRDA:22,3,0,1
BRDA:22,3,1,1
BRDA:22,4,0,2
BRDA:22,4,1,1
BRDA:22,4,2,1
BRDA:39,5,0,2
BRDA:39,5,1,2
BRDA:48,6,0,0
BRDA:48,6,1,3
BRDA:48,7,0,3
BRDA:48,7,1,0
BRDA:52,8,0,0
BRDA:52,8,1,3
BRF:17
BRH:13
end_of_record
TN:
SF:/home/somto/Andela/We-Connect/lib/server/models/review.js
FNF:0
FNH:0
DA:3,1
DA:6,1
DA:22,1
LF:3
LH:3
BRF:0
BRH:0
end_of_record
