TN:
SF:/home/somto/Andela/We-Connect/lib/app.js
FN:23,_interopRequireDefault
FN:42,(anonymous_2)
FNF:2
FNH:2
FNDA:4,_interopRequireDefault
FNDA:1,(anonymous_2)
DA:3,1
DA:7,1
DA:9,1
DA:11,1
DA:13,1
DA:15,1
DA:17,1
DA:19,1
DA:21,1
DA:23,4
DA:26,1
DA:29,1
DA:31,1
DA:32,1
DA:35,1
DA:37,1
DA:40,1
DA:42,1
DA:43,1
DA:49,1
LF:20
LH:20
BRDA:23,1,0,1
BRDA:23,1,1,3
BRDA:23,2,0,4
BRDA:23,2,1,4
BRF:4
BRH:4
end_of_record
TN:
SF:/home/somto/Andela/We-Connect/lib/server/routes/index.js
FN:9,routes
FN:10,(anonymous_2)
FNF:2
FNH:2
FNDA:1,routes
FNDA:1,(anonymous_2)
DA:3,1
DA:7,1
DA:9,1
DA:10,1
DA:11,1
DA:16,1
DA:17,1
DA:18,1
DA:19,1
DA:20,1
DA:21,1
DA:23,1
DA:24,1
DA:25,1
DA:26,1
DA:27,1
DA:29,1
DA:30,1
DA:33,1
LF:19
LH:19
BRF:0
BRH:0
end_of_record
TN:
SF:/home/somto/Andela/We-Connect/lib/server/controllers/index.js
FN:11,get
FN:20,get
FN:29,get
FN:34,_interopRequireDefault
FNF:4
FNH:4
FNDA:8,get
FNDA:7,get
FNDA:2,get
FNDA:17,_interopRequireDefault
DA:3,1
DA:7,1
DA:9,1
DA:12,8
DA:16,1
DA:18,1
DA:21,7
DA:25,1
DA:27,1
DA:30,2
DA:34,17
LF:11
LH:11
BRDA:34,1,0,17
BRDA:34,1,1,0
BRDA:34,2,0,17
BRDA:34,2,1,17
BRF:4
BRH:3
end_of_record
TN:
SF:/home/somto/Andela/We-Connect/lib/server/controllers/users.js
FN:15,_interopRequireDefault
FN:18,destination
FN:21,filename
FN:26,fileFilter
FN:45,create
FN:73,check
FN:103,list
FN:106,update
FN:149,destroy
FN:182,retrieve
FNF:10
FNH:7
FNDA:2,_interopRequireDefault
FNDA:0,destination
FNDA:0,filename
FNDA:0,fileFilter
FNDA:2,create
FNDA:2,check
FNDA:2,list
FNDA:2,update
FNDA:2,destroy
FNDA:2,retrieve
DA:3,1
DA:7,1
DA:9,1
DA:11,1
DA:13,1
DA:15,2
DA:17,1
DA:19,0
DA:22,0
DA:26,1
DA:28,0
DA:29,0
DA:31,0
DA:35,1
DA:43,1
DA:46,2
DA:47,2
DA:65,2
DA:66,1
DA:70,1
DA:71,1
DA:74,2
DA:75,2
DA:76,2
DA:78,2
DA:79,2
DA:80,2
DA:82,2
DA:83,1
DA:87,0
DA:88,0
DA:90,2
DA:91,2
DA:92,0
DA:95,2
DA:96,0
DA:101,1
DA:104,2
DA:107,2
DA:108,2
DA:109,2
DA:111,2
DA:112,2
DA:113,2
DA:115,2
DA:116,1
DA:117,1
DA:118,1
DA:119,1
DA:120,1
DA:121,1
DA:122,1
DA:123,1
DA:124,1
DA:125,1
DA:126,1
DA:127,1
DA:129,1
DA:133,0
DA:134,0
DA:136,2
DA:137,2
DA:138,0
DA:141,2
DA:142,0
DA:147,1
DA:150,2
DA:151,2
DA:152,2
DA:153,2
DA:155,2
DA:156,2
DA:157,2
DA:159,2
DA:160,1
DA:161,1
DA:163,1
DA:166,0
DA:167,0
DA:169,2
DA:170,2
DA:171,0
DA:174,2
DA:175,0
DA:180,1
DA:183,2
DA:184,2
DA:185,2
DA:187,2
DA:188,2
DA:189,2
DA:191,2
DA:192,1
DA:196,0
DA:197,0
DA:199,2
DA:200,2
DA:201,0
DA:204,2
DA:205,0
DA:210,1
DA:214,1
LF:102
LH:81
BRDA:15,1,0,1
BRDA:15,1,1,1
BRDA:15,2,0,2
BRDA:15,2,1,2
BRDA:28,3,0,0
BRDA:28,3,1,0
BRDA:28,4,0,0
BRDA:28,4,1,0
BRDA:62,5,0,0
BRDA:62,5,1,2
BRDA:65,6,0,1
BRDA:65,6,1,1
BRDA:65,7,0,2
BRDA:65,7,1,2
BRDA:65,7,2,2
BRDA:65,7,3,2
BRDA:65,7,4,2
BRDA:65,7,5,2
BRDA:65,7,6,1
BRDA:65,7,7,1
BRDA:65,7,8,1
BRDA:82,8,0,1
BRDA:82,8,1,1
BRDA:82,9,0,2
BRDA:82,9,1,1
BRDA:91,10,0,0
BRDA:91,10,1,2
BRDA:91,11,0,2
BRDA:91,11,1,1
BRDA:95,12,0,0
BRDA:95,12,1,2
BRDA:115,13,0,1
BRDA:115,13,1,1
BRDA:127,14,0,0
BRDA:127,14,1,1
BRDA:137,15,0,0
BRDA:137,15,1,2
BRDA:137,16,0,2
BRDA:137,16,1,1
BRDA:141,17,0,0
BRDA:141,17,1,2
BRDA:159,18,0,1
BRDA:159,18,1,1
BRDA:170,19,0,0
BRDA:170,19,1,2
BRDA:170,20,0,2
BRDA:170,20,1,1
BRDA:174,21,0,0
BRDA:174,21,1,2
BRDA:191,22,0,1
BRDA:191,22,1,1
BRDA:200,23,0,0
BRDA:200,23,1,2
BRDA:200,24,0,2
BRDA:200,24,1,1
BRDA:204,25,0,0
BRDA:204,25,1,2
BRF:57
BRH:43
end_of_record
TN:
SF:/home/somto/Andela/We-Connect/lib/server/models/user.js
FNF:0
FNH:0
DA:3,1
DA:6,1
DA:55,1
LF:3
LH:3
BRF:0
BRH:0
end_of_record
TN:
SF:/home/somto/Andela/We-Connect/lib/server/controllers/businesses.js
FN:15,_interopRequireDefault
FN:18,destination
FN:21,filename
FN:26,fileFilter
FN:45,create
FN:63,update
FN:100,destroy
FN:133,retrieve
FN:163,list
FNF:9
FNH:6
FNDA:2,_interopRequireDefault
FNDA:0,destination
FNDA:0,filename
FNDA:0,fileFilter
FNDA:2,create
FNDA:2,update
FNDA:2,destroy
FNDA:2,retrieve
FNDA:8,list
DA:3,1
DA:7,1
DA:9,1
DA:11,1
DA:13,1
DA:15,2
DA:17,1
DA:19,0
DA:22,0
DA:26,1
DA:28,0
DA:29,0
DA:31,0
DA:35,1
DA:43,1
DA:46,2
DA:56,2
DA:57,1
DA:59,1
DA:61,1
DA:64,2
DA:65,2
DA:66,2
DA:68,2
DA:69,2
DA:70,3
DA:72,3
DA:73,1
DA:74,1
DA:75,1
DA:76,1
DA:77,1
DA:78,1
DA:80,1
DA:84,0
DA:85,0
DA:87,2
DA:88,2
DA:89,0
DA:92,2
DA:93,0
DA:98,1
DA:101,2
DA:102,2
DA:103,2
DA:104,2
DA:106,2
DA:107,2
DA:108,2
DA:110,2
DA:111,1
DA:112,1
DA:114,1
DA:117,0
DA:118,0
DA:120,2
DA:121,2
DA:122,0
DA:125,2
DA:126,0
DA:131,1
DA:134,2
DA:135,2
DA:136,2
DA:138,2
DA:139,2
DA:140,2
DA:142,2
DA:143,1
DA:147,0
DA:148,0
DA:150,2
DA:151,2
DA:152,0
DA:155,2
DA:156,0
DA:161,1
DA:164,8
DA:165,2
DA:167,6
DA:168,2
DA:169,2
DA:170,2
DA:171,2
DA:173,2
DA:174,2
DA:175,4
DA:177,4
DA:178,1
DA:182,0
DA:183,0
DA:185,2
DA:186,2
DA:187,0
DA:190,2
DA:191,0
DA:196,2
DA:197,1
DA:200,5
DA:201,2
DA:202,2
DA:203,2
DA:204,2
DA:206,2
DA:207,2
DA:208,2
DA:210,2
DA:211,1
DA:215,0
DA:216,0
DA:218,2
DA:219,2
DA:220,0
DA:223,2
DA:224,0
DA:229,2
DA:230,1
DA:233,4
DA:234,2
DA:235,2
DA:236,2
DA:237,2
DA:239,2
DA:240,2
DA:241,4
DA:243,4
DA:244,2
DA:248,0
DA:249,0
DA:251,2
DA:252,2
DA:253,0
DA:256,2
DA:257,0
DA:262,2
DA:263,1
DA:266,3
DA:270,1
LF:138
LH:109
BRDA:15,1,0,1
BRDA:15,1,1,1
BRDA:15,2,0,2
BRDA:15,2,1,2
BRDA:28,3,0,0
BRDA:28,3,1,0
BRDA:28,4,0,0
BRDA:28,4,1,0
BRDA:53,5,0,0
BRDA:53,5,1,2
BRDA:56,6,0,1
BRDA:56,6,1,1
BRDA:56,7,0,2
BRDA:56,7,1,2
BRDA:56,7,2,2
BRDA:56,7,3,1
BRDA:56,7,4,1
BRDA:72,8,0,1
BRDA:72,8,1,2
BRDA:78,9,0,0
BRDA:78,9,1,1
BRDA:88,10,0,0
BRDA:88,10,1,2
BRDA:88,11,0,2
BRDA:88,11,1,1
BRDA:92,12,0,0
BRDA:92,12,1,2
BRDA:110,13,0,1
BRDA:110,13,1,1
BRDA:121,14,0,0
BRDA:121,14,1,2
BRDA:121,15,0,2
BRDA:121,15,1,1
BRDA:125,16,0,0
BRDA:125,16,1,2
BRDA:142,17,0,1
BRDA:142,17,1,1
BRDA:151,18,0,0
BRDA:151,18,1,2
BRDA:151,19,0,2
BRDA:151,19,1,1
BRDA:155,20,0,0
BRDA:155,20,1,2
BRDA:164,21,0,2
BRDA:164,21,1,6
BRDA:164,22,0,8
BRDA:164,22,1,4
BRDA:167,23,0,2
BRDA:167,23,1,4
BRDA:167,24,0,6
BRDA:167,24,1,4
BRDA:177,25,0,1
BRDA:177,25,1,3
BRDA:186,26,0,0
BRDA:186,26,1,2
BRDA:186,27,0,2
BRDA:186,27,1,0
BRDA:190,28,0,0
BRDA:190,28,1,2
BRDA:196,29,0,1
BRDA:196,29,1,1
BRDA:200,30,0,2
BRDA:200,30,1,3
BRDA:200,31,0,5
BRDA:200,31,1,4
BRDA:210,32,0,1
BRDA:210,32,1,1
BRDA:219,33,0,0
BRDA:219,33,1,2
BRDA:219,34,0,2
BRDA:219,34,1,0
BRDA:223,35,0,0
BRDA:223,35,1,2
BRDA:229,36,0,1
BRDA:229,36,1,1
BRDA:233,37,0,2
BRDA:233,37,1,2
BRDA:233,38,0,4
BRDA:233,38,1,3
BRDA:243,39,0,2
BRDA:243,39,1,2
BRDA:243,40,0,4
BRDA:243,40,1,3
BRDA:252,41,0,0
BRDA:252,41,1,2
BRDA:252,42,0,2
BRDA:252,42,1,0
BRDA:256,43,0,0
BRDA:256,43,1,2
BRDA:262,44,0,1
BRDA:262,44,1,1
BRF:91
BRH:70
end_of_record
TN:
SF:/home/somto/Andela/We-Connect/lib/server/models/business.js
FNF:0
FNH:0
DA:3,1
DA:6,1
DA:31,1
LF:3
LH:3
BRF:0
BRH:0
end_of_record
TN:
SF:/home/somto/Andela/We-Connect/lib/server/controllers/reviews.js
FN:11,_interopRequireDefault
FN:14,create
FN:29,retrieve
FNF:3
FNH:3
FNDA:1,_interopRequireDefault
FNDA:2,create
FNDA:3,retrieve
DA:3,1
DA:7,1
DA:9,1
DA:11,1
DA:13,1
DA:15,2
DA:22,2
DA:23,1
DA:26,1
DA:27,1
DA:30,3
DA:31,3
DA:32,3
DA:33,3
DA:35,3
DA:36,3
DA:37,4
DA:39,4
DA:40,2
DA:44,0
DA:45,0
DA:47,3
DA:48,3
DA:49,0
DA:52,3
DA:53,0
DA:58,3
DA:62,1
LF:28
LH:24
BRDA:11,1,0,1
BRDA:11,1,1,0
BRDA:11,2,0,1
BRDA:11,2,1,1
BRDA:22,3,0,1
BRDA:22,3,1,1
BRDA:22,4,0,2
BRDA:22,4,1,1
BRDA:22,4,2,1
BRDA:39,5,0,2
BRDA:39,5,1,2
BRDA:48,6,0,0
BRDA:48,6,1,3
BRDA:48,7,0,3
BRDA:48,7,1,0
BRDA:52,8,0,0
BRDA:52,8,1,3
BRF:17
BRH:13
end_of_record
TN:
SF:/home/somto/Andela/We-Connect/lib/server/models/review.js
FNF:0
FNH:0
DA:3,1
DA:6,1
DA:22,1
LF:3
LH:3
BRF:0
BRH:0
end_of_record
